[2024-01-03T02:23:53.385+0000] {taskinstance.py:1159} INFO - Dependencies all met for dep_context=non-requeueable deps ti=<TaskInstance: booking_ingestion.print_success_msg scheduled__2024-01-02T00:00:00+00:00 [queued]>
[2024-01-03T02:23:53.401+0000] {taskinstance.py:1159} INFO - Dependencies all met for dep_context=requeueable deps ti=<TaskInstance: booking_ingestion.print_success_msg scheduled__2024-01-02T00:00:00+00:00 [queued]>
[2024-01-03T02:23:53.401+0000] {taskinstance.py:1361} INFO - Starting attempt 1 of 1
[2024-01-03T02:23:53.505+0000] {taskinstance.py:1382} INFO - Executing <Task(_PythonDecoratedOperator): print_success_msg> on 2024-01-02 00:00:00+00:00
[2024-01-03T02:23:53.524+0000] {standard_task_runner.py:57} INFO - Started process 222 to run task
[2024-01-03T02:23:53.544+0000] {standard_task_runner.py:84} INFO - Running: ['***', 'tasks', 'run', 'booking_ingestion', 'print_success_msg', 'scheduled__2024-01-02T00:00:00+00:00', '--job-id', '64', '--raw', '--subdir', 'DAGS_FOLDER/dag_with_postgress_operator2.py', '--cfg-path', '/tmp/tmplkfpeupa']
[2024-01-03T02:23:53.556+0000] {standard_task_runner.py:85} INFO - Job 64: Subtask print_success_msg
[2024-01-03T02:23:53.862+0000] {task_command.py:415} INFO - Running <TaskInstance: booking_ingestion.print_success_msg scheduled__2024-01-02T00:00:00+00:00 [running]> on host 2590655a4ba7
[2024-01-03T02:23:54.602+0000] {taskinstance.py:1660} INFO - Exporting env vars: AIRFLOW_CTX_DAG_OWNER='***' AIRFLOW_CTX_DAG_ID='booking_ingestion' AIRFLOW_CTX_TASK_ID='print_success_msg' AIRFLOW_CTX_EXECUTION_DATE='2024-01-02T00:00:00+00:00' AIRFLOW_CTX_TRY_NUMBER='1' AIRFLOW_CTX_DAG_RUN_ID='scheduled__2024-01-02T00:00:00+00:00'
[2024-01-03T02:23:54.611+0000] {python.py:194} INFO - Done. Returned value was: Succesfully inserted data to booking_record table
[2024-01-03T02:23:54.809+0000] {taskinstance.py:1400} INFO - Marking task as SUCCESS. dag_id=booking_ingestion, task_id=print_success_msg, execution_date=20240102T000000, start_date=20240103T022353, end_date=20240103T022354
[2024-01-03T02:23:55.012+0000] {local_task_job_runner.py:228} INFO - Task exited with return code 0
[2024-01-03T02:23:55.127+0000] {taskinstance.py:2784} INFO - 0 downstream tasks scheduled from follow-on schedule check
[2024-01-03T08:31:05.269+0000] {taskinstance.py:1159} INFO - Dependencies all met for dep_context=non-requeueable deps ti=<TaskInstance: booking_ingestion.print_success_msg scheduled__2024-01-02T00:00:00+00:00 [queued]>
[2024-01-03T08:31:05.333+0000] {taskinstance.py:1159} INFO - Dependencies all met for dep_context=requeueable deps ti=<TaskInstance: booking_ingestion.print_success_msg scheduled__2024-01-02T00:00:00+00:00 [queued]>
[2024-01-03T08:31:05.334+0000] {taskinstance.py:1361} INFO - Starting attempt 1 of 1
[2024-01-03T08:31:05.504+0000] {taskinstance.py:1382} INFO - Executing <Task(_PythonDecoratedOperator): print_success_msg> on 2024-01-02 00:00:00+00:00
[2024-01-03T08:31:05.515+0000] {standard_task_runner.py:57} INFO - Started process 955 to run task
[2024-01-03T08:31:05.525+0000] {standard_task_runner.py:84} INFO - Running: ['***', 'tasks', 'run', 'booking_ingestion', 'print_success_msg', 'scheduled__2024-01-02T00:00:00+00:00', '--job-id', '73', '--raw', '--subdir', 'DAGS_FOLDER/dag_with_postgress_operator1.py', '--cfg-path', '/tmp/tmpbwki5r6j']
[2024-01-03T08:31:05.533+0000] {standard_task_runner.py:85} INFO - Job 73: Subtask print_success_msg
[2024-01-03T08:31:05.972+0000] {task_command.py:415} INFO - Running <TaskInstance: booking_ingestion.print_success_msg scheduled__2024-01-02T00:00:00+00:00 [running]> on host 2590655a4ba7
[2024-01-03T08:31:06.722+0000] {taskinstance.py:1660} INFO - Exporting env vars: AIRFLOW_CTX_DAG_OWNER='***' AIRFLOW_CTX_DAG_ID='booking_ingestion' AIRFLOW_CTX_TASK_ID='print_success_msg' AIRFLOW_CTX_EXECUTION_DATE='2024-01-02T00:00:00+00:00' AIRFLOW_CTX_TRY_NUMBER='1' AIRFLOW_CTX_DAG_RUN_ID='scheduled__2024-01-02T00:00:00+00:00'
[2024-01-03T08:31:06.724+0000] {python.py:194} INFO - Done. Returned value was: Succesfully inserted data to booking_record table
[2024-01-03T08:31:06.955+0000] {taskinstance.py:1400} INFO - Marking task as SUCCESS. dag_id=booking_ingestion, task_id=print_success_msg, execution_date=20240102T000000, start_date=20240103T083105, end_date=20240103T083106
[2024-01-03T08:31:07.089+0000] {local_task_job_runner.py:228} INFO - Task exited with return code 0
[2024-01-03T08:31:07.113+0000] {taskinstance.py:2784} INFO - 0 downstream tasks scheduled from follow-on schedule check
[2024-01-03T14:19:10.113+0000] {taskinstance.py:1159} INFO - Dependencies all met for dep_context=non-requeueable deps ti=<TaskInstance: booking_ingestion.print_success_msg scheduled__2024-01-02T00:00:00+00:00 [queued]>
[2024-01-03T14:19:10.148+0000] {taskinstance.py:1159} INFO - Dependencies all met for dep_context=requeueable deps ti=<TaskInstance: booking_ingestion.print_success_msg scheduled__2024-01-02T00:00:00+00:00 [queued]>
[2024-01-03T14:19:10.149+0000] {taskinstance.py:1361} INFO - Starting attempt 1 of 6
[2024-01-03T14:19:10.192+0000] {taskinstance.py:1382} INFO - Executing <Task(_PythonDecoratedOperator): print_success_msg> on 2024-01-02 00:00:00+00:00
[2024-01-03T14:19:10.201+0000] {standard_task_runner.py:57} INFO - Started process 1933 to run task
[2024-01-03T14:19:10.207+0000] {standard_task_runner.py:84} INFO - Running: ['***', 'tasks', 'run', 'booking_ingestion', 'print_success_msg', 'scheduled__2024-01-02T00:00:00+00:00', '--job-id', '99', '--raw', '--subdir', 'DAGS_FOLDER/dag_with_postgres_operator.py', '--cfg-path', '/tmp/tmp4_5tuci8']
[2024-01-03T14:19:10.212+0000] {standard_task_runner.py:85} INFO - Job 99: Subtask print_success_msg
[2024-01-03T14:19:10.334+0000] {task_command.py:415} INFO - Running <TaskInstance: booking_ingestion.print_success_msg scheduled__2024-01-02T00:00:00+00:00 [running]> on host 1aef81c6d4c5
[2024-01-03T14:19:10.804+0000] {taskinstance.py:1660} INFO - Exporting env vars: AIRFLOW_CTX_DAG_OWNER='***' AIRFLOW_CTX_DAG_ID='booking_ingestion' AIRFLOW_CTX_TASK_ID='print_success_msg' AIRFLOW_CTX_EXECUTION_DATE='2024-01-02T00:00:00+00:00' AIRFLOW_CTX_TRY_NUMBER='1' AIRFLOW_CTX_DAG_RUN_ID='scheduled__2024-01-02T00:00:00+00:00'
[2024-01-03T14:19:10.806+0000] {python.py:194} INFO - Done. Returned value was: Succesfully inserted data to booking_record table
[2024-01-03T14:19:10.868+0000] {taskinstance.py:1400} INFO - Marking task as SUCCESS. dag_id=booking_ingestion, task_id=print_success_msg, execution_date=20240102T000000, start_date=20240103T141910, end_date=20240103T141910
[2024-01-03T14:19:10.949+0000] {local_task_job_runner.py:228} INFO - Task exited with return code 0
[2024-01-03T14:19:10.974+0000] {taskinstance.py:2784} INFO - 0 downstream tasks scheduled from follow-on schedule check
[2024-01-03T14:37:26.378+0000] {taskinstance.py:1159} INFO - Dependencies all met for dep_context=non-requeueable deps ti=<TaskInstance: booking_ingestion.print_success_msg scheduled__2024-01-02T00:00:00+00:00 [queued]>
[2024-01-03T14:37:26.391+0000] {taskinstance.py:1159} INFO - Dependencies all met for dep_context=requeueable deps ti=<TaskInstance: booking_ingestion.print_success_msg scheduled__2024-01-02T00:00:00+00:00 [queued]>
[2024-01-03T14:37:26.391+0000] {taskinstance.py:1361} INFO - Starting attempt 1 of 6
[2024-01-03T14:37:26.437+0000] {taskinstance.py:1382} INFO - Executing <Task(_PythonDecoratedOperator): print_success_msg> on 2024-01-02 00:00:00+00:00
[2024-01-03T14:37:26.444+0000] {standard_task_runner.py:57} INFO - Started process 2471 to run task
[2024-01-03T14:37:26.448+0000] {standard_task_runner.py:84} INFO - Running: ['***', 'tasks', 'run', 'booking_ingestion', 'print_success_msg', 'scheduled__2024-01-02T00:00:00+00:00', '--job-id', '103', '--raw', '--subdir', 'DAGS_FOLDER/dag_with_postgres_operator.py', '--cfg-path', '/tmp/tmplgmqk653']
[2024-01-03T14:37:26.452+0000] {standard_task_runner.py:85} INFO - Job 103: Subtask print_success_msg
[2024-01-03T14:37:26.532+0000] {task_command.py:415} INFO - Running <TaskInstance: booking_ingestion.print_success_msg scheduled__2024-01-02T00:00:00+00:00 [running]> on host 1aef81c6d4c5
[2024-01-03T14:37:26.910+0000] {taskinstance.py:1660} INFO - Exporting env vars: AIRFLOW_CTX_DAG_OWNER='***' AIRFLOW_CTX_DAG_ID='booking_ingestion' AIRFLOW_CTX_TASK_ID='print_success_msg' AIRFLOW_CTX_EXECUTION_DATE='2024-01-02T00:00:00+00:00' AIRFLOW_CTX_TRY_NUMBER='1' AIRFLOW_CTX_DAG_RUN_ID='scheduled__2024-01-02T00:00:00+00:00'
[2024-01-03T14:37:26.912+0000] {python.py:194} INFO - Done. Returned value was: Succesfully inserted data to booking_record table
[2024-01-03T14:37:26.968+0000] {taskinstance.py:1400} INFO - Marking task as SUCCESS. dag_id=booking_ingestion, task_id=print_success_msg, execution_date=20240102T000000, start_date=20240103T143726, end_date=20240103T143726
[2024-01-03T14:37:27.063+0000] {local_task_job_runner.py:228} INFO - Task exited with return code 0
[2024-01-03T14:37:27.089+0000] {taskinstance.py:2784} INFO - 0 downstream tasks scheduled from follow-on schedule check
[2024-01-03T14:39:34.719+0000] {taskinstance.py:1159} INFO - Dependencies all met for dep_context=non-requeueable deps ti=<TaskInstance: booking_ingestion.print_success_msg scheduled__2024-01-02T00:00:00+00:00 [queued]>
[2024-01-03T14:39:34.754+0000] {taskinstance.py:1159} INFO - Dependencies all met for dep_context=requeueable deps ti=<TaskInstance: booking_ingestion.print_success_msg scheduled__2024-01-02T00:00:00+00:00 [queued]>
[2024-01-03T14:39:34.755+0000] {taskinstance.py:1361} INFO - Starting attempt 1 of 6
[2024-01-03T14:39:34.837+0000] {taskinstance.py:1382} INFO - Executing <Task(_PythonDecoratedOperator): print_success_msg> on 2024-01-02 00:00:00+00:00
[2024-01-03T14:39:34.908+0000] {standard_task_runner.py:57} INFO - Started process 2552 to run task
[2024-01-03T14:39:34.916+0000] {standard_task_runner.py:84} INFO - Running: ['***', 'tasks', 'run', 'booking_ingestion', 'print_success_msg', 'scheduled__2024-01-02T00:00:00+00:00', '--job-id', '107', '--raw', '--subdir', 'DAGS_FOLDER/dag_with_postgres_operator.py', '--cfg-path', '/tmp/tmpwfr_mk4i']
[2024-01-03T14:39:34.932+0000] {standard_task_runner.py:85} INFO - Job 107: Subtask print_success_msg
[2024-01-03T14:39:35.057+0000] {task_command.py:415} INFO - Running <TaskInstance: booking_ingestion.print_success_msg scheduled__2024-01-02T00:00:00+00:00 [running]> on host 1aef81c6d4c5
[2024-01-03T14:39:35.494+0000] {taskinstance.py:1660} INFO - Exporting env vars: AIRFLOW_CTX_DAG_OWNER='***' AIRFLOW_CTX_DAG_ID='booking_ingestion' AIRFLOW_CTX_TASK_ID='print_success_msg' AIRFLOW_CTX_EXECUTION_DATE='2024-01-02T00:00:00+00:00' AIRFLOW_CTX_TRY_NUMBER='1' AIRFLOW_CTX_DAG_RUN_ID='scheduled__2024-01-02T00:00:00+00:00'
[2024-01-03T14:39:35.496+0000] {python.py:194} INFO - Done. Returned value was: Succesfully inserted data to booking_record table
[2024-01-03T14:39:35.544+0000] {taskinstance.py:1400} INFO - Marking task as SUCCESS. dag_id=booking_ingestion, task_id=print_success_msg, execution_date=20240102T000000, start_date=20240103T143934, end_date=20240103T143935
[2024-01-03T14:39:35.620+0000] {local_task_job_runner.py:228} INFO - Task exited with return code 0
[2024-01-03T14:39:35.642+0000] {taskinstance.py:2784} INFO - 0 downstream tasks scheduled from follow-on schedule check
[2024-01-03T14:47:58.134+0000] {taskinstance.py:1159} INFO - Dependencies all met for dep_context=non-requeueable deps ti=<TaskInstance: booking_ingestion.print_success_msg scheduled__2024-01-02T00:00:00+00:00 [queued]>
[2024-01-03T14:47:58.148+0000] {taskinstance.py:1159} INFO - Dependencies all met for dep_context=requeueable deps ti=<TaskInstance: booking_ingestion.print_success_msg scheduled__2024-01-02T00:00:00+00:00 [queued]>
[2024-01-03T14:47:58.149+0000] {taskinstance.py:1361} INFO - Starting attempt 1 of 6
[2024-01-03T14:47:58.209+0000] {taskinstance.py:1382} INFO - Executing <Task(_PythonDecoratedOperator): print_success_msg> on 2024-01-02 00:00:00+00:00
[2024-01-03T14:47:58.233+0000] {standard_task_runner.py:57} INFO - Started process 2798 to run task
[2024-01-03T14:47:58.238+0000] {standard_task_runner.py:84} INFO - Running: ['***', 'tasks', 'run', 'booking_ingestion', 'print_success_msg', 'scheduled__2024-01-02T00:00:00+00:00', '--job-id', '111', '--raw', '--subdir', 'DAGS_FOLDER/dag_with_postgres_operator.py', '--cfg-path', '/tmp/tmp90j79sjo']
[2024-01-03T14:47:58.242+0000] {standard_task_runner.py:85} INFO - Job 111: Subtask print_success_msg
[2024-01-03T14:47:59.675+0000] {task_command.py:415} INFO - Running <TaskInstance: booking_ingestion.print_success_msg scheduled__2024-01-02T00:00:00+00:00 [running]> on host 1aef81c6d4c5
[2024-01-03T14:48:00.963+0000] {taskinstance.py:1660} INFO - Exporting env vars: AIRFLOW_CTX_DAG_OWNER='***' AIRFLOW_CTX_DAG_ID='booking_ingestion' AIRFLOW_CTX_TASK_ID='print_success_msg' AIRFLOW_CTX_EXECUTION_DATE='2024-01-02T00:00:00+00:00' AIRFLOW_CTX_TRY_NUMBER='1' AIRFLOW_CTX_DAG_RUN_ID='scheduled__2024-01-02T00:00:00+00:00'
[2024-01-03T14:48:00.964+0000] {python.py:194} INFO - Done. Returned value was: Succesfully inserted data to booking_record table
[2024-01-03T14:48:01.033+0000] {taskinstance.py:1400} INFO - Marking task as SUCCESS. dag_id=booking_ingestion, task_id=print_success_msg, execution_date=20240102T000000, start_date=20240103T144758, end_date=20240103T144801
[2024-01-03T14:48:01.126+0000] {local_task_job_runner.py:228} INFO - Task exited with return code 0
[2024-01-03T14:48:01.149+0000] {taskinstance.py:2784} INFO - 0 downstream tasks scheduled from follow-on schedule check
[2024-01-03T14:49:51.538+0000] {taskinstance.py:1159} INFO - Dependencies all met for dep_context=non-requeueable deps ti=<TaskInstance: booking_ingestion.print_success_msg scheduled__2024-01-02T00:00:00+00:00 [queued]>
[2024-01-03T14:49:51.555+0000] {taskinstance.py:1159} INFO - Dependencies all met for dep_context=requeueable deps ti=<TaskInstance: booking_ingestion.print_success_msg scheduled__2024-01-02T00:00:00+00:00 [queued]>
[2024-01-03T14:49:51.556+0000] {taskinstance.py:1361} INFO - Starting attempt 1 of 6
[2024-01-03T14:49:51.616+0000] {taskinstance.py:1382} INFO - Executing <Task(_PythonDecoratedOperator): print_success_msg> on 2024-01-02 00:00:00+00:00
[2024-01-03T14:49:51.626+0000] {standard_task_runner.py:57} INFO - Started process 2865 to run task
[2024-01-03T14:49:51.636+0000] {standard_task_runner.py:84} INFO - Running: ['***', 'tasks', 'run', 'booking_ingestion', 'print_success_msg', 'scheduled__2024-01-02T00:00:00+00:00', '--job-id', '115', '--raw', '--subdir', 'DAGS_FOLDER/dag_with_postgres_operator.py', '--cfg-path', '/tmp/tmphpavp22t']
[2024-01-03T14:49:51.643+0000] {standard_task_runner.py:85} INFO - Job 115: Subtask print_success_msg
[2024-01-03T14:49:51.813+0000] {task_command.py:415} INFO - Running <TaskInstance: booking_ingestion.print_success_msg scheduled__2024-01-02T00:00:00+00:00 [running]> on host 1aef81c6d4c5
[2024-01-03T14:49:52.347+0000] {taskinstance.py:1660} INFO - Exporting env vars: AIRFLOW_CTX_DAG_OWNER='***' AIRFLOW_CTX_DAG_ID='booking_ingestion' AIRFLOW_CTX_TASK_ID='print_success_msg' AIRFLOW_CTX_EXECUTION_DATE='2024-01-02T00:00:00+00:00' AIRFLOW_CTX_TRY_NUMBER='1' AIRFLOW_CTX_DAG_RUN_ID='scheduled__2024-01-02T00:00:00+00:00'
[2024-01-03T14:49:52.349+0000] {python.py:194} INFO - Done. Returned value was: Succesfully inserted data to booking_record table
[2024-01-03T14:49:52.459+0000] {taskinstance.py:1400} INFO - Marking task as SUCCESS. dag_id=booking_ingestion, task_id=print_success_msg, execution_date=20240102T000000, start_date=20240103T144951, end_date=20240103T144952
[2024-01-03T14:49:52.535+0000] {local_task_job_runner.py:228} INFO - Task exited with return code 0
[2024-01-03T14:49:52.557+0000] {taskinstance.py:2784} INFO - 0 downstream tasks scheduled from follow-on schedule check
[2024-01-03T14:53:40.493+0000] {taskinstance.py:1159} INFO - Dependencies all met for dep_context=non-requeueable deps ti=<TaskInstance: booking_ingestion.print_success_msg scheduled__2024-01-02T00:00:00+00:00 [queued]>
[2024-01-03T14:53:40.507+0000] {taskinstance.py:1159} INFO - Dependencies all met for dep_context=requeueable deps ti=<TaskInstance: booking_ingestion.print_success_msg scheduled__2024-01-02T00:00:00+00:00 [queued]>
[2024-01-03T14:53:40.508+0000] {taskinstance.py:1361} INFO - Starting attempt 1 of 6
[2024-01-03T14:53:40.548+0000] {taskinstance.py:1382} INFO - Executing <Task(_PythonDecoratedOperator): print_success_msg> on 2024-01-02 00:00:00+00:00
[2024-01-03T14:53:40.556+0000] {standard_task_runner.py:57} INFO - Started process 2982 to run task
[2024-01-03T14:53:40.561+0000] {standard_task_runner.py:84} INFO - Running: ['***', 'tasks', 'run', 'booking_ingestion', 'print_success_msg', 'scheduled__2024-01-02T00:00:00+00:00', '--job-id', '119', '--raw', '--subdir', 'DAGS_FOLDER/dag_with_postgres_operator.py', '--cfg-path', '/tmp/tmpeud6ippr']
[2024-01-03T14:53:40.565+0000] {standard_task_runner.py:85} INFO - Job 119: Subtask print_success_msg
[2024-01-03T14:53:40.651+0000] {task_command.py:415} INFO - Running <TaskInstance: booking_ingestion.print_success_msg scheduled__2024-01-02T00:00:00+00:00 [running]> on host 1aef81c6d4c5
[2024-01-03T14:53:40.983+0000] {taskinstance.py:1660} INFO - Exporting env vars: AIRFLOW_CTX_DAG_OWNER='***' AIRFLOW_CTX_DAG_ID='booking_ingestion' AIRFLOW_CTX_TASK_ID='print_success_msg' AIRFLOW_CTX_EXECUTION_DATE='2024-01-02T00:00:00+00:00' AIRFLOW_CTX_TRY_NUMBER='1' AIRFLOW_CTX_DAG_RUN_ID='scheduled__2024-01-02T00:00:00+00:00'
[2024-01-03T14:53:40.985+0000] {python.py:194} INFO - Done. Returned value was: Succesfully inserted data to booking_record table
[2024-01-03T14:53:41.046+0000] {taskinstance.py:1400} INFO - Marking task as SUCCESS. dag_id=booking_ingestion, task_id=print_success_msg, execution_date=20240102T000000, start_date=20240103T145340, end_date=20240103T145341
[2024-01-03T14:53:41.094+0000] {local_task_job_runner.py:228} INFO - Task exited with return code 0
[2024-01-03T14:53:41.118+0000] {taskinstance.py:2784} INFO - 0 downstream tasks scheduled from follow-on schedule check
[2024-01-03T14:57:31.761+0000] {taskinstance.py:1159} INFO - Dependencies all met for dep_context=non-requeueable deps ti=<TaskInstance: booking_ingestion.print_success_msg scheduled__2024-01-02T00:00:00+00:00 [queued]>
[2024-01-03T14:57:31.776+0000] {taskinstance.py:1159} INFO - Dependencies all met for dep_context=requeueable deps ti=<TaskInstance: booking_ingestion.print_success_msg scheduled__2024-01-02T00:00:00+00:00 [queued]>
[2024-01-03T14:57:31.777+0000] {taskinstance.py:1361} INFO - Starting attempt 1 of 6
[2024-01-03T14:57:31.821+0000] {taskinstance.py:1382} INFO - Executing <Task(_PythonDecoratedOperator): print_success_msg> on 2024-01-02 00:00:00+00:00
[2024-01-03T14:57:31.829+0000] {standard_task_runner.py:57} INFO - Started process 3127 to run task
[2024-01-03T14:57:31.833+0000] {standard_task_runner.py:84} INFO - Running: ['***', 'tasks', 'run', 'booking_ingestion', 'print_success_msg', 'scheduled__2024-01-02T00:00:00+00:00', '--job-id', '123', '--raw', '--subdir', 'DAGS_FOLDER/dag_with_postgres_operator.py', '--cfg-path', '/tmp/tmptup_t5su']
[2024-01-03T14:57:31.837+0000] {standard_task_runner.py:85} INFO - Job 123: Subtask print_success_msg
[2024-01-03T14:57:31.937+0000] {task_command.py:415} INFO - Running <TaskInstance: booking_ingestion.print_success_msg scheduled__2024-01-02T00:00:00+00:00 [running]> on host 1aef81c6d4c5
[2024-01-03T14:57:34.537+0000] {taskinstance.py:1660} INFO - Exporting env vars: AIRFLOW_CTX_DAG_OWNER='***' AIRFLOW_CTX_DAG_ID='booking_ingestion' AIRFLOW_CTX_TASK_ID='print_success_msg' AIRFLOW_CTX_EXECUTION_DATE='2024-01-02T00:00:00+00:00' AIRFLOW_CTX_TRY_NUMBER='1' AIRFLOW_CTX_DAG_RUN_ID='scheduled__2024-01-02T00:00:00+00:00'
[2024-01-03T14:57:34.754+0000] {python.py:194} INFO - Done. Returned value was: Succesfully inserted data to booking_record table
[2024-01-03T14:57:35.619+0000] {taskinstance.py:1400} INFO - Marking task as SUCCESS. dag_id=booking_ingestion, task_id=print_success_msg, execution_date=20240102T000000, start_date=20240103T145731, end_date=20240103T145735
[2024-01-03T14:57:36.184+0000] {local_task_job_runner.py:228} INFO - Task exited with return code 0
[2024-01-03T14:57:36.206+0000] {taskinstance.py:2784} INFO - 0 downstream tasks scheduled from follow-on schedule check
[2024-01-03T15:14:15.934+0000] {taskinstance.py:1159} INFO - Dependencies all met for dep_context=non-requeueable deps ti=<TaskInstance: booking_ingestion.print_success_msg scheduled__2024-01-02T00:00:00+00:00 [queued]>
[2024-01-03T15:14:16.006+0000] {taskinstance.py:1159} INFO - Dependencies all met for dep_context=requeueable deps ti=<TaskInstance: booking_ingestion.print_success_msg scheduled__2024-01-02T00:00:00+00:00 [queued]>
[2024-01-03T15:14:16.007+0000] {taskinstance.py:1361} INFO - Starting attempt 1 of 6
[2024-01-03T15:14:16.218+0000] {taskinstance.py:1382} INFO - Executing <Task(_PythonDecoratedOperator): print_success_msg> on 2024-01-02 00:00:00+00:00
[2024-01-03T15:14:16.227+0000] {standard_task_runner.py:57} INFO - Started process 189 to run task
[2024-01-03T15:14:16.230+0000] {standard_task_runner.py:84} INFO - Running: ['***', 'tasks', 'run', 'booking_ingestion', 'print_success_msg', 'scheduled__2024-01-02T00:00:00+00:00', '--job-id', '133', '--raw', '--subdir', 'DAGS_FOLDER/dag_with_postgres_operator.py', '--cfg-path', '/tmp/tmpw1vo4q16']
[2024-01-03T15:14:16.234+0000] {standard_task_runner.py:85} INFO - Job 133: Subtask print_success_msg
[2024-01-03T15:14:16.394+0000] {task_command.py:415} INFO - Running <TaskInstance: booking_ingestion.print_success_msg scheduled__2024-01-02T00:00:00+00:00 [running]> on host 1aef81c6d4c5
[2024-01-03T15:14:16.853+0000] {taskinstance.py:1660} INFO - Exporting env vars: AIRFLOW_CTX_DAG_OWNER='***' AIRFLOW_CTX_DAG_ID='booking_ingestion' AIRFLOW_CTX_TASK_ID='print_success_msg' AIRFLOW_CTX_EXECUTION_DATE='2024-01-02T00:00:00+00:00' AIRFLOW_CTX_TRY_NUMBER='1' AIRFLOW_CTX_DAG_RUN_ID='scheduled__2024-01-02T00:00:00+00:00'
[2024-01-03T15:14:16.855+0000] {python.py:194} INFO - Done. Returned value was: Succesfully inserted data to booking_record table
[2024-01-03T15:14:16.928+0000] {taskinstance.py:1400} INFO - Marking task as SUCCESS. dag_id=booking_ingestion, task_id=print_success_msg, execution_date=20240102T000000, start_date=20240103T151415, end_date=20240103T151416
[2024-01-03T15:14:17.046+0000] {local_task_job_runner.py:228} INFO - Task exited with return code 0
[2024-01-03T15:14:17.070+0000] {taskinstance.py:2784} INFO - 0 downstream tasks scheduled from follow-on schedule check
[2024-01-03T15:16:13.363+0000] {taskinstance.py:1159} INFO - Dependencies all met for dep_context=non-requeueable deps ti=<TaskInstance: booking_ingestion.print_success_msg scheduled__2024-01-02T00:00:00+00:00 [queued]>
[2024-01-03T15:16:13.660+0000] {taskinstance.py:1159} INFO - Dependencies all met for dep_context=requeueable deps ti=<TaskInstance: booking_ingestion.print_success_msg scheduled__2024-01-02T00:00:00+00:00 [queued]>
[2024-01-03T15:16:13.661+0000] {taskinstance.py:1361} INFO - Starting attempt 1 of 6
[2024-01-03T15:16:13.769+0000] {taskinstance.py:1382} INFO - Executing <Task(_PythonDecoratedOperator): print_success_msg> on 2024-01-02 00:00:00+00:00
[2024-01-03T15:16:13.776+0000] {standard_task_runner.py:57} INFO - Started process 253 to run task
[2024-01-03T15:16:13.780+0000] {standard_task_runner.py:84} INFO - Running: ['***', 'tasks', 'run', 'booking_ingestion', 'print_success_msg', 'scheduled__2024-01-02T00:00:00+00:00', '--job-id', '137', '--raw', '--subdir', 'DAGS_FOLDER/dag_with_postgres_operator.py', '--cfg-path', '/tmp/tmpx1lyp820']
[2024-01-03T15:16:13.784+0000] {standard_task_runner.py:85} INFO - Job 137: Subtask print_success_msg
[2024-01-03T15:16:13.883+0000] {task_command.py:415} INFO - Running <TaskInstance: booking_ingestion.print_success_msg scheduled__2024-01-02T00:00:00+00:00 [running]> on host 1aef81c6d4c5
[2024-01-03T15:16:14.304+0000] {taskinstance.py:1660} INFO - Exporting env vars: AIRFLOW_CTX_DAG_OWNER='***' AIRFLOW_CTX_DAG_ID='booking_ingestion' AIRFLOW_CTX_TASK_ID='print_success_msg' AIRFLOW_CTX_EXECUTION_DATE='2024-01-02T00:00:00+00:00' AIRFLOW_CTX_TRY_NUMBER='1' AIRFLOW_CTX_DAG_RUN_ID='scheduled__2024-01-02T00:00:00+00:00'
[2024-01-03T15:16:14.309+0000] {python.py:194} INFO - Done. Returned value was: Succesfully inserted data to booking_record table
[2024-01-03T15:16:14.383+0000] {taskinstance.py:1400} INFO - Marking task as SUCCESS. dag_id=booking_ingestion, task_id=print_success_msg, execution_date=20240102T000000, start_date=20240103T151613, end_date=20240103T151614
[2024-01-03T15:16:14.517+0000] {local_task_job_runner.py:228} INFO - Task exited with return code 0
[2024-01-03T15:16:14.565+0000] {taskinstance.py:2784} INFO - 0 downstream tasks scheduled from follow-on schedule check
[2024-01-03T15:34:05.831+0000] {taskinstance.py:1159} INFO - Dependencies all met for dep_context=non-requeueable deps ti=<TaskInstance: booking_ingestion.print_success_msg scheduled__2024-01-02T00:00:00+00:00 [queued]>
[2024-01-03T15:34:05.859+0000] {taskinstance.py:1159} INFO - Dependencies all met for dep_context=requeueable deps ti=<TaskInstance: booking_ingestion.print_success_msg scheduled__2024-01-02T00:00:00+00:00 [queued]>
[2024-01-03T15:34:05.860+0000] {taskinstance.py:1361} INFO - Starting attempt 1 of 6
[2024-01-03T15:34:05.920+0000] {taskinstance.py:1382} INFO - Executing <Task(_PythonDecoratedOperator): print_success_msg> on 2024-01-02 00:00:00+00:00
[2024-01-03T15:34:05.927+0000] {standard_task_runner.py:57} INFO - Started process 213 to run task
[2024-01-03T15:34:05.935+0000] {standard_task_runner.py:84} INFO - Running: ['***', 'tasks', 'run', 'booking_ingestion', 'print_success_msg', 'scheduled__2024-01-02T00:00:00+00:00', '--job-id', '143', '--raw', '--subdir', 'DAGS_FOLDER/dag_with_postgres_operator.py', '--cfg-path', '/tmp/tmp0kvlyk2r']
[2024-01-03T15:34:05.939+0000] {standard_task_runner.py:85} INFO - Job 143: Subtask print_success_msg
[2024-01-03T15:34:06.056+0000] {task_command.py:415} INFO - Running <TaskInstance: booking_ingestion.print_success_msg scheduled__2024-01-02T00:00:00+00:00 [running]> on host 1aef81c6d4c5
[2024-01-03T15:34:06.657+0000] {taskinstance.py:1660} INFO - Exporting env vars: AIRFLOW_CTX_DAG_OWNER='***' AIRFLOW_CTX_DAG_ID='booking_ingestion' AIRFLOW_CTX_TASK_ID='print_success_msg' AIRFLOW_CTX_EXECUTION_DATE='2024-01-02T00:00:00+00:00' AIRFLOW_CTX_TRY_NUMBER='1' AIRFLOW_CTX_DAG_RUN_ID='scheduled__2024-01-02T00:00:00+00:00'
[2024-01-03T15:34:06.659+0000] {python.py:194} INFO - Done. Returned value was: Succesfully inserted data to booking_record table
[2024-01-03T15:34:06.711+0000] {taskinstance.py:1400} INFO - Marking task as SUCCESS. dag_id=booking_ingestion, task_id=print_success_msg, execution_date=20240102T000000, start_date=20240103T153405, end_date=20240103T153406
[2024-01-03T15:34:06.809+0000] {local_task_job_runner.py:228} INFO - Task exited with return code 0
[2024-01-03T15:34:06.851+0000] {taskinstance.py:2784} INFO - 0 downstream tasks scheduled from follow-on schedule check
[2024-01-03T17:41:13.018+0000] {logging_mixin.py:151} INFO - Changing /opt/***/logs/dag_id=booking_ingestion/run_id=scheduled__2024-01-02T00:00:00+00:00/task_id=print_success_msg permission to 509
[2024-01-03T17:41:13.152+0000] {logging_mixin.py:151} INFO - Failed to change /opt/***/logs/dag_id=booking_ingestion/run_id=scheduled__2024-01-02T00:00:00+00:00/task_id=print_success_msg permission to 509: [Errno 1] Operation not permitted: '/opt/***/logs/dag_id=booking_ingestion/run_id=scheduled__2024-01-02T00:00:00+00:00/task_id=print_success_msg'
[2024-01-03T17:41:14.280+0000] {logging_mixin.py:151} INFO - Changing /opt/***/logs/dag_id=booking_ingestion/run_id=scheduled__2024-01-02T00:00:00+00:00/task_id=print_success_msg permission to 509
[2024-01-03T17:41:14.282+0000] {logging_mixin.py:151} INFO - Failed to change /opt/***/logs/dag_id=booking_ingestion/run_id=scheduled__2024-01-02T00:00:00+00:00/task_id=print_success_msg permission to 509: [Errno 1] Operation not permitted: '/opt/***/logs/dag_id=booking_ingestion/run_id=scheduled__2024-01-02T00:00:00+00:00/task_id=print_success_msg'
[2024-01-03T17:41:14.381+0000] {taskinstance.py:1159} INFO - Dependencies all met for dep_context=non-requeueable deps ti=<TaskInstance: booking_ingestion.print_success_msg scheduled__2024-01-02T00:00:00+00:00 [queued]>
[2024-01-03T17:41:14.400+0000] {taskinstance.py:1159} INFO - Dependencies all met for dep_context=requeueable deps ti=<TaskInstance: booking_ingestion.print_success_msg scheduled__2024-01-02T00:00:00+00:00 [queued]>
[2024-01-03T17:41:14.401+0000] {taskinstance.py:1361} INFO - Starting attempt 1 of 6
[2024-01-03T17:41:14.868+0000] {taskinstance.py:1382} INFO - Executing <Task(_PythonDecoratedOperator): print_success_msg> on 2024-01-02 00:00:00+00:00
[2024-01-03T17:41:14.878+0000] {standard_task_runner.py:57} INFO - Started process 200 to run task
[2024-01-03T17:41:14.884+0000] {standard_task_runner.py:84} INFO - Running: ['***', 'tasks', 'run', 'booking_ingestion', 'print_success_msg', 'scheduled__2024-01-02T00:00:00+00:00', '--job-id', '7', '--raw', '--subdir', 'DAGS_FOLDER/dag_with_postgres_operator.py', '--cfg-path', '/tmp/tmphnmbekcw']
[2024-01-03T17:41:14.889+0000] {standard_task_runner.py:85} INFO - Job 7: Subtask print_success_msg
[2024-01-03T17:41:16.192+0000] {logging_mixin.py:151} INFO - Changing /opt/***/logs/dag_id=booking_ingestion/run_id=scheduled__2024-01-02T00:00:00+00:00/task_id=print_success_msg permission to 509
[2024-01-03T17:41:16.193+0000] {logging_mixin.py:151} INFO - Failed to change /opt/***/logs/dag_id=booking_ingestion/run_id=scheduled__2024-01-02T00:00:00+00:00/task_id=print_success_msg permission to 509: [Errno 1] Operation not permitted: '/opt/***/logs/dag_id=booking_ingestion/run_id=scheduled__2024-01-02T00:00:00+00:00/task_id=print_success_msg'
[2024-01-03T17:41:16.197+0000] {task_command.py:415} INFO - Running <TaskInstance: booking_ingestion.print_success_msg scheduled__2024-01-02T00:00:00+00:00 [running]> on host 7bf68de21308
[2024-01-03T17:41:17.329+0000] {taskinstance.py:1660} INFO - Exporting env vars: AIRFLOW_CTX_DAG_OWNER='***' AIRFLOW_CTX_DAG_ID='booking_ingestion' AIRFLOW_CTX_TASK_ID='print_success_msg' AIRFLOW_CTX_EXECUTION_DATE='2024-01-02T00:00:00+00:00' AIRFLOW_CTX_TRY_NUMBER='1' AIRFLOW_CTX_DAG_RUN_ID='scheduled__2024-01-02T00:00:00+00:00'
[2024-01-03T17:41:17.372+0000] {python.py:194} INFO - Done. Returned value was: Succesfully inserted data to booking_record table
[2024-01-03T17:41:17.533+0000] {taskinstance.py:1400} INFO - Marking task as SUCCESS. dag_id=booking_ingestion, task_id=print_success_msg, execution_date=20240102T000000, start_date=20240103T174114, end_date=20240103T174117
[2024-01-03T17:41:17.733+0000] {local_task_job_runner.py:228} INFO - Task exited with return code 0
[2024-01-03T17:41:17.763+0000] {taskinstance.py:2784} INFO - 0 downstream tasks scheduled from follow-on schedule check
[2024-01-03T17:46:35.004+0000] {logging_mixin.py:151} INFO - Changing /opt/***/logs/dag_id=booking_ingestion/run_id=scheduled__2024-01-02T00:00:00+00:00/task_id=print_success_msg permission to 509
[2024-01-03T17:46:35.005+0000] {logging_mixin.py:151} INFO - Failed to change /opt/***/logs/dag_id=booking_ingestion/run_id=scheduled__2024-01-02T00:00:00+00:00/task_id=print_success_msg permission to 509: [Errno 1] Operation not permitted: '/opt/***/logs/dag_id=booking_ingestion/run_id=scheduled__2024-01-02T00:00:00+00:00/task_id=print_success_msg'
[2024-01-03T17:46:35.092+0000] {logging_mixin.py:151} INFO - Changing /opt/***/logs/dag_id=booking_ingestion/run_id=scheduled__2024-01-02T00:00:00+00:00/task_id=print_success_msg permission to 509
[2024-01-03T17:46:35.093+0000] {logging_mixin.py:151} INFO - Failed to change /opt/***/logs/dag_id=booking_ingestion/run_id=scheduled__2024-01-02T00:00:00+00:00/task_id=print_success_msg permission to 509: [Errno 1] Operation not permitted: '/opt/***/logs/dag_id=booking_ingestion/run_id=scheduled__2024-01-02T00:00:00+00:00/task_id=print_success_msg'
[2024-01-03T17:46:35.165+0000] {taskinstance.py:1159} INFO - Dependencies all met for dep_context=non-requeueable deps ti=<TaskInstance: booking_ingestion.print_success_msg scheduled__2024-01-02T00:00:00+00:00 [queued]>
[2024-01-03T17:46:35.193+0000] {taskinstance.py:1159} INFO - Dependencies all met for dep_context=requeueable deps ti=<TaskInstance: booking_ingestion.print_success_msg scheduled__2024-01-02T00:00:00+00:00 [queued]>
[2024-01-03T17:46:35.193+0000] {taskinstance.py:1361} INFO - Starting attempt 1 of 6
[2024-01-03T17:46:35.253+0000] {taskinstance.py:1382} INFO - Executing <Task(_PythonDecoratedOperator): print_success_msg> on 2024-01-02 00:00:00+00:00
[2024-01-03T17:46:35.530+0000] {standard_task_runner.py:57} INFO - Started process 341 to run task
[2024-01-03T17:46:35.536+0000] {standard_task_runner.py:84} INFO - Running: ['***', 'tasks', 'run', 'booking_ingestion', 'print_success_msg', 'scheduled__2024-01-02T00:00:00+00:00', '--job-id', '10', '--raw', '--subdir', 'DAGS_FOLDER/dag_with_postgres_operator.py', '--cfg-path', '/tmp/tmp4e1q90s2']
[2024-01-03T17:46:35.541+0000] {standard_task_runner.py:85} INFO - Job 10: Subtask print_success_msg
[2024-01-03T17:46:35.675+0000] {logging_mixin.py:151} INFO - Changing /opt/***/logs/dag_id=booking_ingestion/run_id=scheduled__2024-01-02T00:00:00+00:00/task_id=print_success_msg permission to 509
[2024-01-03T17:46:35.676+0000] {logging_mixin.py:151} INFO - Failed to change /opt/***/logs/dag_id=booking_ingestion/run_id=scheduled__2024-01-02T00:00:00+00:00/task_id=print_success_msg permission to 509: [Errno 1] Operation not permitted: '/opt/***/logs/dag_id=booking_ingestion/run_id=scheduled__2024-01-02T00:00:00+00:00/task_id=print_success_msg'
[2024-01-03T17:46:35.680+0000] {task_command.py:415} INFO - Running <TaskInstance: booking_ingestion.print_success_msg scheduled__2024-01-02T00:00:00+00:00 [running]> on host 7bf68de21308
[2024-01-03T17:46:36.225+0000] {taskinstance.py:1660} INFO - Exporting env vars: AIRFLOW_CTX_DAG_OWNER='***' AIRFLOW_CTX_DAG_ID='booking_ingestion' AIRFLOW_CTX_TASK_ID='print_success_msg' AIRFLOW_CTX_EXECUTION_DATE='2024-01-02T00:00:00+00:00' AIRFLOW_CTX_TRY_NUMBER='1' AIRFLOW_CTX_DAG_RUN_ID='scheduled__2024-01-02T00:00:00+00:00'
[2024-01-03T17:46:36.229+0000] {python.py:194} INFO - Done. Returned value was: Succesfully inserted data to booking_record table
[2024-01-03T17:46:36.305+0000] {taskinstance.py:1400} INFO - Marking task as SUCCESS. dag_id=booking_ingestion, task_id=print_success_msg, execution_date=20240102T000000, start_date=20240103T174635, end_date=20240103T174636
[2024-01-03T17:46:36.392+0000] {local_task_job_runner.py:228} INFO - Task exited with return code 0
[2024-01-03T17:46:36.421+0000] {taskinstance.py:2784} INFO - 0 downstream tasks scheduled from follow-on schedule check
[2024-01-03T20:05:19.737+0000] {logging_mixin.py:151} INFO - Changing /opt/***/logs/dag_id=booking_ingestion/run_id=scheduled__2024-01-02T00:00:00+00:00/task_id=print_success_msg permission to 509
[2024-01-03T20:05:19.746+0000] {logging_mixin.py:151} INFO - Failed to change /opt/***/logs/dag_id=booking_ingestion/run_id=scheduled__2024-01-02T00:00:00+00:00/task_id=print_success_msg permission to 509: [Errno 1] Operation not permitted: '/opt/***/logs/dag_id=booking_ingestion/run_id=scheduled__2024-01-02T00:00:00+00:00/task_id=print_success_msg'
[2024-01-03T20:05:19.825+0000] {logging_mixin.py:151} INFO - Changing /opt/***/logs/dag_id=booking_ingestion/run_id=scheduled__2024-01-02T00:00:00+00:00/task_id=print_success_msg permission to 509
[2024-01-03T20:05:19.830+0000] {logging_mixin.py:151} INFO - Failed to change /opt/***/logs/dag_id=booking_ingestion/run_id=scheduled__2024-01-02T00:00:00+00:00/task_id=print_success_msg permission to 509: [Errno 1] Operation not permitted: '/opt/***/logs/dag_id=booking_ingestion/run_id=scheduled__2024-01-02T00:00:00+00:00/task_id=print_success_msg'
[2024-01-03T20:05:19.891+0000] {taskinstance.py:1159} INFO - Dependencies all met for dep_context=non-requeueable deps ti=<TaskInstance: booking_ingestion.print_success_msg scheduled__2024-01-02T00:00:00+00:00 [queued]>
[2024-01-03T20:05:19.909+0000] {taskinstance.py:1159} INFO - Dependencies all met for dep_context=requeueable deps ti=<TaskInstance: booking_ingestion.print_success_msg scheduled__2024-01-02T00:00:00+00:00 [queued]>
[2024-01-03T20:05:19.910+0000] {taskinstance.py:1361} INFO - Starting attempt 1 of 6
[2024-01-03T20:05:19.954+0000] {taskinstance.py:1382} INFO - Executing <Task(_PythonDecoratedOperator): print_success_msg> on 2024-01-02 00:00:00+00:00
[2024-01-03T20:05:19.963+0000] {standard_task_runner.py:57} INFO - Started process 3940 to run task
[2024-01-03T20:05:19.968+0000] {standard_task_runner.py:84} INFO - Running: ['***', 'tasks', 'run', 'booking_ingestion', 'print_success_msg', 'scheduled__2024-01-02T00:00:00+00:00', '--job-id', '35', '--raw', '--subdir', 'DAGS_FOLDER/dag_with_postgres_operator.py', '--cfg-path', '/tmp/tmpome1oher']
[2024-01-03T20:05:19.974+0000] {standard_task_runner.py:85} INFO - Job 35: Subtask print_success_msg
[2024-01-03T20:05:20.100+0000] {logging_mixin.py:151} INFO - Changing /opt/***/logs/dag_id=booking_ingestion/run_id=scheduled__2024-01-02T00:00:00+00:00/task_id=print_success_msg permission to 509
[2024-01-03T20:05:20.101+0000] {logging_mixin.py:151} INFO - Failed to change /opt/***/logs/dag_id=booking_ingestion/run_id=scheduled__2024-01-02T00:00:00+00:00/task_id=print_success_msg permission to 509: [Errno 1] Operation not permitted: '/opt/***/logs/dag_id=booking_ingestion/run_id=scheduled__2024-01-02T00:00:00+00:00/task_id=print_success_msg'
[2024-01-03T20:05:20.104+0000] {task_command.py:415} INFO - Running <TaskInstance: booking_ingestion.print_success_msg scheduled__2024-01-02T00:00:00+00:00 [running]> on host 7bf68de21308
[2024-01-03T20:05:32.787+0000] {taskinstance.py:1660} INFO - Exporting env vars: AIRFLOW_CTX_DAG_OWNER='***' AIRFLOW_CTX_DAG_ID='booking_ingestion' AIRFLOW_CTX_TASK_ID='print_success_msg' AIRFLOW_CTX_EXECUTION_DATE='2024-01-02T00:00:00+00:00' AIRFLOW_CTX_TRY_NUMBER='1' AIRFLOW_CTX_DAG_RUN_ID='scheduled__2024-01-02T00:00:00+00:00'
[2024-01-03T20:05:32.795+0000] {python.py:194} INFO - Done. Returned value was: Succesfully inserted data to booking_record table
[2024-01-03T20:05:33.272+0000] {taskinstance.py:1400} INFO - Marking task as SUCCESS. dag_id=booking_ingestion, task_id=print_success_msg, execution_date=20240102T000000, start_date=20240103T200519, end_date=20240103T200533
[2024-01-03T20:05:33.415+0000] {local_task_job_runner.py:228} INFO - Task exited with return code 0
[2024-01-03T20:05:33.440+0000] {taskinstance.py:2784} INFO - 0 downstream tasks scheduled from follow-on schedule check
[2024-01-03T20:11:18.655+0000] {logging_mixin.py:151} INFO - Changing /opt/***/logs/dag_id=booking_ingestion/run_id=scheduled__2024-01-02T00:00:00+00:00/task_id=print_success_msg permission to 509
[2024-01-03T20:11:18.656+0000] {logging_mixin.py:151} INFO - Failed to change /opt/***/logs/dag_id=booking_ingestion/run_id=scheduled__2024-01-02T00:00:00+00:00/task_id=print_success_msg permission to 509: [Errno 1] Operation not permitted: '/opt/***/logs/dag_id=booking_ingestion/run_id=scheduled__2024-01-02T00:00:00+00:00/task_id=print_success_msg'
[2024-01-03T20:11:18.729+0000] {logging_mixin.py:151} INFO - Changing /opt/***/logs/dag_id=booking_ingestion/run_id=scheduled__2024-01-02T00:00:00+00:00/task_id=print_success_msg permission to 509
[2024-01-03T20:11:18.729+0000] {logging_mixin.py:151} INFO - Failed to change /opt/***/logs/dag_id=booking_ingestion/run_id=scheduled__2024-01-02T00:00:00+00:00/task_id=print_success_msg permission to 509: [Errno 1] Operation not permitted: '/opt/***/logs/dag_id=booking_ingestion/run_id=scheduled__2024-01-02T00:00:00+00:00/task_id=print_success_msg'
[2024-01-03T20:11:18.781+0000] {taskinstance.py:1159} INFO - Dependencies all met for dep_context=non-requeueable deps ti=<TaskInstance: booking_ingestion.print_success_msg scheduled__2024-01-02T00:00:00+00:00 [queued]>
[2024-01-03T20:11:18.794+0000] {taskinstance.py:1159} INFO - Dependencies all met for dep_context=requeueable deps ti=<TaskInstance: booking_ingestion.print_success_msg scheduled__2024-01-02T00:00:00+00:00 [queued]>
[2024-01-03T20:11:18.795+0000] {taskinstance.py:1361} INFO - Starting attempt 1 of 6
[2024-01-03T20:11:18.844+0000] {taskinstance.py:1382} INFO - Executing <Task(_PythonDecoratedOperator): print_success_msg> on 2024-01-02 00:00:00+00:00
[2024-01-03T20:11:18.852+0000] {standard_task_runner.py:57} INFO - Started process 4117 to run task
[2024-01-03T20:11:18.857+0000] {standard_task_runner.py:84} INFO - Running: ['***', 'tasks', 'run', 'booking_ingestion', 'print_success_msg', 'scheduled__2024-01-02T00:00:00+00:00', '--job-id', '39', '--raw', '--subdir', 'DAGS_FOLDER/dag_with_postgres_operator.py', '--cfg-path', '/tmp/tmpl8py_iue']
[2024-01-03T20:11:18.861+0000] {standard_task_runner.py:85} INFO - Job 39: Subtask print_success_msg
[2024-01-03T20:11:18.957+0000] {logging_mixin.py:151} INFO - Changing /opt/***/logs/dag_id=booking_ingestion/run_id=scheduled__2024-01-02T00:00:00+00:00/task_id=print_success_msg permission to 509
[2024-01-03T20:11:18.958+0000] {logging_mixin.py:151} INFO - Failed to change /opt/***/logs/dag_id=booking_ingestion/run_id=scheduled__2024-01-02T00:00:00+00:00/task_id=print_success_msg permission to 509: [Errno 1] Operation not permitted: '/opt/***/logs/dag_id=booking_ingestion/run_id=scheduled__2024-01-02T00:00:00+00:00/task_id=print_success_msg'
[2024-01-03T20:11:18.960+0000] {task_command.py:415} INFO - Running <TaskInstance: booking_ingestion.print_success_msg scheduled__2024-01-02T00:00:00+00:00 [running]> on host 7bf68de21308
[2024-01-03T20:11:19.300+0000] {taskinstance.py:1660} INFO - Exporting env vars: AIRFLOW_CTX_DAG_OWNER='***' AIRFLOW_CTX_DAG_ID='booking_ingestion' AIRFLOW_CTX_TASK_ID='print_success_msg' AIRFLOW_CTX_EXECUTION_DATE='2024-01-02T00:00:00+00:00' AIRFLOW_CTX_TRY_NUMBER='1' AIRFLOW_CTX_DAG_RUN_ID='scheduled__2024-01-02T00:00:00+00:00'
[2024-01-03T20:11:19.302+0000] {python.py:194} INFO - Done. Returned value was: Succesfully inserted data to booking_record table
[2024-01-03T20:11:19.351+0000] {taskinstance.py:1400} INFO - Marking task as SUCCESS. dag_id=booking_ingestion, task_id=print_success_msg, execution_date=20240102T000000, start_date=20240103T201118, end_date=20240103T201119
[2024-01-03T20:11:19.433+0000] {local_task_job_runner.py:228} INFO - Task exited with return code 0
[2024-01-03T20:11:19.468+0000] {taskinstance.py:2784} INFO - 0 downstream tasks scheduled from follow-on schedule check
[2024-01-03T20:17:31.233+0000] {logging_mixin.py:151} INFO - Changing /opt/***/logs/dag_id=booking_ingestion/run_id=scheduled__2024-01-02T00:00:00+00:00/task_id=print_success_msg permission to 509
[2024-01-03T20:17:31.234+0000] {logging_mixin.py:151} INFO - Failed to change /opt/***/logs/dag_id=booking_ingestion/run_id=scheduled__2024-01-02T00:00:00+00:00/task_id=print_success_msg permission to 509: [Errno 1] Operation not permitted: '/opt/***/logs/dag_id=booking_ingestion/run_id=scheduled__2024-01-02T00:00:00+00:00/task_id=print_success_msg'
[2024-01-03T20:17:31.296+0000] {logging_mixin.py:151} INFO - Changing /opt/***/logs/dag_id=booking_ingestion/run_id=scheduled__2024-01-02T00:00:00+00:00/task_id=print_success_msg permission to 509
[2024-01-03T20:17:31.297+0000] {logging_mixin.py:151} INFO - Failed to change /opt/***/logs/dag_id=booking_ingestion/run_id=scheduled__2024-01-02T00:00:00+00:00/task_id=print_success_msg permission to 509: [Errno 1] Operation not permitted: '/opt/***/logs/dag_id=booking_ingestion/run_id=scheduled__2024-01-02T00:00:00+00:00/task_id=print_success_msg'
[2024-01-03T20:17:31.352+0000] {taskinstance.py:1159} INFO - Dependencies all met for dep_context=non-requeueable deps ti=<TaskInstance: booking_ingestion.print_success_msg scheduled__2024-01-02T00:00:00+00:00 [queued]>
[2024-01-03T20:17:31.366+0000] {taskinstance.py:1159} INFO - Dependencies all met for dep_context=requeueable deps ti=<TaskInstance: booking_ingestion.print_success_msg scheduled__2024-01-02T00:00:00+00:00 [queued]>
[2024-01-03T20:17:31.367+0000] {taskinstance.py:1361} INFO - Starting attempt 1 of 6
[2024-01-03T20:17:31.407+0000] {taskinstance.py:1382} INFO - Executing <Task(_PythonDecoratedOperator): print_success_msg> on 2024-01-02 00:00:00+00:00
[2024-01-03T20:17:31.415+0000] {standard_task_runner.py:57} INFO - Started process 4315 to run task
[2024-01-03T20:17:31.419+0000] {standard_task_runner.py:84} INFO - Running: ['***', 'tasks', 'run', 'booking_ingestion', 'print_success_msg', 'scheduled__2024-01-02T00:00:00+00:00', '--job-id', '43', '--raw', '--subdir', 'DAGS_FOLDER/dag_with_postgres_operator.py', '--cfg-path', '/tmp/tmpxoze3ph6']
[2024-01-03T20:17:31.422+0000] {standard_task_runner.py:85} INFO - Job 43: Subtask print_success_msg
[2024-01-03T20:17:31.523+0000] {logging_mixin.py:151} INFO - Changing /opt/***/logs/dag_id=booking_ingestion/run_id=scheduled__2024-01-02T00:00:00+00:00/task_id=print_success_msg permission to 509
[2024-01-03T20:17:31.524+0000] {logging_mixin.py:151} INFO - Failed to change /opt/***/logs/dag_id=booking_ingestion/run_id=scheduled__2024-01-02T00:00:00+00:00/task_id=print_success_msg permission to 509: [Errno 1] Operation not permitted: '/opt/***/logs/dag_id=booking_ingestion/run_id=scheduled__2024-01-02T00:00:00+00:00/task_id=print_success_msg'
[2024-01-03T20:17:31.528+0000] {task_command.py:415} INFO - Running <TaskInstance: booking_ingestion.print_success_msg scheduled__2024-01-02T00:00:00+00:00 [running]> on host 7bf68de21308
[2024-01-03T20:17:31.873+0000] {taskinstance.py:1660} INFO - Exporting env vars: AIRFLOW_CTX_DAG_OWNER='***' AIRFLOW_CTX_DAG_ID='booking_ingestion' AIRFLOW_CTX_TASK_ID='print_success_msg' AIRFLOW_CTX_EXECUTION_DATE='2024-01-02T00:00:00+00:00' AIRFLOW_CTX_TRY_NUMBER='1' AIRFLOW_CTX_DAG_RUN_ID='scheduled__2024-01-02T00:00:00+00:00'
[2024-01-03T20:17:31.875+0000] {python.py:194} INFO - Done. Returned value was: Succesfully inserted data to booking_record table
[2024-01-03T20:17:31.928+0000] {taskinstance.py:1400} INFO - Marking task as SUCCESS. dag_id=booking_ingestion, task_id=print_success_msg, execution_date=20240102T000000, start_date=20240103T201731, end_date=20240103T201731
[2024-01-03T20:17:32.033+0000] {local_task_job_runner.py:228} INFO - Task exited with return code 0
[2024-01-03T20:17:32.057+0000] {taskinstance.py:2784} INFO - 0 downstream tasks scheduled from follow-on schedule check
