[2024-01-04T03:16:52.060+0000] {processor.py:157} INFO - Started process (PID=185) to work on /opt/airflow/dags/dag_with_postgres_operator.py
[2024-01-04T03:16:52.065+0000] {processor.py:829} INFO - Processing file /opt/airflow/dags/dag_with_postgres_operator.py for tasks to queue
[2024-01-04T03:16:52.070+0000] {logging_mixin.py:151} INFO - [2024-01-04T03:16:52.069+0000] {dagbag.py:539} INFO - Filling up the DagBag from /opt/airflow/dags/dag_with_postgres_operator.py
[2024-01-04T03:17:11.140+0000] {logging_mixin.py:151} INFO - [2024-01-04T03:17:11.138+0000] {base.py:73} INFO - Using connection ID 'postgres_localhost' for task execution.
[2024-01-04T03:17:11.320+0000] {processor.py:839} INFO - DAG(s) dict_keys(['booking_ingestion']) retrieved from /opt/airflow/dags/dag_with_postgres_operator.py
[2024-01-04T03:17:11.813+0000] {logging_mixin.py:151} INFO - [2024-01-04T03:17:11.813+0000] {dag.py:2907} INFO - Sync 1 DAGs
[2024-01-04T03:17:11.938+0000] {logging_mixin.py:151} INFO - [2024-01-04T03:17:11.937+0000] {dag.py:3677} INFO - Setting next_dagrun for booking_ingestion to 2024-01-04T00:00:00+00:00, run_after=2024-01-05T00:00:00+00:00
[2024-01-04T03:17:12.120+0000] {processor.py:179} INFO - Processing /opt/airflow/dags/dag_with_postgres_operator.py took 20.074 seconds
[2024-01-04T03:17:42.530+0000] {processor.py:157} INFO - Started process (PID=219) to work on /opt/airflow/dags/dag_with_postgres_operator.py
[2024-01-04T03:17:42.532+0000] {processor.py:829} INFO - Processing file /opt/airflow/dags/dag_with_postgres_operator.py for tasks to queue
[2024-01-04T03:17:42.533+0000] {logging_mixin.py:151} INFO - [2024-01-04T03:17:42.533+0000] {dagbag.py:539} INFO - Filling up the DagBag from /opt/airflow/dags/dag_with_postgres_operator.py
[2024-01-04T03:17:43.314+0000] {logging_mixin.py:151} INFO - [2024-01-04T03:17:43.312+0000] {base.py:73} INFO - Using connection ID 'postgres_localhost' for task execution.
[2024-01-04T03:17:43.369+0000] {processor.py:839} INFO - DAG(s) dict_keys(['booking_ingestion']) retrieved from /opt/airflow/dags/dag_with_postgres_operator.py
[2024-01-04T03:17:43.420+0000] {logging_mixin.py:151} INFO - [2024-01-04T03:17:43.419+0000] {dag.py:2907} INFO - Sync 1 DAGs
[2024-01-04T03:17:43.483+0000] {logging_mixin.py:151} INFO - [2024-01-04T03:17:43.483+0000] {dag.py:3677} INFO - Setting next_dagrun for booking_ingestion to 2024-01-04T00:00:00+00:00, run_after=2024-01-05T00:00:00+00:00
[2024-01-04T03:17:43.594+0000] {processor.py:179} INFO - Processing /opt/airflow/dags/dag_with_postgres_operator.py took 1.071 seconds
[2024-01-04T03:18:13.913+0000] {processor.py:157} INFO - Started process (PID=232) to work on /opt/airflow/dags/dag_with_postgres_operator.py
[2024-01-04T03:18:13.915+0000] {processor.py:829} INFO - Processing file /opt/airflow/dags/dag_with_postgres_operator.py for tasks to queue
[2024-01-04T03:18:13.916+0000] {logging_mixin.py:151} INFO - [2024-01-04T03:18:13.916+0000] {dagbag.py:539} INFO - Filling up the DagBag from /opt/airflow/dags/dag_with_postgres_operator.py
[2024-01-04T03:18:14.740+0000] {logging_mixin.py:151} INFO - [2024-01-04T03:18:14.739+0000] {base.py:73} INFO - Using connection ID 'postgres_localhost' for task execution.
[2024-01-04T03:18:14.791+0000] {processor.py:839} INFO - DAG(s) dict_keys(['booking_ingestion']) retrieved from /opt/airflow/dags/dag_with_postgres_operator.py
[2024-01-04T03:18:14.830+0000] {logging_mixin.py:151} INFO - [2024-01-04T03:18:14.829+0000] {dag.py:2907} INFO - Sync 1 DAGs
[2024-01-04T03:18:14.873+0000] {logging_mixin.py:151} INFO - [2024-01-04T03:18:14.873+0000] {dag.py:3677} INFO - Setting next_dagrun for booking_ingestion to 2024-01-04T00:00:00+00:00, run_after=2024-01-05T00:00:00+00:00
[2024-01-04T03:18:14.978+0000] {processor.py:179} INFO - Processing /opt/airflow/dags/dag_with_postgres_operator.py took 1.071 seconds
[2024-01-04T03:18:45.320+0000] {processor.py:157} INFO - Started process (PID=245) to work on /opt/airflow/dags/dag_with_postgres_operator.py
[2024-01-04T03:18:45.322+0000] {processor.py:829} INFO - Processing file /opt/airflow/dags/dag_with_postgres_operator.py for tasks to queue
[2024-01-04T03:18:45.323+0000] {logging_mixin.py:151} INFO - [2024-01-04T03:18:45.323+0000] {dagbag.py:539} INFO - Filling up the DagBag from /opt/airflow/dags/dag_with_postgres_operator.py
[2024-01-04T03:18:46.199+0000] {logging_mixin.py:151} INFO - [2024-01-04T03:18:46.198+0000] {base.py:73} INFO - Using connection ID 'postgres_localhost' for task execution.
[2024-01-04T03:18:46.233+0000] {processor.py:839} INFO - DAG(s) dict_keys(['booking_ingestion']) retrieved from /opt/airflow/dags/dag_with_postgres_operator.py
[2024-01-04T03:18:46.265+0000] {logging_mixin.py:151} INFO - [2024-01-04T03:18:46.264+0000] {dag.py:2907} INFO - Sync 1 DAGs
[2024-01-04T03:18:46.308+0000] {logging_mixin.py:151} INFO - [2024-01-04T03:18:46.308+0000] {dag.py:3677} INFO - Setting next_dagrun for booking_ingestion to 2024-01-04T00:00:00+00:00, run_after=2024-01-05T00:00:00+00:00
[2024-01-04T03:18:46.472+0000] {processor.py:179} INFO - Processing /opt/airflow/dags/dag_with_postgres_operator.py took 1.158 seconds
[2024-01-04T03:19:16.627+0000] {processor.py:157} INFO - Started process (PID=258) to work on /opt/airflow/dags/dag_with_postgres_operator.py
[2024-01-04T03:19:16.629+0000] {processor.py:829} INFO - Processing file /opt/airflow/dags/dag_with_postgres_operator.py for tasks to queue
[2024-01-04T03:19:16.631+0000] {logging_mixin.py:151} INFO - [2024-01-04T03:19:16.631+0000] {dagbag.py:539} INFO - Filling up the DagBag from /opt/airflow/dags/dag_with_postgres_operator.py
[2024-01-04T03:19:17.619+0000] {logging_mixin.py:151} INFO - [2024-01-04T03:19:17.617+0000] {base.py:73} INFO - Using connection ID 'postgres_localhost' for task execution.
[2024-01-04T03:19:17.656+0000] {processor.py:839} INFO - DAG(s) dict_keys(['booking_ingestion']) retrieved from /opt/airflow/dags/dag_with_postgres_operator.py
[2024-01-04T03:19:17.685+0000] {logging_mixin.py:151} INFO - [2024-01-04T03:19:17.684+0000] {dag.py:2907} INFO - Sync 1 DAGs
[2024-01-04T03:19:17.747+0000] {logging_mixin.py:151} INFO - [2024-01-04T03:19:17.747+0000] {dag.py:3677} INFO - Setting next_dagrun for booking_ingestion to 2024-01-04T00:00:00+00:00, run_after=2024-01-05T00:00:00+00:00
[2024-01-04T03:19:17.934+0000] {processor.py:179} INFO - Processing /opt/airflow/dags/dag_with_postgres_operator.py took 1.315 seconds
[2024-01-04T03:19:48.415+0000] {processor.py:157} INFO - Started process (PID=271) to work on /opt/airflow/dags/dag_with_postgres_operator.py
[2024-01-04T03:19:48.417+0000] {processor.py:829} INFO - Processing file /opt/airflow/dags/dag_with_postgres_operator.py for tasks to queue
[2024-01-04T03:19:48.418+0000] {logging_mixin.py:151} INFO - [2024-01-04T03:19:48.418+0000] {dagbag.py:539} INFO - Filling up the DagBag from /opt/airflow/dags/dag_with_postgres_operator.py
[2024-01-04T03:19:49.290+0000] {logging_mixin.py:151} INFO - [2024-01-04T03:19:49.288+0000] {base.py:73} INFO - Using connection ID 'postgres_localhost' for task execution.
[2024-01-04T03:19:49.323+0000] {processor.py:839} INFO - DAG(s) dict_keys(['booking_ingestion']) retrieved from /opt/airflow/dags/dag_with_postgres_operator.py
[2024-01-04T03:19:49.355+0000] {logging_mixin.py:151} INFO - [2024-01-04T03:19:49.354+0000] {dag.py:2907} INFO - Sync 1 DAGs
[2024-01-04T03:19:49.402+0000] {logging_mixin.py:151} INFO - [2024-01-04T03:19:49.402+0000] {dag.py:3677} INFO - Setting next_dagrun for booking_ingestion to 2024-01-04T00:00:00+00:00, run_after=2024-01-05T00:00:00+00:00
[2024-01-04T03:19:49.818+0000] {processor.py:179} INFO - Processing /opt/airflow/dags/dag_with_postgres_operator.py took 1.407 seconds
[2024-01-04T03:20:20.303+0000] {processor.py:157} INFO - Started process (PID=284) to work on /opt/airflow/dags/dag_with_postgres_operator.py
[2024-01-04T03:20:20.304+0000] {processor.py:829} INFO - Processing file /opt/airflow/dags/dag_with_postgres_operator.py for tasks to queue
[2024-01-04T03:20:20.306+0000] {logging_mixin.py:151} INFO - [2024-01-04T03:20:20.306+0000] {dagbag.py:539} INFO - Filling up the DagBag from /opt/airflow/dags/dag_with_postgres_operator.py
[2024-01-04T03:20:21.125+0000] {logging_mixin.py:151} INFO - [2024-01-04T03:20:21.124+0000] {base.py:73} INFO - Using connection ID 'postgres_localhost' for task execution.
[2024-01-04T03:20:21.160+0000] {processor.py:839} INFO - DAG(s) dict_keys(['booking_ingestion']) retrieved from /opt/airflow/dags/dag_with_postgres_operator.py
[2024-01-04T03:20:21.189+0000] {logging_mixin.py:151} INFO - [2024-01-04T03:20:21.188+0000] {dag.py:2907} INFO - Sync 1 DAGs
[2024-01-04T03:20:21.232+0000] {logging_mixin.py:151} INFO - [2024-01-04T03:20:21.232+0000] {dag.py:3677} INFO - Setting next_dagrun for booking_ingestion to 2024-01-04T00:00:00+00:00, run_after=2024-01-05T00:00:00+00:00
[2024-01-04T03:20:21.341+0000] {processor.py:179} INFO - Processing /opt/airflow/dags/dag_with_postgres_operator.py took 1.046 seconds
[2024-01-04T03:20:51.880+0000] {processor.py:157} INFO - Started process (PID=297) to work on /opt/airflow/dags/dag_with_postgres_operator.py
[2024-01-04T03:20:51.885+0000] {processor.py:829} INFO - Processing file /opt/airflow/dags/dag_with_postgres_operator.py for tasks to queue
[2024-01-04T03:20:51.889+0000] {logging_mixin.py:151} INFO - [2024-01-04T03:20:51.889+0000] {dagbag.py:539} INFO - Filling up the DagBag from /opt/airflow/dags/dag_with_postgres_operator.py
[2024-01-04T03:20:53.268+0000] {logging_mixin.py:151} INFO - [2024-01-04T03:20:53.267+0000] {base.py:73} INFO - Using connection ID 'postgres_localhost' for task execution.
[2024-01-04T03:20:53.322+0000] {processor.py:839} INFO - DAG(s) dict_keys(['booking_ingestion']) retrieved from /opt/airflow/dags/dag_with_postgres_operator.py
[2024-01-04T03:20:53.379+0000] {logging_mixin.py:151} INFO - [2024-01-04T03:20:53.377+0000] {dag.py:2907} INFO - Sync 1 DAGs
[2024-01-04T03:20:53.457+0000] {logging_mixin.py:151} INFO - [2024-01-04T03:20:53.457+0000] {dag.py:3677} INFO - Setting next_dagrun for booking_ingestion to 2024-01-04T00:00:00+00:00, run_after=2024-01-05T00:00:00+00:00
[2024-01-04T03:20:53.580+0000] {processor.py:179} INFO - Processing /opt/airflow/dags/dag_with_postgres_operator.py took 1.707 seconds
[2024-01-04T03:21:24.559+0000] {processor.py:157} INFO - Started process (PID=310) to work on /opt/airflow/dags/dag_with_postgres_operator.py
[2024-01-04T03:21:24.560+0000] {processor.py:829} INFO - Processing file /opt/airflow/dags/dag_with_postgres_operator.py for tasks to queue
[2024-01-04T03:21:24.562+0000] {logging_mixin.py:151} INFO - [2024-01-04T03:21:24.562+0000] {dagbag.py:539} INFO - Filling up the DagBag from /opt/airflow/dags/dag_with_postgres_operator.py
[2024-01-04T03:21:26.012+0000] {logging_mixin.py:151} INFO - [2024-01-04T03:21:26.011+0000] {base.py:73} INFO - Using connection ID 'postgres_localhost' for task execution.
[2024-01-04T03:21:26.060+0000] {processor.py:839} INFO - DAG(s) dict_keys(['booking_ingestion']) retrieved from /opt/airflow/dags/dag_with_postgres_operator.py
[2024-01-04T03:21:26.121+0000] {logging_mixin.py:151} INFO - [2024-01-04T03:21:26.111+0000] {dag.py:2907} INFO - Sync 1 DAGs
[2024-01-04T03:21:26.199+0000] {logging_mixin.py:151} INFO - [2024-01-04T03:21:26.199+0000] {dag.py:3677} INFO - Setting next_dagrun for booking_ingestion to 2024-01-04T00:00:00+00:00, run_after=2024-01-05T00:00:00+00:00
[2024-01-04T03:21:26.570+0000] {processor.py:179} INFO - Processing /opt/airflow/dags/dag_with_postgres_operator.py took 2.017 seconds
[2024-01-04T03:21:56.914+0000] {processor.py:157} INFO - Started process (PID=323) to work on /opt/airflow/dags/dag_with_postgres_operator.py
[2024-01-04T03:21:56.918+0000] {processor.py:829} INFO - Processing file /opt/airflow/dags/dag_with_postgres_operator.py for tasks to queue
[2024-01-04T03:21:56.920+0000] {logging_mixin.py:151} INFO - [2024-01-04T03:21:56.919+0000] {dagbag.py:539} INFO - Filling up the DagBag from /opt/airflow/dags/dag_with_postgres_operator.py
[2024-01-04T03:21:58.351+0000] {logging_mixin.py:151} INFO - [2024-01-04T03:21:58.350+0000] {base.py:73} INFO - Using connection ID 'postgres_localhost' for task execution.
[2024-01-04T03:21:58.381+0000] {processor.py:839} INFO - DAG(s) dict_keys(['booking_ingestion']) retrieved from /opt/airflow/dags/dag_with_postgres_operator.py
[2024-01-04T03:21:58.411+0000] {logging_mixin.py:151} INFO - [2024-01-04T03:21:58.410+0000] {dag.py:2907} INFO - Sync 1 DAGs
[2024-01-04T03:21:58.452+0000] {logging_mixin.py:151} INFO - [2024-01-04T03:21:58.451+0000] {dag.py:3677} INFO - Setting next_dagrun for booking_ingestion to 2024-01-04T00:00:00+00:00, run_after=2024-01-05T00:00:00+00:00
[2024-01-04T03:21:58.533+0000] {processor.py:179} INFO - Processing /opt/airflow/dags/dag_with_postgres_operator.py took 1.626 seconds
[2024-01-04T03:22:28.894+0000] {processor.py:157} INFO - Started process (PID=336) to work on /opt/airflow/dags/dag_with_postgres_operator.py
[2024-01-04T03:22:28.896+0000] {processor.py:829} INFO - Processing file /opt/airflow/dags/dag_with_postgres_operator.py for tasks to queue
[2024-01-04T03:22:28.899+0000] {logging_mixin.py:151} INFO - [2024-01-04T03:22:28.898+0000] {dagbag.py:539} INFO - Filling up the DagBag from /opt/airflow/dags/dag_with_postgres_operator.py
[2024-01-04T03:22:29.845+0000] {logging_mixin.py:151} INFO - [2024-01-04T03:22:29.844+0000] {base.py:73} INFO - Using connection ID 'postgres_localhost' for task execution.
[2024-01-04T03:22:29.907+0000] {processor.py:839} INFO - DAG(s) dict_keys(['booking_ingestion']) retrieved from /opt/airflow/dags/dag_with_postgres_operator.py
[2024-01-04T03:22:29.955+0000] {logging_mixin.py:151} INFO - [2024-01-04T03:22:29.954+0000] {dag.py:2907} INFO - Sync 1 DAGs
[2024-01-04T03:22:30.055+0000] {logging_mixin.py:151} INFO - [2024-01-04T03:22:30.055+0000] {dag.py:3677} INFO - Setting next_dagrun for booking_ingestion to 2024-01-04T00:00:00+00:00, run_after=2024-01-05T00:00:00+00:00
[2024-01-04T03:22:30.161+0000] {processor.py:179} INFO - Processing /opt/airflow/dags/dag_with_postgres_operator.py took 1.273 seconds
[2024-01-04T03:23:00.553+0000] {processor.py:157} INFO - Started process (PID=349) to work on /opt/airflow/dags/dag_with_postgres_operator.py
[2024-01-04T03:23:00.556+0000] {processor.py:829} INFO - Processing file /opt/airflow/dags/dag_with_postgres_operator.py for tasks to queue
[2024-01-04T03:23:00.559+0000] {logging_mixin.py:151} INFO - [2024-01-04T03:23:00.559+0000] {dagbag.py:539} INFO - Filling up the DagBag from /opt/airflow/dags/dag_with_postgres_operator.py
[2024-01-04T03:23:02.256+0000] {logging_mixin.py:151} INFO - [2024-01-04T03:23:02.242+0000] {base.py:73} INFO - Using connection ID 'postgres_localhost' for task execution.
[2024-01-04T03:23:03.048+0000] {processor.py:839} INFO - DAG(s) dict_keys(['booking_ingestion']) retrieved from /opt/airflow/dags/dag_with_postgres_operator.py
[2024-01-04T03:23:03.366+0000] {logging_mixin.py:151} INFO - [2024-01-04T03:23:03.364+0000] {dag.py:2907} INFO - Sync 1 DAGs
[2024-01-04T03:23:03.432+0000] {logging_mixin.py:151} INFO - [2024-01-04T03:23:03.431+0000] {dag.py:3677} INFO - Setting next_dagrun for booking_ingestion to 2024-01-04T00:00:00+00:00, run_after=2024-01-05T00:00:00+00:00
[2024-01-04T03:23:03.512+0000] {processor.py:179} INFO - Processing /opt/airflow/dags/dag_with_postgres_operator.py took 2.966 seconds
[2024-01-04T03:23:33.985+0000] {processor.py:157} INFO - Started process (PID=362) to work on /opt/airflow/dags/dag_with_postgres_operator.py
[2024-01-04T03:23:33.990+0000] {processor.py:829} INFO - Processing file /opt/airflow/dags/dag_with_postgres_operator.py for tasks to queue
[2024-01-04T03:23:33.994+0000] {logging_mixin.py:151} INFO - [2024-01-04T03:23:33.993+0000] {dagbag.py:539} INFO - Filling up the DagBag from /opt/airflow/dags/dag_with_postgres_operator.py
[2024-01-04T03:23:34.855+0000] {logging_mixin.py:151} INFO - [2024-01-04T03:23:34.853+0000] {base.py:73} INFO - Using connection ID 'postgres_localhost' for task execution.
[2024-01-04T03:23:35.029+0000] {processor.py:839} INFO - DAG(s) dict_keys(['booking_ingestion']) retrieved from /opt/airflow/dags/dag_with_postgres_operator.py
[2024-01-04T03:23:35.080+0000] {logging_mixin.py:151} INFO - [2024-01-04T03:23:35.078+0000] {dag.py:2907} INFO - Sync 1 DAGs
[2024-01-04T03:23:35.123+0000] {logging_mixin.py:151} INFO - [2024-01-04T03:23:35.123+0000] {dag.py:3677} INFO - Setting next_dagrun for booking_ingestion to 2024-01-04T00:00:00+00:00, run_after=2024-01-05T00:00:00+00:00
[2024-01-04T03:23:35.219+0000] {processor.py:179} INFO - Processing /opt/airflow/dags/dag_with_postgres_operator.py took 1.243 seconds
[2024-01-04T03:24:06.010+0000] {processor.py:157} INFO - Started process (PID=375) to work on /opt/airflow/dags/dag_with_postgres_operator.py
[2024-01-04T03:24:06.011+0000] {processor.py:829} INFO - Processing file /opt/airflow/dags/dag_with_postgres_operator.py for tasks to queue
[2024-01-04T03:24:06.013+0000] {logging_mixin.py:151} INFO - [2024-01-04T03:24:06.012+0000] {dagbag.py:539} INFO - Filling up the DagBag from /opt/airflow/dags/dag_with_postgres_operator.py
[2024-01-04T03:24:07.014+0000] {logging_mixin.py:151} INFO - [2024-01-04T03:24:07.011+0000] {base.py:73} INFO - Using connection ID 'postgres_localhost' for task execution.
[2024-01-04T03:24:07.053+0000] {processor.py:839} INFO - DAG(s) dict_keys(['booking_ingestion']) retrieved from /opt/airflow/dags/dag_with_postgres_operator.py
[2024-01-04T03:24:07.090+0000] {logging_mixin.py:151} INFO - [2024-01-04T03:24:07.089+0000] {dag.py:2907} INFO - Sync 1 DAGs
[2024-01-04T03:24:07.131+0000] {logging_mixin.py:151} INFO - [2024-01-04T03:24:07.131+0000] {dag.py:3677} INFO - Setting next_dagrun for booking_ingestion to 2024-01-04T00:00:00+00:00, run_after=2024-01-05T00:00:00+00:00
[2024-01-04T03:24:07.230+0000] {processor.py:179} INFO - Processing /opt/airflow/dags/dag_with_postgres_operator.py took 1.225 seconds
[2024-01-04T03:24:37.546+0000] {processor.py:157} INFO - Started process (PID=388) to work on /opt/airflow/dags/dag_with_postgres_operator.py
[2024-01-04T03:24:37.549+0000] {processor.py:829} INFO - Processing file /opt/airflow/dags/dag_with_postgres_operator.py for tasks to queue
[2024-01-04T03:24:37.551+0000] {logging_mixin.py:151} INFO - [2024-01-04T03:24:37.550+0000] {dagbag.py:539} INFO - Filling up the DagBag from /opt/airflow/dags/dag_with_postgres_operator.py
[2024-01-04T03:24:38.361+0000] {logging_mixin.py:151} INFO - [2024-01-04T03:24:38.358+0000] {base.py:73} INFO - Using connection ID 'postgres_localhost' for task execution.
[2024-01-04T03:24:38.439+0000] {processor.py:839} INFO - DAG(s) dict_keys(['booking_ingestion']) retrieved from /opt/airflow/dags/dag_with_postgres_operator.py
[2024-01-04T03:24:38.474+0000] {logging_mixin.py:151} INFO - [2024-01-04T03:24:38.473+0000] {dag.py:2907} INFO - Sync 1 DAGs
[2024-01-04T03:24:38.529+0000] {logging_mixin.py:151} INFO - [2024-01-04T03:24:38.529+0000] {dag.py:3677} INFO - Setting next_dagrun for booking_ingestion to 2024-01-04T00:00:00+00:00, run_after=2024-01-05T00:00:00+00:00
[2024-01-04T03:24:38.715+0000] {processor.py:179} INFO - Processing /opt/airflow/dags/dag_with_postgres_operator.py took 1.182 seconds
[2024-01-04T03:25:09.316+0000] {processor.py:157} INFO - Started process (PID=401) to work on /opt/airflow/dags/dag_with_postgres_operator.py
[2024-01-04T03:25:09.318+0000] {processor.py:829} INFO - Processing file /opt/airflow/dags/dag_with_postgres_operator.py for tasks to queue
[2024-01-04T03:25:09.321+0000] {logging_mixin.py:151} INFO - [2024-01-04T03:25:09.320+0000] {dagbag.py:539} INFO - Filling up the DagBag from /opt/airflow/dags/dag_with_postgres_operator.py
[2024-01-04T03:25:10.191+0000] {logging_mixin.py:151} INFO - [2024-01-04T03:25:10.187+0000] {base.py:73} INFO - Using connection ID 'postgres_localhost' for task execution.
[2024-01-04T03:25:10.240+0000] {processor.py:839} INFO - DAG(s) dict_keys(['booking_ingestion']) retrieved from /opt/airflow/dags/dag_with_postgres_operator.py
[2024-01-04T03:25:10.273+0000] {logging_mixin.py:151} INFO - [2024-01-04T03:25:10.272+0000] {dag.py:2907} INFO - Sync 1 DAGs
[2024-01-04T03:25:10.315+0000] {logging_mixin.py:151} INFO - [2024-01-04T03:25:10.315+0000] {dag.py:3677} INFO - Setting next_dagrun for booking_ingestion to 2024-01-04T00:00:00+00:00, run_after=2024-01-05T00:00:00+00:00
[2024-01-04T03:25:10.372+0000] {processor.py:179} INFO - Processing /opt/airflow/dags/dag_with_postgres_operator.py took 1.065 seconds
[2024-01-04T03:25:40.929+0000] {processor.py:157} INFO - Started process (PID=414) to work on /opt/airflow/dags/dag_with_postgres_operator.py
[2024-01-04T03:25:40.931+0000] {processor.py:829} INFO - Processing file /opt/airflow/dags/dag_with_postgres_operator.py for tasks to queue
[2024-01-04T03:25:40.934+0000] {logging_mixin.py:151} INFO - [2024-01-04T03:25:40.933+0000] {dagbag.py:539} INFO - Filling up the DagBag from /opt/airflow/dags/dag_with_postgres_operator.py
[2024-01-04T03:25:42.153+0000] {logging_mixin.py:151} INFO - [2024-01-04T03:25:42.151+0000] {base.py:73} INFO - Using connection ID 'postgres_localhost' for task execution.
[2024-01-04T03:25:42.210+0000] {processor.py:839} INFO - DAG(s) dict_keys(['booking_ingestion']) retrieved from /opt/airflow/dags/dag_with_postgres_operator.py
[2024-01-04T03:25:42.243+0000] {logging_mixin.py:151} INFO - [2024-01-04T03:25:42.242+0000] {dag.py:2907} INFO - Sync 1 DAGs
[2024-01-04T03:25:42.293+0000] {logging_mixin.py:151} INFO - [2024-01-04T03:25:42.293+0000] {dag.py:3677} INFO - Setting next_dagrun for booking_ingestion to 2024-01-04T00:00:00+00:00, run_after=2024-01-05T00:00:00+00:00
[2024-01-04T03:25:42.374+0000] {processor.py:179} INFO - Processing /opt/airflow/dags/dag_with_postgres_operator.py took 1.453 seconds
[2024-01-04T03:26:12.535+0000] {processor.py:157} INFO - Started process (PID=427) to work on /opt/airflow/dags/dag_with_postgres_operator.py
[2024-01-04T03:26:12.539+0000] {processor.py:829} INFO - Processing file /opt/airflow/dags/dag_with_postgres_operator.py for tasks to queue
[2024-01-04T03:26:12.543+0000] {logging_mixin.py:151} INFO - [2024-01-04T03:26:12.542+0000] {dagbag.py:539} INFO - Filling up the DagBag from /opt/airflow/dags/dag_with_postgres_operator.py
[2024-01-04T03:26:15.398+0000] {logging_mixin.py:151} INFO - [2024-01-04T03:26:15.394+0000] {base.py:73} INFO - Using connection ID 'postgres_localhost' for task execution.
[2024-01-04T03:26:15.590+0000] {processor.py:839} INFO - DAG(s) dict_keys(['booking_ingestion']) retrieved from /opt/airflow/dags/dag_with_postgres_operator.py
[2024-01-04T03:26:15.780+0000] {logging_mixin.py:151} INFO - [2024-01-04T03:26:15.777+0000] {dag.py:2907} INFO - Sync 1 DAGs
[2024-01-04T03:26:15.850+0000] {logging_mixin.py:151} INFO - [2024-01-04T03:26:15.849+0000] {dag.py:3677} INFO - Setting next_dagrun for booking_ingestion to 2024-01-04T00:00:00+00:00, run_after=2024-01-05T00:00:00+00:00
[2024-01-04T03:26:15.899+0000] {processor.py:179} INFO - Processing /opt/airflow/dags/dag_with_postgres_operator.py took 3.383 seconds
[2024-01-04T03:26:46.392+0000] {processor.py:157} INFO - Started process (PID=440) to work on /opt/airflow/dags/dag_with_postgres_operator.py
[2024-01-04T03:26:46.395+0000] {processor.py:829} INFO - Processing file /opt/airflow/dags/dag_with_postgres_operator.py for tasks to queue
[2024-01-04T03:26:46.401+0000] {logging_mixin.py:151} INFO - [2024-01-04T03:26:46.400+0000] {dagbag.py:539} INFO - Filling up the DagBag from /opt/airflow/dags/dag_with_postgres_operator.py
[2024-01-04T03:26:47.107+0000] {logging_mixin.py:151} INFO - [2024-01-04T03:26:47.104+0000] {base.py:73} INFO - Using connection ID 'postgres_localhost' for task execution.
[2024-01-04T03:26:47.154+0000] {processor.py:839} INFO - DAG(s) dict_keys(['booking_ingestion']) retrieved from /opt/airflow/dags/dag_with_postgres_operator.py
[2024-01-04T03:26:47.202+0000] {logging_mixin.py:151} INFO - [2024-01-04T03:26:47.201+0000] {dag.py:2907} INFO - Sync 1 DAGs
[2024-01-04T03:26:47.241+0000] {logging_mixin.py:151} INFO - [2024-01-04T03:26:47.240+0000] {dag.py:3677} INFO - Setting next_dagrun for booking_ingestion to 2024-01-04T00:00:00+00:00, run_after=2024-01-05T00:00:00+00:00
[2024-01-04T03:26:47.317+0000] {processor.py:179} INFO - Processing /opt/airflow/dags/dag_with_postgres_operator.py took 0.938 seconds
[2024-01-04T03:27:17.946+0000] {processor.py:157} INFO - Started process (PID=453) to work on /opt/airflow/dags/dag_with_postgres_operator.py
[2024-01-04T03:27:17.948+0000] {processor.py:829} INFO - Processing file /opt/airflow/dags/dag_with_postgres_operator.py for tasks to queue
[2024-01-04T03:27:17.951+0000] {logging_mixin.py:151} INFO - [2024-01-04T03:27:17.950+0000] {dagbag.py:539} INFO - Filling up the DagBag from /opt/airflow/dags/dag_with_postgres_operator.py
[2024-01-04T03:27:18.602+0000] {logging_mixin.py:151} INFO - [2024-01-04T03:27:18.600+0000] {base.py:73} INFO - Using connection ID 'postgres_localhost' for task execution.
[2024-01-04T03:27:18.672+0000] {processor.py:839} INFO - DAG(s) dict_keys(['booking_ingestion']) retrieved from /opt/airflow/dags/dag_with_postgres_operator.py
[2024-01-04T03:27:18.701+0000] {logging_mixin.py:151} INFO - [2024-01-04T03:27:18.700+0000] {dag.py:2907} INFO - Sync 1 DAGs
[2024-01-04T03:27:18.744+0000] {logging_mixin.py:151} INFO - [2024-01-04T03:27:18.743+0000] {dag.py:3677} INFO - Setting next_dagrun for booking_ingestion to 2024-01-04T00:00:00+00:00, run_after=2024-01-05T00:00:00+00:00
[2024-01-04T03:27:18.800+0000] {processor.py:179} INFO - Processing /opt/airflow/dags/dag_with_postgres_operator.py took 0.861 seconds
