[2024-01-04T03:17:23.221+0000] {taskinstance.py:1159} INFO - Dependencies all met for dep_context=non-requeueable deps ti=<TaskInstance: booking_ingestion.load_data scheduled__2024-01-03T00:00:00+00:00 [queued]>
[2024-01-04T03:17:23.235+0000] {taskinstance.py:1159} INFO - Dependencies all met for dep_context=requeueable deps ti=<TaskInstance: booking_ingestion.load_data scheduled__2024-01-03T00:00:00+00:00 [queued]>
[2024-01-04T03:17:23.236+0000] {taskinstance.py:1361} INFO - Starting attempt 1 of 6
[2024-01-04T03:17:23.405+0000] {taskinstance.py:1382} INFO - Executing <Task(_PythonDecoratedOperator): load_data> on 2024-01-03 00:00:00+00:00
[2024-01-04T03:17:23.479+0000] {standard_task_runner.py:57} INFO - Started process 208 to run task
[2024-01-04T03:17:23.485+0000] {standard_task_runner.py:84} INFO - Running: ['***', 'tasks', 'run', 'booking_ingestion', 'load_data', 'scheduled__2024-01-03T00:00:00+00:00', '--job-id', '48', '--raw', '--subdir', 'DAGS_FOLDER/dag_with_postgres_operator.py', '--cfg-path', '/tmp/tmptat59h8w']
[2024-01-04T03:17:23.494+0000] {standard_task_runner.py:85} INFO - Job 48: Subtask load_data
[2024-01-04T03:17:23.822+0000] {task_command.py:415} INFO - Running <TaskInstance: booking_ingestion.load_data scheduled__2024-01-03T00:00:00+00:00 [running]> on host 7bf68de21308
[2024-01-04T03:17:25.148+0000] {taskinstance.py:1660} INFO - Exporting env vars: AIRFLOW_CTX_DAG_OWNER='***' AIRFLOW_CTX_DAG_ID='booking_ingestion' AIRFLOW_CTX_TASK_ID='load_data' AIRFLOW_CTX_EXECUTION_DATE='2024-01-03T00:00:00+00:00' AIRFLOW_CTX_TRY_NUMBER='1' AIRFLOW_CTX_DAG_RUN_ID='scheduled__2024-01-03T00:00:00+00:00'
[2024-01-04T03:17:25.173+0000] {logging_mixin.py:151} INFO - Insert query INSERT INTO booking_record (client_id, booking_date, room_type, hotel_id, booking_cost, currency, age, client_name, client_type, hotel_name) VALUES (%s, %s, %s, %s, %s, %s, %s, %s, %s, %s);
[2024-01-04T03:17:27.425+0000] {logging_mixin.py:151} INFO - Insert query INSERT INTO booking_record (client_id, booking_date, room_type, hotel_id, booking_cost, currency, age, client_name, client_type, hotel_name) VALUES (%s, %s, %s, %s, %s, %s, %s, %s, %s, %s);
[2024-01-04T03:17:28.183+0000] {logging_mixin.py:151} INFO - Insert query INSERT INTO booking_record (client_id, booking_date, room_type, hotel_id, booking_cost, currency, age, client_name, client_type, hotel_name) VALUES (%s, %s, %s, %s, %s, %s, %s, %s, %s, %s);
[2024-01-04T03:17:28.191+0000] {logging_mixin.py:151} INFO - Insert query INSERT INTO booking_record (client_id, booking_date, room_type, hotel_id, booking_cost, currency, age, client_name, client_type, hotel_name) VALUES (%s, %s, %s, %s, %s, %s, %s, %s, %s, %s);
[2024-01-04T03:17:28.198+0000] {logging_mixin.py:151} INFO - Insert query INSERT INTO booking_record (client_id, booking_date, room_type, hotel_id, booking_cost, currency, age, client_name, client_type, hotel_name) VALUES (%s, %s, %s, %s, %s, %s, %s, %s, %s, %s);
[2024-01-04T03:17:28.207+0000] {logging_mixin.py:151} INFO - Insert query INSERT INTO booking_record (client_id, booking_date, room_type, hotel_id, booking_cost, currency, age, client_name, client_type, hotel_name) VALUES (%s, %s, %s, %s, %s, %s, %s, %s, %s, %s);
[2024-01-04T03:17:28.216+0000] {logging_mixin.py:151} INFO - Insert query INSERT INTO booking_record (client_id, booking_date, room_type, hotel_id, booking_cost, currency, age, client_name, client_type, hotel_name) VALUES (%s, %s, %s, %s, %s, %s, %s, %s, %s, %s);
[2024-01-04T03:17:28.224+0000] {logging_mixin.py:151} INFO - Insert query INSERT INTO booking_record (client_id, booking_date, room_type, hotel_id, booking_cost, currency, age, client_name, client_type, hotel_name) VALUES (%s, %s, %s, %s, %s, %s, %s, %s, %s, %s);
[2024-01-04T03:17:28.543+0000] {logging_mixin.py:151} INFO - Insert query INSERT INTO booking_record (client_id, booking_date, room_type, hotel_id, booking_cost, currency, age, client_name, client_type, hotel_name) VALUES (%s, %s, %s, %s, %s, %s, %s, %s, %s, %s);
[2024-01-04T03:17:28.565+0000] {logging_mixin.py:151} INFO - Insert query INSERT INTO booking_record (client_id, booking_date, room_type, hotel_id, booking_cost, currency, age, client_name, client_type, hotel_name) VALUES (%s, %s, %s, %s, %s, %s, %s, %s, %s, %s);
[2024-01-04T03:17:28.572+0000] {logging_mixin.py:151} INFO - Insert query INSERT INTO booking_record (client_id, booking_date, room_type, hotel_id, booking_cost, currency, age, client_name, client_type, hotel_name) VALUES (%s, %s, %s, %s, %s, %s, %s, %s, %s, %s);
[2024-01-04T03:17:28.590+0000] {logging_mixin.py:151} INFO - Insert query INSERT INTO booking_record (client_id, booking_date, room_type, hotel_id, booking_cost, currency, age, client_name, client_type, hotel_name) VALUES (%s, %s, %s, %s, %s, %s, %s, %s, %s, %s);
[2024-01-04T03:17:28.620+0000] {logging_mixin.py:151} INFO - Insert query INSERT INTO booking_record (client_id, booking_date, room_type, hotel_id, booking_cost, currency, age, client_name, client_type, hotel_name) VALUES (%s, %s, %s, %s, %s, %s, %s, %s, %s, %s);
[2024-01-04T03:17:28.624+0000] {logging_mixin.py:151} INFO - Insert query INSERT INTO booking_record (client_id, booking_date, room_type, hotel_id, booking_cost, currency, age, client_name, client_type, hotel_name) VALUES (%s, %s, %s, %s, %s, %s, %s, %s, %s, %s);
[2024-01-04T03:17:29.157+0000] {logging_mixin.py:151} INFO - Insert query INSERT INTO booking_record (client_id, booking_date, room_type, hotel_id, booking_cost, currency, age, client_name, client_type, hotel_name) VALUES (%s, %s, %s, %s, %s, %s, %s, %s, %s, %s);
[2024-01-04T03:17:29.245+0000] {python.py:194} INFO - Done. Returned value was: None
[2024-01-04T03:17:29.267+0000] {taskinstance.py:1400} INFO - Marking task as SUCCESS. dag_id=booking_ingestion, task_id=load_data, execution_date=20240103T000000, start_date=20240104T031723, end_date=20240104T031729
[2024-01-04T03:17:29.474+0000] {local_task_job_runner.py:228} INFO - Task exited with return code 0
[2024-01-04T03:17:29.742+0000] {taskinstance.py:2784} INFO - 0 downstream tasks scheduled from follow-on schedule check
