[2024-01-02T14:50:16.779+0000] {taskinstance.py:1159} INFO - Dependencies all met for dep_context=non-requeueable deps ti=<TaskInstance: dag_with_postgres_operator_v02.create_postgres_table scheduled__2024-01-01T00:00:00+00:00 [queued]>
[2024-01-02T14:50:16.818+0000] {taskinstance.py:1159} INFO - Dependencies all met for dep_context=requeueable deps ti=<TaskInstance: dag_with_postgres_operator_v02.create_postgres_table scheduled__2024-01-01T00:00:00+00:00 [queued]>
[2024-01-02T14:50:16.819+0000] {taskinstance.py:1361} INFO - Starting attempt 1 of 6
[2024-01-02T14:50:16.870+0000] {taskinstance.py:1382} INFO - Executing <Task(PostgresOperator): create_postgres_table> on 2024-01-01 00:00:00+00:00
[2024-01-02T14:50:16.878+0000] {standard_task_runner.py:57} INFO - Started process 689 to run task
[2024-01-02T14:50:16.883+0000] {standard_task_runner.py:84} INFO - Running: ['***', 'tasks', 'run', 'dag_with_postgres_operator_v02', 'create_postgres_table', 'scheduled__2024-01-01T00:00:00+00:00', '--job-id', '5', '--raw', '--subdir', 'DAGS_FOLDER/dag_with_postgres_operator.py', '--cfg-path', '/tmp/tmpk9gjzj4m']
[2024-01-02T14:50:16.887+0000] {standard_task_runner.py:85} INFO - Job 5: Subtask create_postgres_table
[2024-01-02T14:50:16.992+0000] {task_command.py:415} INFO - Running <TaskInstance: dag_with_postgres_operator_v02.create_postgres_table scheduled__2024-01-01T00:00:00+00:00 [running]> on host ce0bd5f35f4e
[2024-01-02T14:50:17.343+0000] {taskinstance.py:1660} INFO - Exporting env vars: AIRFLOW_CTX_DAG_OWNER='***' AIRFLOW_CTX_DAG_ID='dag_with_postgres_operator_v02' AIRFLOW_CTX_TASK_ID='create_postgres_table' AIRFLOW_CTX_EXECUTION_DATE='2024-01-01T00:00:00+00:00' AIRFLOW_CTX_TRY_NUMBER='1' AIRFLOW_CTX_DAG_RUN_ID='scheduled__2024-01-01T00:00:00+00:00'
[2024-01-02T14:50:17.346+0000] {sql.py:274} INFO - Executing: 
        create table if not exists booking_record(
            client_id int,
            booking_date date,
            room_type varchar(250),
            hotel_id int,
            booking_cost decimal(10,1),
            currency varchar(50)
        )
    
[2024-01-02T14:50:17.370+0000] {base.py:73} INFO - Using connection ID 'postgres_localhost' for task execution.
[2024-01-02T14:50:17.733+0000] {base.py:73} INFO - Using connection ID 'postgres_localhost' for task execution.
[2024-01-02T14:50:18.386+0000] {sql.py:418} INFO - Running statement: 
        create table if not exists booking_record(
            client_id int,
            booking_date date,
            room_type varchar(250),
            hotel_id int,
            booking_cost decimal(10,1),
            currency varchar(50)
        )
    , parameters: None
[2024-01-02T14:50:18.643+0000] {taskinstance.py:1400} INFO - Marking task as SUCCESS. dag_id=dag_with_postgres_operator_v02, task_id=create_postgres_table, execution_date=20240101T000000, start_date=20240102T145016, end_date=20240102T145018
[2024-01-02T14:50:18.789+0000] {local_task_job_runner.py:228} INFO - Task exited with return code 0
[2024-01-02T14:50:18.866+0000] {taskinstance.py:2784} INFO - 1 downstream tasks scheduled from follow-on schedule check
