[2023-12-28T13:23:37.662+0000] {taskinstance.py:1159} INFO - Dependencies all met for dep_context=non-requeueable deps ti=<TaskInstance: dag_with_postgres_operator_v04.create_postgres_table scheduled__2023-12-27T00:00:00+00:00 [queued]>
[2023-12-28T13:23:37.679+0000] {taskinstance.py:1159} INFO - Dependencies all met for dep_context=requeueable deps ti=<TaskInstance: dag_with_postgres_operator_v04.create_postgres_table scheduled__2023-12-27T00:00:00+00:00 [queued]>
[2023-12-28T13:23:37.680+0000] {taskinstance.py:1361} INFO - Starting attempt 1 of 6
[2023-12-28T13:23:37.750+0000] {taskinstance.py:1382} INFO - Executing <Task(PostgresOperator): create_postgres_table> on 2023-12-27 00:00:00+00:00
[2023-12-28T13:23:37.760+0000] {standard_task_runner.py:57} INFO - Started process 1425 to run task
[2023-12-28T13:23:37.765+0000] {standard_task_runner.py:84} INFO - Running: ['***', 'tasks', 'run', 'dag_with_postgres_operator_v04', 'create_postgres_table', 'scheduled__2023-12-27T00:00:00+00:00', '--job-id', '10', '--raw', '--subdir', 'DAGS_FOLDER/dag_with_postgres_operator.py', '--cfg-path', '/tmp/tmpfh6am4sk']
[2023-12-28T13:23:37.782+0000] {standard_task_runner.py:85} INFO - Job 10: Subtask create_postgres_table
[2023-12-28T13:23:37.980+0000] {task_command.py:415} INFO - Running <TaskInstance: dag_with_postgres_operator_v04.create_postgres_table scheduled__2023-12-27T00:00:00+00:00 [running]> on host 9b8290fc3c0d
[2023-12-28T13:23:38.222+0000] {taskinstance.py:1660} INFO - Exporting env vars: AIRFLOW_CTX_DAG_OWNER='***' AIRFLOW_CTX_DAG_ID='dag_with_postgres_operator_v04' AIRFLOW_CTX_TASK_ID='create_postgres_table' AIRFLOW_CTX_EXECUTION_DATE='2023-12-27T00:00:00+00:00' AIRFLOW_CTX_TRY_NUMBER='1' AIRFLOW_CTX_DAG_RUN_ID='scheduled__2023-12-27T00:00:00+00:00'
[2023-12-28T13:23:38.229+0000] {sql.py:274} INFO - Executing: 
        create table if not exists booking_record(
            client_id int,
            booking_date date,
            room_type varchar(250),
            hotel_id int,
            booking_cost decimal(10,1),
            currency varchar(50)
        )
    
[2023-12-28T13:23:38.278+0000] {base.py:73} INFO - Using connection ID 'postgres_localhost' for task execution.
[2023-12-28T13:23:38.795+0000] {base.py:73} INFO - Using connection ID 'postgres_localhost' for task execution.
[2023-12-28T13:23:41.312+0000] {sql.py:418} INFO - Running statement: 
        create table if not exists booking_record(
            client_id int,
            booking_date date,
            room_type varchar(250),
            hotel_id int,
            booking_cost decimal(10,1),
            currency varchar(50)
        )
    , parameters: None
[2023-12-28T13:23:41.337+0000] {taskinstance.py:1400} INFO - Marking task as SUCCESS. dag_id=dag_with_postgres_operator_v04, task_id=create_postgres_table, execution_date=20231227T000000, start_date=20231228T132337, end_date=20231228T132341
[2023-12-28T13:23:41.510+0000] {local_task_job_runner.py:228} INFO - Task exited with return code 0
[2023-12-28T13:23:41.566+0000] {taskinstance.py:2784} INFO - 1 downstream tasks scheduled from follow-on schedule check
