[2024-01-03T13:46:37.000+0000] {taskinstance.py:1159} INFO - Dependencies all met for dep_context=non-requeueable deps ti=<TaskInstance: booking_ingestion_new.load_data scheduled__2024-01-02T00:00:00+00:00 [queued]>
[2024-01-03T13:46:37.025+0000] {taskinstance.py:1159} INFO - Dependencies all met for dep_context=requeueable deps ti=<TaskInstance: booking_ingestion_new.load_data scheduled__2024-01-02T00:00:00+00:00 [queued]>
[2024-01-03T13:46:37.026+0000] {taskinstance.py:1361} INFO - Starting attempt 1 of 1
[2024-01-03T13:46:37.083+0000] {taskinstance.py:1382} INFO - Executing <Task(_PythonDecoratedOperator): load_data> on 2024-01-02 00:00:00+00:00
[2024-01-03T13:46:37.094+0000] {standard_task_runner.py:57} INFO - Started process 324 to run task
[2024-01-03T13:46:37.103+0000] {standard_task_runner.py:84} INFO - Running: ['***', 'tasks', 'run', 'booking_ingestion_new', 'load_data', 'scheduled__2024-01-02T00:00:00+00:00', '--job-id', '90', '--raw', '--subdir', 'DAGS_FOLDER/dag_with_postgres_operator3.py', '--cfg-path', '/tmp/tmpf33sygl2']
[2024-01-03T13:46:37.109+0000] {standard_task_runner.py:85} INFO - Job 90: Subtask load_data
[2024-01-03T13:46:37.304+0000] {task_command.py:415} INFO - Running <TaskInstance: booking_ingestion_new.load_data scheduled__2024-01-02T00:00:00+00:00 [running]> on host 1aef81c6d4c5
[2024-01-03T13:46:37.604+0000] {taskinstance.py:1660} INFO - Exporting env vars: AIRFLOW_CTX_DAG_OWNER='***' AIRFLOW_CTX_DAG_ID='booking_ingestion_new' AIRFLOW_CTX_TASK_ID='load_data' AIRFLOW_CTX_EXECUTION_DATE='2024-01-02T00:00:00+00:00' AIRFLOW_CTX_TRY_NUMBER='1' AIRFLOW_CTX_DAG_RUN_ID='scheduled__2024-01-02T00:00:00+00:00'
[2024-01-03T13:46:37.908+0000] {base.py:73} INFO - Using connection ID 'postgres_localhost' for task execution.
[2024-01-03T13:46:38.026+0000] {python.py:194} INFO - Done. Returned value was: {'status': 'error', 'message': "'str' object has no attribute 'keys'"}
[2024-01-03T13:46:38.579+0000] {taskinstance.py:1400} INFO - Marking task as SUCCESS. dag_id=booking_ingestion_new, task_id=load_data, execution_date=20240102T000000, start_date=20240103T134637, end_date=20240103T134638
[2024-01-03T13:46:38.925+0000] {local_task_job_runner.py:228} INFO - Task exited with return code 0
[2024-01-03T13:46:38.955+0000] {taskinstance.py:2784} INFO - 1 downstream tasks scheduled from follow-on schedule check
[2024-01-03T13:59:00.522+0000] {taskinstance.py:1159} INFO - Dependencies all met for dep_context=non-requeueable deps ti=<TaskInstance: booking_ingestion_new.load_data scheduled__2024-01-02T00:00:00+00:00 [queued]>
[2024-01-03T13:59:00.568+0000] {taskinstance.py:1159} INFO - Dependencies all met for dep_context=requeueable deps ti=<TaskInstance: booking_ingestion_new.load_data scheduled__2024-01-02T00:00:00+00:00 [queued]>
[2024-01-03T13:59:00.568+0000] {taskinstance.py:1361} INFO - Starting attempt 1 of 1
[2024-01-03T13:59:00.689+0000] {taskinstance.py:1382} INFO - Executing <Task(_PythonDecoratedOperator): load_data> on 2024-01-02 00:00:00+00:00
[2024-01-03T13:59:00.696+0000] {standard_task_runner.py:57} INFO - Started process 991 to run task
[2024-01-03T13:59:00.702+0000] {standard_task_runner.py:84} INFO - Running: ['***', 'tasks', 'run', 'booking_ingestion_new', 'load_data', 'scheduled__2024-01-02T00:00:00+00:00', '--job-id', '94', '--raw', '--subdir', 'DAGS_FOLDER/dag_with_postgres_operator3.py', '--cfg-path', '/tmp/tmpmx8kjh5o']
[2024-01-03T13:59:00.706+0000] {standard_task_runner.py:85} INFO - Job 94: Subtask load_data
[2024-01-03T13:59:00.825+0000] {task_command.py:415} INFO - Running <TaskInstance: booking_ingestion_new.load_data scheduled__2024-01-02T00:00:00+00:00 [running]> on host 1aef81c6d4c5
[2024-01-03T13:59:01.287+0000] {taskinstance.py:1660} INFO - Exporting env vars: AIRFLOW_CTX_DAG_OWNER='***' AIRFLOW_CTX_DAG_ID='booking_ingestion_new' AIRFLOW_CTX_TASK_ID='load_data' AIRFLOW_CTX_EXECUTION_DATE='2024-01-02T00:00:00+00:00' AIRFLOW_CTX_TRY_NUMBER='1' AIRFLOW_CTX_DAG_RUN_ID='scheduled__2024-01-02T00:00:00+00:00'
[2024-01-03T13:59:01.301+0000] {python.py:194} INFO - Done. Returned value was: {'status': 'error', 'message': "'str' object has no attribute 'keys'"}
[2024-01-03T13:59:01.369+0000] {taskinstance.py:1400} INFO - Marking task as SUCCESS. dag_id=booking_ingestion_new, task_id=load_data, execution_date=20240102T000000, start_date=20240103T135900, end_date=20240103T135901
[2024-01-03T13:59:01.440+0000] {local_task_job_runner.py:228} INFO - Task exited with return code 0
[2024-01-03T13:59:01.473+0000] {taskinstance.py:2784} INFO - 1 downstream tasks scheduled from follow-on schedule check
