[2024-01-03T02:23:36.847+0000] {taskinstance.py:1159} INFO - Dependencies all met for dep_context=non-requeueable deps ti=<TaskInstance: booking_ingestion.create_table scheduled__2024-01-02T00:00:00+00:00 [queued]>
[2024-01-03T02:23:36.861+0000] {taskinstance.py:1159} INFO - Dependencies all met for dep_context=requeueable deps ti=<TaskInstance: booking_ingestion.create_table scheduled__2024-01-02T00:00:00+00:00 [queued]>
[2024-01-03T02:23:36.861+0000] {taskinstance.py:1361} INFO - Starting attempt 1 of 1
[2024-01-03T02:23:36.977+0000] {taskinstance.py:1382} INFO - Executing <Task(_PythonDecoratedOperator): create_table> on 2024-01-02 00:00:00+00:00
[2024-01-03T02:23:37.004+0000] {standard_task_runner.py:57} INFO - Started process 209 to run task
[2024-01-03T02:23:37.026+0000] {standard_task_runner.py:84} INFO - Running: ['***', 'tasks', 'run', 'booking_ingestion', 'create_table', 'scheduled__2024-01-02T00:00:00+00:00', '--job-id', '62', '--raw', '--subdir', 'DAGS_FOLDER/dag_with_postgress_operator2.py', '--cfg-path', '/tmp/tmpcd4156r_']
[2024-01-03T02:23:37.040+0000] {standard_task_runner.py:85} INFO - Job 62: Subtask create_table
[2024-01-03T02:23:37.190+0000] {task_command.py:415} INFO - Running <TaskInstance: booking_ingestion.create_table scheduled__2024-01-02T00:00:00+00:00 [running]> on host 2590655a4ba7
[2024-01-03T02:23:37.869+0000] {taskinstance.py:1660} INFO - Exporting env vars: AIRFLOW_CTX_DAG_OWNER='***' AIRFLOW_CTX_DAG_ID='booking_ingestion' AIRFLOW_CTX_TASK_ID='create_table' AIRFLOW_CTX_EXECUTION_DATE='2024-01-02T00:00:00+00:00' AIRFLOW_CTX_TRY_NUMBER='1' AIRFLOW_CTX_DAG_RUN_ID='scheduled__2024-01-02T00:00:00+00:00'
[2024-01-03T02:23:38.392+0000] {base.py:73} INFO - Using connection ID 'postgres_localhost' for task execution.
[2024-01-03T02:23:39.424+0000] {python.py:194} INFO - Done. Returned value was: None
[2024-01-03T02:23:39.455+0000] {taskinstance.py:1400} INFO - Marking task as SUCCESS. dag_id=booking_ingestion, task_id=create_table, execution_date=20240102T000000, start_date=20240103T022336, end_date=20240103T022339
[2024-01-03T02:23:39.655+0000] {local_task_job_runner.py:228} INFO - Task exited with return code 0
[2024-01-03T02:23:39.734+0000] {taskinstance.py:2784} INFO - 1 downstream tasks scheduled from follow-on schedule check
[2024-01-03T08:26:03.466+0000] {taskinstance.py:1159} INFO - Dependencies all met for dep_context=non-requeueable deps ti=<TaskInstance: booking_ingestion.create_table scheduled__2024-01-02T00:00:00+00:00 [queued]>
[2024-01-03T08:26:03.511+0000] {taskinstance.py:1159} INFO - Dependencies all met for dep_context=requeueable deps ti=<TaskInstance: booking_ingestion.create_table scheduled__2024-01-02T00:00:00+00:00 [queued]>
[2024-01-03T08:26:03.513+0000] {taskinstance.py:1361} INFO - Starting attempt 1 of 1
[2024-01-03T08:26:03.587+0000] {taskinstance.py:1382} INFO - Executing <Task(_PythonDecoratedOperator): create_table> on 2024-01-02 00:00:00+00:00
[2024-01-03T08:26:03.604+0000] {standard_task_runner.py:57} INFO - Started process 755 to run task
[2024-01-03T08:26:03.610+0000] {standard_task_runner.py:84} INFO - Running: ['***', 'tasks', 'run', 'booking_ingestion', 'create_table', 'scheduled__2024-01-02T00:00:00+00:00', '--job-id', '69', '--raw', '--subdir', 'DAGS_FOLDER/dag_with_postgress_operator1.py', '--cfg-path', '/tmp/tmpzapu9hto']
[2024-01-03T08:26:03.617+0000] {standard_task_runner.py:85} INFO - Job 69: Subtask create_table
[2024-01-03T08:26:03.780+0000] {task_command.py:415} INFO - Running <TaskInstance: booking_ingestion.create_table scheduled__2024-01-02T00:00:00+00:00 [running]> on host 2590655a4ba7
[2024-01-03T08:26:04.590+0000] {taskinstance.py:1660} INFO - Exporting env vars: AIRFLOW_CTX_DAG_OWNER='***' AIRFLOW_CTX_DAG_ID='booking_ingestion' AIRFLOW_CTX_TASK_ID='create_table' AIRFLOW_CTX_EXECUTION_DATE='2024-01-02T00:00:00+00:00' AIRFLOW_CTX_TRY_NUMBER='1' AIRFLOW_CTX_DAG_RUN_ID='scheduled__2024-01-02T00:00:00+00:00'
[2024-01-03T08:26:04.642+0000] {base.py:73} INFO - Using connection ID 'postgres_localhost' for task execution.
[2024-01-03T08:26:19.419+0000] {taskinstance.py:1943} ERROR - Task failed with exception
Traceback (most recent call last):
  File "/home/airflow/.local/lib/python3.8/site-packages/airflow/decorators/base.py", line 221, in execute
    return_value = super().execute(context)
  File "/home/airflow/.local/lib/python3.8/site-packages/airflow/operators/python.py", line 192, in execute
    return_value = self.execute_callable()
  File "/home/airflow/.local/lib/python3.8/site-packages/airflow/operators/python.py", line 209, in execute_callable
    return self.python_callable(*self.op_args, **self.op_kwargs)
  File "/opt/airflow/dags/dag_with_postgress_operator1.py", line 62, in create_table
    conn = postgres_hook.get_conn()
  File "/home/airflow/.local/lib/python3.8/site-packages/airflow/providers/postgres/hooks/postgres.py", line 154, in get_conn
    self.conn = psycopg2.connect(**conn_args)
  File "/home/airflow/.local/lib/python3.8/site-packages/psycopg2/__init__.py", line 122, in connect
    conn = _connect(dsn, connection_factory=connection_factory, **kwasync)
psycopg2.OperationalError: could not translate host name "host.docker.internal" to address: Temporary failure in name resolution

[2024-01-03T08:26:21.756+0000] {taskinstance.py:1400} INFO - Marking task as FAILED. dag_id=booking_ingestion, task_id=create_table, execution_date=20240102T000000, start_date=20240103T082603, end_date=20240103T082621
[2024-01-03T08:26:22.812+0000] {standard_task_runner.py:104} ERROR - Failed to execute job 69 for task create_table (could not translate host name "host.docker.internal" to address: Temporary failure in name resolution
; 755)
[2024-01-03T08:26:23.052+0000] {local_task_job_runner.py:228} INFO - Task exited with return code 1
[2024-01-03T08:26:23.175+0000] {taskinstance.py:2784} INFO - 0 downstream tasks scheduled from follow-on schedule check
[2024-01-03T08:30:52.452+0000] {taskinstance.py:1159} INFO - Dependencies all met for dep_context=non-requeueable deps ti=<TaskInstance: booking_ingestion.create_table scheduled__2024-01-02T00:00:00+00:00 [queued]>
[2024-01-03T08:30:52.497+0000] {taskinstance.py:1159} INFO - Dependencies all met for dep_context=requeueable deps ti=<TaskInstance: booking_ingestion.create_table scheduled__2024-01-02T00:00:00+00:00 [queued]>
[2024-01-03T08:30:52.498+0000] {taskinstance.py:1361} INFO - Starting attempt 1 of 1
[2024-01-03T08:30:52.565+0000] {taskinstance.py:1382} INFO - Executing <Task(_PythonDecoratedOperator): create_table> on 2024-01-02 00:00:00+00:00
[2024-01-03T08:30:52.575+0000] {standard_task_runner.py:57} INFO - Started process 949 to run task
[2024-01-03T08:30:52.581+0000] {standard_task_runner.py:84} INFO - Running: ['***', 'tasks', 'run', 'booking_ingestion', 'create_table', 'scheduled__2024-01-02T00:00:00+00:00', '--job-id', '71', '--raw', '--subdir', 'DAGS_FOLDER/dag_with_postgress_operator1.py', '--cfg-path', '/tmp/tmpm0kqxj9k']
[2024-01-03T08:30:52.586+0000] {standard_task_runner.py:85} INFO - Job 71: Subtask create_table
[2024-01-03T08:30:52.704+0000] {task_command.py:415} INFO - Running <TaskInstance: booking_ingestion.create_table scheduled__2024-01-02T00:00:00+00:00 [running]> on host 2590655a4ba7
[2024-01-03T08:30:53.151+0000] {taskinstance.py:1660} INFO - Exporting env vars: AIRFLOW_CTX_DAG_OWNER='***' AIRFLOW_CTX_DAG_ID='booking_ingestion' AIRFLOW_CTX_TASK_ID='create_table' AIRFLOW_CTX_EXECUTION_DATE='2024-01-02T00:00:00+00:00' AIRFLOW_CTX_TRY_NUMBER='1' AIRFLOW_CTX_DAG_RUN_ID='scheduled__2024-01-02T00:00:00+00:00'
[2024-01-03T08:30:53.165+0000] {base.py:73} INFO - Using connection ID 'postgres_localhost' for task execution.
[2024-01-03T08:30:53.900+0000] {python.py:194} INFO - Done. Returned value was: None
[2024-01-03T08:30:53.925+0000] {taskinstance.py:1400} INFO - Marking task as SUCCESS. dag_id=booking_ingestion, task_id=create_table, execution_date=20240102T000000, start_date=20240103T083052, end_date=20240103T083053
[2024-01-03T08:30:54.044+0000] {local_task_job_runner.py:228} INFO - Task exited with return code 0
[2024-01-03T08:30:54.094+0000] {taskinstance.py:2784} INFO - 1 downstream tasks scheduled from follow-on schedule check
[2024-01-03T10:18:18.652+0000] {taskinstance.py:1159} INFO - Dependencies all met for dep_context=non-requeueable deps ti=<TaskInstance: booking_ingestion.create_table scheduled__2024-01-02T00:00:00+00:00 [queued]>
[2024-01-03T10:18:18.791+0000] {taskinstance.py:1159} INFO - Dependencies all met for dep_context=requeueable deps ti=<TaskInstance: booking_ingestion.create_table scheduled__2024-01-02T00:00:00+00:00 [queued]>
[2024-01-03T10:18:18.792+0000] {taskinstance.py:1361} INFO - Starting attempt 1 of 1
[2024-01-03T10:18:18.887+0000] {taskinstance.py:1382} INFO - Executing <Task(_PythonDecoratedOperator): create_table> on 2024-01-02 00:00:00+00:00
[2024-01-03T10:18:18.896+0000] {standard_task_runner.py:57} INFO - Started process 4951 to run task
[2024-01-03T10:18:18.903+0000] {standard_task_runner.py:84} INFO - Running: ['***', 'tasks', 'run', 'booking_ingestion', 'create_table', 'scheduled__2024-01-02T00:00:00+00:00', '--job-id', '75', '--raw', '--subdir', 'DAGS_FOLDER/dag_with_postgress_operator1.py', '--cfg-path', '/tmp/tmpzcgunyzr']
[2024-01-03T10:18:18.913+0000] {standard_task_runner.py:85} INFO - Job 75: Subtask create_table
[2024-01-03T10:18:19.141+0000] {task_command.py:415} INFO - Running <TaskInstance: booking_ingestion.create_table scheduled__2024-01-02T00:00:00+00:00 [running]> on host 2590655a4ba7
[2024-01-03T10:18:19.857+0000] {taskinstance.py:1660} INFO - Exporting env vars: AIRFLOW_CTX_DAG_OWNER='***' AIRFLOW_CTX_DAG_ID='booking_ingestion' AIRFLOW_CTX_TASK_ID='create_table' AIRFLOW_CTX_EXECUTION_DATE='2024-01-02T00:00:00+00:00' AIRFLOW_CTX_TRY_NUMBER='1' AIRFLOW_CTX_DAG_RUN_ID='scheduled__2024-01-02T00:00:00+00:00'
[2024-01-03T10:18:19.890+0000] {base.py:73} INFO - Using connection ID 'postgres_localhost' for task execution.
[2024-01-03T10:18:20.627+0000] {python.py:194} INFO - Done. Returned value was: None
[2024-01-03T10:18:20.650+0000] {taskinstance.py:1400} INFO - Marking task as SUCCESS. dag_id=booking_ingestion, task_id=create_table, execution_date=20240102T000000, start_date=20240103T101818, end_date=20240103T101820
[2024-01-03T10:18:20.774+0000] {local_task_job_runner.py:228} INFO - Task exited with return code 0
[2024-01-03T10:18:20.843+0000] {taskinstance.py:2784} INFO - 1 downstream tasks scheduled from follow-on schedule check
[2024-01-03T10:52:34.202+0000] {taskinstance.py:1159} INFO - Dependencies all met for dep_context=non-requeueable deps ti=<TaskInstance: booking_ingestion.create_table scheduled__2024-01-02T00:00:00+00:00 [queued]>
[2024-01-03T10:52:34.242+0000] {taskinstance.py:1159} INFO - Dependencies all met for dep_context=requeueable deps ti=<TaskInstance: booking_ingestion.create_table scheduled__2024-01-02T00:00:00+00:00 [queued]>
[2024-01-03T10:52:34.243+0000] {taskinstance.py:1361} INFO - Starting attempt 1 of 1
[2024-01-03T10:52:34.300+0000] {taskinstance.py:1382} INFO - Executing <Task(_PythonDecoratedOperator): create_table> on 2024-01-02 00:00:00+00:00
[2024-01-03T10:52:34.309+0000] {standard_task_runner.py:57} INFO - Started process 6204 to run task
[2024-01-03T10:52:34.314+0000] {standard_task_runner.py:84} INFO - Running: ['***', 'tasks', 'run', 'booking_ingestion', 'create_table', 'scheduled__2024-01-02T00:00:00+00:00', '--job-id', '78', '--raw', '--subdir', 'DAGS_FOLDER/dag_with_postgress_operator1.py', '--cfg-path', '/tmp/tmp2j2n3g0_']
[2024-01-03T10:52:34.321+0000] {standard_task_runner.py:85} INFO - Job 78: Subtask create_table
[2024-01-03T10:52:34.425+0000] {task_command.py:415} INFO - Running <TaskInstance: booking_ingestion.create_table scheduled__2024-01-02T00:00:00+00:00 [running]> on host 2590655a4ba7
[2024-01-03T10:52:35.024+0000] {taskinstance.py:1660} INFO - Exporting env vars: AIRFLOW_CTX_DAG_OWNER='***' AIRFLOW_CTX_DAG_ID='booking_ingestion' AIRFLOW_CTX_TASK_ID='create_table' AIRFLOW_CTX_EXECUTION_DATE='2024-01-02T00:00:00+00:00' AIRFLOW_CTX_TRY_NUMBER='1' AIRFLOW_CTX_DAG_RUN_ID='scheduled__2024-01-02T00:00:00+00:00'
[2024-01-03T10:52:35.035+0000] {base.py:73} INFO - Using connection ID 'postgres_localhost' for task execution.
[2024-01-03T10:52:35.083+0000] {python.py:194} INFO - Done. Returned value was: None
[2024-01-03T10:52:35.097+0000] {taskinstance.py:1400} INFO - Marking task as SUCCESS. dag_id=booking_ingestion, task_id=create_table, execution_date=20240102T000000, start_date=20240103T105234, end_date=20240103T105235
[2024-01-03T10:52:35.294+0000] {local_task_job_runner.py:228} INFO - Task exited with return code 0
[2024-01-03T10:52:35.328+0000] {taskinstance.py:2784} INFO - 1 downstream tasks scheduled from follow-on schedule check
[2024-01-03T11:56:02.273+0000] {taskinstance.py:1159} INFO - Dependencies all met for dep_context=non-requeueable deps ti=<TaskInstance: booking_ingestion.create_table scheduled__2024-01-02T00:00:00+00:00 [queued]>
[2024-01-03T11:56:02.300+0000] {taskinstance.py:1159} INFO - Dependencies all met for dep_context=requeueable deps ti=<TaskInstance: booking_ingestion.create_table scheduled__2024-01-02T00:00:00+00:00 [queued]>
[2024-01-03T11:56:02.301+0000] {taskinstance.py:1361} INFO - Starting attempt 1 of 1
[2024-01-03T11:56:02.342+0000] {taskinstance.py:1382} INFO - Executing <Task(_PythonDecoratedOperator): create_table> on 2024-01-02 00:00:00+00:00
[2024-01-03T11:56:02.350+0000] {standard_task_runner.py:57} INFO - Started process 8613 to run task
[2024-01-03T11:56:02.354+0000] {standard_task_runner.py:84} INFO - Running: ['***', 'tasks', 'run', 'booking_ingestion', 'create_table', 'scheduled__2024-01-02T00:00:00+00:00', '--job-id', '81', '--raw', '--subdir', 'DAGS_FOLDER/dag_with_postgress_operator1.py', '--cfg-path', '/tmp/tmptnpy3ju9']
[2024-01-03T11:56:02.357+0000] {standard_task_runner.py:85} INFO - Job 81: Subtask create_table
[2024-01-03T11:56:02.429+0000] {task_command.py:415} INFO - Running <TaskInstance: booking_ingestion.create_table scheduled__2024-01-02T00:00:00+00:00 [running]> on host 2590655a4ba7
[2024-01-03T11:56:02.763+0000] {taskinstance.py:1660} INFO - Exporting env vars: AIRFLOW_CTX_DAG_OWNER='***' AIRFLOW_CTX_DAG_ID='booking_ingestion' AIRFLOW_CTX_TASK_ID='create_table' AIRFLOW_CTX_EXECUTION_DATE='2024-01-02T00:00:00+00:00' AIRFLOW_CTX_TRY_NUMBER='1' AIRFLOW_CTX_DAG_RUN_ID='scheduled__2024-01-02T00:00:00+00:00'
[2024-01-03T11:56:02.774+0000] {base.py:73} INFO - Using connection ID 'postgres_localhost' for task execution.
[2024-01-03T11:56:03.017+0000] {python.py:194} INFO - Done. Returned value was: None
[2024-01-03T11:56:03.033+0000] {taskinstance.py:1400} INFO - Marking task as SUCCESS. dag_id=booking_ingestion, task_id=create_table, execution_date=20240102T000000, start_date=20240103T115602, end_date=20240103T115603
[2024-01-03T11:56:03.129+0000] {local_task_job_runner.py:228} INFO - Task exited with return code 0
[2024-01-03T11:56:03.162+0000] {taskinstance.py:2784} INFO - 1 downstream tasks scheduled from follow-on schedule check
[2024-01-03T12:01:02.303+0000] {taskinstance.py:1159} INFO - Dependencies all met for dep_context=non-requeueable deps ti=<TaskInstance: booking_ingestion.create_table scheduled__2024-01-02T00:00:00+00:00 [queued]>
[2024-01-03T12:01:02.317+0000] {taskinstance.py:1159} INFO - Dependencies all met for dep_context=requeueable deps ti=<TaskInstance: booking_ingestion.create_table scheduled__2024-01-02T00:00:00+00:00 [queued]>
[2024-01-03T12:01:02.317+0000] {taskinstance.py:1361} INFO - Starting attempt 1 of 1
[2024-01-03T12:01:02.349+0000] {taskinstance.py:1382} INFO - Executing <Task(_PythonDecoratedOperator): create_table> on 2024-01-02 00:00:00+00:00
[2024-01-03T12:01:02.358+0000] {standard_task_runner.py:57} INFO - Started process 8830 to run task
[2024-01-03T12:01:02.361+0000] {standard_task_runner.py:84} INFO - Running: ['***', 'tasks', 'run', 'booking_ingestion', 'create_table', 'scheduled__2024-01-02T00:00:00+00:00', '--job-id', '84', '--raw', '--subdir', 'DAGS_FOLDER/dag_with_postgress_operator1.py', '--cfg-path', '/tmp/tmpyswqayr3']
[2024-01-03T12:01:02.365+0000] {standard_task_runner.py:85} INFO - Job 84: Subtask create_table
[2024-01-03T12:01:02.450+0000] {task_command.py:415} INFO - Running <TaskInstance: booking_ingestion.create_table scheduled__2024-01-02T00:00:00+00:00 [running]> on host 2590655a4ba7
[2024-01-03T12:01:02.893+0000] {taskinstance.py:1660} INFO - Exporting env vars: AIRFLOW_CTX_DAG_OWNER='***' AIRFLOW_CTX_DAG_ID='booking_ingestion' AIRFLOW_CTX_TASK_ID='create_table' AIRFLOW_CTX_EXECUTION_DATE='2024-01-02T00:00:00+00:00' AIRFLOW_CTX_TRY_NUMBER='1' AIRFLOW_CTX_DAG_RUN_ID='scheduled__2024-01-02T00:00:00+00:00'
[2024-01-03T12:01:02.907+0000] {base.py:73} INFO - Using connection ID 'postgres_localhost' for task execution.
[2024-01-03T12:01:03.003+0000] {python.py:194} INFO - Done. Returned value was: None
[2024-01-03T12:01:03.021+0000] {taskinstance.py:1400} INFO - Marking task as SUCCESS. dag_id=booking_ingestion, task_id=create_table, execution_date=20240102T000000, start_date=20240103T120102, end_date=20240103T120103
[2024-01-03T12:01:03.112+0000] {local_task_job_runner.py:228} INFO - Task exited with return code 0
[2024-01-03T12:01:03.146+0000] {taskinstance.py:2784} INFO - 1 downstream tasks scheduled from follow-on schedule check
[2024-01-03T14:19:04.532+0000] {taskinstance.py:1159} INFO - Dependencies all met for dep_context=non-requeueable deps ti=<TaskInstance: booking_ingestion.create_table scheduled__2024-01-02T00:00:00+00:00 [queued]>
[2024-01-03T14:19:04.565+0000] {taskinstance.py:1159} INFO - Dependencies all met for dep_context=requeueable deps ti=<TaskInstance: booking_ingestion.create_table scheduled__2024-01-02T00:00:00+00:00 [queued]>
[2024-01-03T14:19:04.566+0000] {taskinstance.py:1361} INFO - Starting attempt 1 of 6
[2024-01-03T14:19:04.602+0000] {taskinstance.py:1382} INFO - Executing <Task(_PythonDecoratedOperator): create_table> on 2024-01-02 00:00:00+00:00
[2024-01-03T14:19:04.610+0000] {standard_task_runner.py:57} INFO - Started process 1921 to run task
[2024-01-03T14:19:04.615+0000] {standard_task_runner.py:84} INFO - Running: ['***', 'tasks', 'run', 'booking_ingestion', 'create_table', 'scheduled__2024-01-02T00:00:00+00:00', '--job-id', '97', '--raw', '--subdir', 'DAGS_FOLDER/dag_with_postgres_operator.py', '--cfg-path', '/tmp/tmp48c8r4zv']
[2024-01-03T14:19:04.619+0000] {standard_task_runner.py:85} INFO - Job 97: Subtask create_table
[2024-01-03T14:19:04.715+0000] {task_command.py:415} INFO - Running <TaskInstance: booking_ingestion.create_table scheduled__2024-01-02T00:00:00+00:00 [running]> on host 1aef81c6d4c5
[2024-01-03T14:19:05.082+0000] {taskinstance.py:1660} INFO - Exporting env vars: AIRFLOW_CTX_DAG_OWNER='***' AIRFLOW_CTX_DAG_ID='booking_ingestion' AIRFLOW_CTX_TASK_ID='create_table' AIRFLOW_CTX_EXECUTION_DATE='2024-01-02T00:00:00+00:00' AIRFLOW_CTX_TRY_NUMBER='1' AIRFLOW_CTX_DAG_RUN_ID='scheduled__2024-01-02T00:00:00+00:00'
[2024-01-03T14:19:05.146+0000] {python.py:194} INFO - Done. Returned value was: {'status': 'success', 'message': 'Table booking_record created successfully'}
[2024-01-03T14:19:05.222+0000] {taskinstance.py:1400} INFO - Marking task as SUCCESS. dag_id=booking_ingestion, task_id=create_table, execution_date=20240102T000000, start_date=20240103T141904, end_date=20240103T141905
[2024-01-03T14:19:05.270+0000] {local_task_job_runner.py:228} INFO - Task exited with return code 0
[2024-01-03T14:19:05.306+0000] {taskinstance.py:2784} INFO - 1 downstream tasks scheduled from follow-on schedule check
[2024-01-03T14:36:59.855+0000] {taskinstance.py:1159} INFO - Dependencies all met for dep_context=non-requeueable deps ti=<TaskInstance: booking_ingestion.create_table scheduled__2024-01-02T00:00:00+00:00 [queued]>
[2024-01-03T14:36:59.871+0000] {taskinstance.py:1159} INFO - Dependencies all met for dep_context=requeueable deps ti=<TaskInstance: booking_ingestion.create_table scheduled__2024-01-02T00:00:00+00:00 [queued]>
[2024-01-03T14:36:59.873+0000] {taskinstance.py:1361} INFO - Starting attempt 1 of 6
[2024-01-03T14:36:59.983+0000] {taskinstance.py:1382} INFO - Executing <Task(_PythonDecoratedOperator): create_table> on 2024-01-02 00:00:00+00:00
[2024-01-03T14:36:59.991+0000] {standard_task_runner.py:57} INFO - Started process 2452 to run task
[2024-01-03T14:36:59.997+0000] {standard_task_runner.py:84} INFO - Running: ['***', 'tasks', 'run', 'booking_ingestion', 'create_table', 'scheduled__2024-01-02T00:00:00+00:00', '--job-id', '101', '--raw', '--subdir', 'DAGS_FOLDER/dag_with_postgres_operator.py', '--cfg-path', '/tmp/tmpkgh8f8g7']
[2024-01-03T14:37:00.108+0000] {standard_task_runner.py:85} INFO - Job 101: Subtask create_table
[2024-01-03T14:37:00.311+0000] {task_command.py:415} INFO - Running <TaskInstance: booking_ingestion.create_table scheduled__2024-01-02T00:00:00+00:00 [running]> on host 1aef81c6d4c5
[2024-01-03T14:37:01.634+0000] {taskinstance.py:1660} INFO - Exporting env vars: AIRFLOW_CTX_DAG_OWNER='***' AIRFLOW_CTX_DAG_ID='booking_ingestion' AIRFLOW_CTX_TASK_ID='create_table' AIRFLOW_CTX_EXECUTION_DATE='2024-01-02T00:00:00+00:00' AIRFLOW_CTX_TRY_NUMBER='1' AIRFLOW_CTX_DAG_RUN_ID='scheduled__2024-01-02T00:00:00+00:00'
[2024-01-03T14:37:02.221+0000] {python.py:194} INFO - Done. Returned value was: {'status': 'success', 'message': 'Table booking_record created successfully'}
[2024-01-03T14:37:06.585+0000] {taskinstance.py:1400} INFO - Marking task as SUCCESS. dag_id=booking_ingestion, task_id=create_table, execution_date=20240102T000000, start_date=20240103T143659, end_date=20240103T143706
[2024-01-03T14:37:06.994+0000] {local_task_job_runner.py:228} INFO - Task exited with return code 0
[2024-01-03T14:37:07.030+0000] {taskinstance.py:2784} INFO - 1 downstream tasks scheduled from follow-on schedule check
[2024-01-03T14:39:27.702+0000] {taskinstance.py:1159} INFO - Dependencies all met for dep_context=non-requeueable deps ti=<TaskInstance: booking_ingestion.create_table scheduled__2024-01-02T00:00:00+00:00 [queued]>
[2024-01-03T14:39:27.718+0000] {taskinstance.py:1159} INFO - Dependencies all met for dep_context=requeueable deps ti=<TaskInstance: booking_ingestion.create_table scheduled__2024-01-02T00:00:00+00:00 [queued]>
[2024-01-03T14:39:27.719+0000] {taskinstance.py:1361} INFO - Starting attempt 1 of 6
[2024-01-03T14:39:27.761+0000] {taskinstance.py:1382} INFO - Executing <Task(_PythonDecoratedOperator): create_table> on 2024-01-02 00:00:00+00:00
[2024-01-03T14:39:27.769+0000] {standard_task_runner.py:57} INFO - Started process 2546 to run task
[2024-01-03T14:39:27.775+0000] {standard_task_runner.py:84} INFO - Running: ['***', 'tasks', 'run', 'booking_ingestion', 'create_table', 'scheduled__2024-01-02T00:00:00+00:00', '--job-id', '105', '--raw', '--subdir', 'DAGS_FOLDER/dag_with_postgres_operator.py', '--cfg-path', '/tmp/tmpqww73p4y']
[2024-01-03T14:39:27.778+0000] {standard_task_runner.py:85} INFO - Job 105: Subtask create_table
[2024-01-03T14:39:27.878+0000] {task_command.py:415} INFO - Running <TaskInstance: booking_ingestion.create_table scheduled__2024-01-02T00:00:00+00:00 [running]> on host 1aef81c6d4c5
[2024-01-03T14:39:28.240+0000] {taskinstance.py:1660} INFO - Exporting env vars: AIRFLOW_CTX_DAG_OWNER='***' AIRFLOW_CTX_DAG_ID='booking_ingestion' AIRFLOW_CTX_TASK_ID='create_table' AIRFLOW_CTX_EXECUTION_DATE='2024-01-02T00:00:00+00:00' AIRFLOW_CTX_TRY_NUMBER='1' AIRFLOW_CTX_DAG_RUN_ID='scheduled__2024-01-02T00:00:00+00:00'
[2024-01-03T14:39:28.269+0000] {python.py:194} INFO - Done. Returned value was: {'status': 'success', 'message': 'Table booking_record created successfully'}
[2024-01-03T14:39:28.329+0000] {taskinstance.py:1400} INFO - Marking task as SUCCESS. dag_id=booking_ingestion, task_id=create_table, execution_date=20240102T000000, start_date=20240103T143927, end_date=20240103T143928
[2024-01-03T14:39:28.470+0000] {local_task_job_runner.py:228} INFO - Task exited with return code 0
[2024-01-03T14:39:28.509+0000] {taskinstance.py:2784} INFO - 1 downstream tasks scheduled from follow-on schedule check
[2024-01-03T14:47:29.678+0000] {taskinstance.py:1159} INFO - Dependencies all met for dep_context=non-requeueable deps ti=<TaskInstance: booking_ingestion.create_table scheduled__2024-01-02T00:00:00+00:00 [queued]>
[2024-01-03T14:47:29.691+0000] {taskinstance.py:1159} INFO - Dependencies all met for dep_context=requeueable deps ti=<TaskInstance: booking_ingestion.create_table scheduled__2024-01-02T00:00:00+00:00 [queued]>
[2024-01-03T14:47:29.692+0000] {taskinstance.py:1361} INFO - Starting attempt 1 of 6
[2024-01-03T14:47:29.731+0000] {taskinstance.py:1382} INFO - Executing <Task(_PythonDecoratedOperator): create_table> on 2024-01-02 00:00:00+00:00
[2024-01-03T14:47:29.738+0000] {standard_task_runner.py:57} INFO - Started process 2779 to run task
[2024-01-03T14:47:29.742+0000] {standard_task_runner.py:84} INFO - Running: ['***', 'tasks', 'run', 'booking_ingestion', 'create_table', 'scheduled__2024-01-02T00:00:00+00:00', '--job-id', '109', '--raw', '--subdir', 'DAGS_FOLDER/dag_with_postgres_operator.py', '--cfg-path', '/tmp/tmpuomg4cd0']
[2024-01-03T14:47:29.747+0000] {standard_task_runner.py:85} INFO - Job 109: Subtask create_table
[2024-01-03T14:47:29.833+0000] {task_command.py:415} INFO - Running <TaskInstance: booking_ingestion.create_table scheduled__2024-01-02T00:00:00+00:00 [running]> on host 1aef81c6d4c5
[2024-01-03T14:47:30.250+0000] {taskinstance.py:1660} INFO - Exporting env vars: AIRFLOW_CTX_DAG_OWNER='***' AIRFLOW_CTX_DAG_ID='booking_ingestion' AIRFLOW_CTX_TASK_ID='create_table' AIRFLOW_CTX_EXECUTION_DATE='2024-01-02T00:00:00+00:00' AIRFLOW_CTX_TRY_NUMBER='1' AIRFLOW_CTX_DAG_RUN_ID='scheduled__2024-01-02T00:00:00+00:00'
[2024-01-03T14:47:30.259+0000] {python.py:194} INFO - Done. Returned value was: {'status': 'success', 'message': 'Table booking_record created successfully'}
[2024-01-03T14:47:30.328+0000] {taskinstance.py:1400} INFO - Marking task as SUCCESS. dag_id=booking_ingestion, task_id=create_table, execution_date=20240102T000000, start_date=20240103T144729, end_date=20240103T144730
[2024-01-03T14:47:30.442+0000] {local_task_job_runner.py:228} INFO - Task exited with return code 0
[2024-01-03T14:47:30.478+0000] {taskinstance.py:2784} INFO - 1 downstream tasks scheduled from follow-on schedule check
[2024-01-03T14:49:43.955+0000] {taskinstance.py:1159} INFO - Dependencies all met for dep_context=non-requeueable deps ti=<TaskInstance: booking_ingestion.create_table scheduled__2024-01-02T00:00:00+00:00 [queued]>
[2024-01-03T14:49:43.968+0000] {taskinstance.py:1159} INFO - Dependencies all met for dep_context=requeueable deps ti=<TaskInstance: booking_ingestion.create_table scheduled__2024-01-02T00:00:00+00:00 [queued]>
[2024-01-03T14:49:43.969+0000] {taskinstance.py:1361} INFO - Starting attempt 1 of 6
[2024-01-03T14:49:44.011+0000] {taskinstance.py:1382} INFO - Executing <Task(_PythonDecoratedOperator): create_table> on 2024-01-02 00:00:00+00:00
[2024-01-03T14:49:44.018+0000] {standard_task_runner.py:57} INFO - Started process 2855 to run task
[2024-01-03T14:49:44.023+0000] {standard_task_runner.py:84} INFO - Running: ['***', 'tasks', 'run', 'booking_ingestion', 'create_table', 'scheduled__2024-01-02T00:00:00+00:00', '--job-id', '113', '--raw', '--subdir', 'DAGS_FOLDER/dag_with_postgres_operator.py', '--cfg-path', '/tmp/tmp22ohqmfd']
[2024-01-03T14:49:44.026+0000] {standard_task_runner.py:85} INFO - Job 113: Subtask create_table
[2024-01-03T14:49:44.135+0000] {task_command.py:415} INFO - Running <TaskInstance: booking_ingestion.create_table scheduled__2024-01-02T00:00:00+00:00 [running]> on host 1aef81c6d4c5
[2024-01-03T14:49:44.527+0000] {taskinstance.py:1660} INFO - Exporting env vars: AIRFLOW_CTX_DAG_OWNER='***' AIRFLOW_CTX_DAG_ID='booking_ingestion' AIRFLOW_CTX_TASK_ID='create_table' AIRFLOW_CTX_EXECUTION_DATE='2024-01-02T00:00:00+00:00' AIRFLOW_CTX_TRY_NUMBER='1' AIRFLOW_CTX_DAG_RUN_ID='scheduled__2024-01-02T00:00:00+00:00'
[2024-01-03T14:49:44.588+0000] {python.py:194} INFO - Done. Returned value was: {'status': 'success', 'message': 'Table booking_record created successfully'}
[2024-01-03T14:49:44.712+0000] {taskinstance.py:1400} INFO - Marking task as SUCCESS. dag_id=booking_ingestion, task_id=create_table, execution_date=20240102T000000, start_date=20240103T144943, end_date=20240103T144944
[2024-01-03T14:49:44.799+0000] {local_task_job_runner.py:228} INFO - Task exited with return code 0
[2024-01-03T14:49:44.838+0000] {taskinstance.py:2784} INFO - 1 downstream tasks scheduled from follow-on schedule check
[2024-01-03T14:53:34.701+0000] {taskinstance.py:1159} INFO - Dependencies all met for dep_context=non-requeueable deps ti=<TaskInstance: booking_ingestion.create_table scheduled__2024-01-02T00:00:00+00:00 [queued]>
[2024-01-03T14:53:34.714+0000] {taskinstance.py:1159} INFO - Dependencies all met for dep_context=requeueable deps ti=<TaskInstance: booking_ingestion.create_table scheduled__2024-01-02T00:00:00+00:00 [queued]>
[2024-01-03T14:53:34.715+0000] {taskinstance.py:1361} INFO - Starting attempt 1 of 6
[2024-01-03T14:53:34.750+0000] {taskinstance.py:1382} INFO - Executing <Task(_PythonDecoratedOperator): create_table> on 2024-01-02 00:00:00+00:00
[2024-01-03T14:53:34.756+0000] {standard_task_runner.py:57} INFO - Started process 2976 to run task
[2024-01-03T14:53:34.761+0000] {standard_task_runner.py:84} INFO - Running: ['***', 'tasks', 'run', 'booking_ingestion', 'create_table', 'scheduled__2024-01-02T00:00:00+00:00', '--job-id', '117', '--raw', '--subdir', 'DAGS_FOLDER/dag_with_postgres_operator.py', '--cfg-path', '/tmp/tmpexszu63s']
[2024-01-03T14:53:34.765+0000] {standard_task_runner.py:85} INFO - Job 117: Subtask create_table
[2024-01-03T14:53:34.845+0000] {task_command.py:415} INFO - Running <TaskInstance: booking_ingestion.create_table scheduled__2024-01-02T00:00:00+00:00 [running]> on host 1aef81c6d4c5
[2024-01-03T14:53:35.194+0000] {taskinstance.py:1660} INFO - Exporting env vars: AIRFLOW_CTX_DAG_OWNER='***' AIRFLOW_CTX_DAG_ID='booking_ingestion' AIRFLOW_CTX_TASK_ID='create_table' AIRFLOW_CTX_EXECUTION_DATE='2024-01-02T00:00:00+00:00' AIRFLOW_CTX_TRY_NUMBER='1' AIRFLOW_CTX_DAG_RUN_ID='scheduled__2024-01-02T00:00:00+00:00'
[2024-01-03T14:53:35.226+0000] {python.py:194} INFO - Done. Returned value was: {'status': 'success', 'message': 'Table booking_record created successfully'}
[2024-01-03T14:53:35.281+0000] {taskinstance.py:1400} INFO - Marking task as SUCCESS. dag_id=booking_ingestion, task_id=create_table, execution_date=20240102T000000, start_date=20240103T145334, end_date=20240103T145335
[2024-01-03T14:53:35.336+0000] {local_task_job_runner.py:228} INFO - Task exited with return code 0
[2024-01-03T14:53:35.375+0000] {taskinstance.py:2784} INFO - 1 downstream tasks scheduled from follow-on schedule check
[2024-01-03T14:57:24.023+0000] {taskinstance.py:1159} INFO - Dependencies all met for dep_context=non-requeueable deps ti=<TaskInstance: booking_ingestion.create_table scheduled__2024-01-02T00:00:00+00:00 [queued]>
[2024-01-03T14:57:24.037+0000] {taskinstance.py:1159} INFO - Dependencies all met for dep_context=requeueable deps ti=<TaskInstance: booking_ingestion.create_table scheduled__2024-01-02T00:00:00+00:00 [queued]>
[2024-01-03T14:57:24.037+0000] {taskinstance.py:1361} INFO - Starting attempt 1 of 6
[2024-01-03T14:57:24.073+0000] {taskinstance.py:1382} INFO - Executing <Task(_PythonDecoratedOperator): create_table> on 2024-01-02 00:00:00+00:00
[2024-01-03T14:57:24.080+0000] {standard_task_runner.py:57} INFO - Started process 3113 to run task
[2024-01-03T14:57:24.084+0000] {standard_task_runner.py:84} INFO - Running: ['***', 'tasks', 'run', 'booking_ingestion', 'create_table', 'scheduled__2024-01-02T00:00:00+00:00', '--job-id', '121', '--raw', '--subdir', 'DAGS_FOLDER/dag_with_postgres_operator.py', '--cfg-path', '/tmp/tmpckxn7ohp']
[2024-01-03T14:57:24.087+0000] {standard_task_runner.py:85} INFO - Job 121: Subtask create_table
[2024-01-03T14:57:24.335+0000] {task_command.py:415} INFO - Running <TaskInstance: booking_ingestion.create_table scheduled__2024-01-02T00:00:00+00:00 [running]> on host 1aef81c6d4c5
[2024-01-03T14:57:24.914+0000] {taskinstance.py:1660} INFO - Exporting env vars: AIRFLOW_CTX_DAG_OWNER='***' AIRFLOW_CTX_DAG_ID='booking_ingestion' AIRFLOW_CTX_TASK_ID='create_table' AIRFLOW_CTX_EXECUTION_DATE='2024-01-02T00:00:00+00:00' AIRFLOW_CTX_TRY_NUMBER='1' AIRFLOW_CTX_DAG_RUN_ID='scheduled__2024-01-02T00:00:00+00:00'
[2024-01-03T14:57:24.923+0000] {python.py:194} INFO - Done. Returned value was: {'status': 'success', 'message': 'Table booking_record created successfully'}
[2024-01-03T14:57:25.013+0000] {taskinstance.py:1400} INFO - Marking task as SUCCESS. dag_id=booking_ingestion, task_id=create_table, execution_date=20240102T000000, start_date=20240103T145724, end_date=20240103T145725
[2024-01-03T14:57:25.142+0000] {local_task_job_runner.py:228} INFO - Task exited with return code 0
[2024-01-03T14:57:25.178+0000] {taskinstance.py:2784} INFO - 1 downstream tasks scheduled from follow-on schedule check
[2024-01-03T15:01:37.807+0000] {taskinstance.py:1159} INFO - Dependencies all met for dep_context=non-requeueable deps ti=<TaskInstance: booking_ingestion.create_table scheduled__2024-01-02T00:00:00+00:00 [queued]>
[2024-01-03T15:01:37.820+0000] {taskinstance.py:1159} INFO - Dependencies all met for dep_context=requeueable deps ti=<TaskInstance: booking_ingestion.create_table scheduled__2024-01-02T00:00:00+00:00 [queued]>
[2024-01-03T15:01:37.821+0000] {taskinstance.py:1361} INFO - Starting attempt 1 of 6
[2024-01-03T15:01:37.860+0000] {taskinstance.py:1382} INFO - Executing <Task(_PythonDecoratedOperator): create_table> on 2024-01-02 00:00:00+00:00
[2024-01-03T15:01:37.867+0000] {standard_task_runner.py:57} INFO - Started process 3272 to run task
[2024-01-03T15:01:37.871+0000] {standard_task_runner.py:84} INFO - Running: ['***', 'tasks', 'run', 'booking_ingestion', 'create_table', 'scheduled__2024-01-02T00:00:00+00:00', '--job-id', '125', '--raw', '--subdir', 'DAGS_FOLDER/dag_with_postgres_operator.py', '--cfg-path', '/tmp/tmpmvhgeti0']
[2024-01-03T15:01:37.875+0000] {standard_task_runner.py:85} INFO - Job 125: Subtask create_table
[2024-01-03T15:01:37.959+0000] {task_command.py:415} INFO - Running <TaskInstance: booking_ingestion.create_table scheduled__2024-01-02T00:00:00+00:00 [running]> on host 1aef81c6d4c5
[2024-01-03T15:01:38.324+0000] {taskinstance.py:1660} INFO - Exporting env vars: AIRFLOW_CTX_DAG_OWNER='***' AIRFLOW_CTX_DAG_ID='booking_ingestion' AIRFLOW_CTX_TASK_ID='create_table' AIRFLOW_CTX_EXECUTION_DATE='2024-01-02T00:00:00+00:00' AIRFLOW_CTX_TRY_NUMBER='1' AIRFLOW_CTX_DAG_RUN_ID='scheduled__2024-01-02T00:00:00+00:00'
[2024-01-03T15:01:38.371+0000] {python.py:194} INFO - Done. Returned value was: {'status': 'success', 'message': 'Table booking_record created successfully'}
[2024-01-03T15:01:38.428+0000] {taskinstance.py:1400} INFO - Marking task as SUCCESS. dag_id=booking_ingestion, task_id=create_table, execution_date=20240102T000000, start_date=20240103T150137, end_date=20240103T150138
[2024-01-03T15:01:38.486+0000] {local_task_job_runner.py:228} INFO - Task exited with return code 0
[2024-01-03T15:01:38.524+0000] {taskinstance.py:2784} INFO - 1 downstream tasks scheduled from follow-on schedule check
[2024-01-03T15:14:09.055+0000] {taskinstance.py:1159} INFO - Dependencies all met for dep_context=non-requeueable deps ti=<TaskInstance: booking_ingestion.create_table scheduled__2024-01-02T00:00:00+00:00 [queued]>
[2024-01-03T15:14:09.088+0000] {taskinstance.py:1159} INFO - Dependencies all met for dep_context=requeueable deps ti=<TaskInstance: booking_ingestion.create_table scheduled__2024-01-02T00:00:00+00:00 [queued]>
[2024-01-03T15:14:09.089+0000] {taskinstance.py:1361} INFO - Starting attempt 1 of 6
[2024-01-03T15:14:09.211+0000] {taskinstance.py:1382} INFO - Executing <Task(_PythonDecoratedOperator): create_table> on 2024-01-02 00:00:00+00:00
[2024-01-03T15:14:09.230+0000] {standard_task_runner.py:57} INFO - Started process 183 to run task
[2024-01-03T15:14:09.239+0000] {standard_task_runner.py:84} INFO - Running: ['***', 'tasks', 'run', 'booking_ingestion', 'create_table', 'scheduled__2024-01-02T00:00:00+00:00', '--job-id', '131', '--raw', '--subdir', 'DAGS_FOLDER/dag_with_postgres_operator.py', '--cfg-path', '/tmp/tmpun_ht5je']
[2024-01-03T15:14:09.253+0000] {standard_task_runner.py:85} INFO - Job 131: Subtask create_table
[2024-01-03T15:14:09.464+0000] {task_command.py:415} INFO - Running <TaskInstance: booking_ingestion.create_table scheduled__2024-01-02T00:00:00+00:00 [running]> on host 1aef81c6d4c5
[2024-01-03T15:14:09.987+0000] {taskinstance.py:1660} INFO - Exporting env vars: AIRFLOW_CTX_DAG_OWNER='***' AIRFLOW_CTX_DAG_ID='booking_ingestion' AIRFLOW_CTX_TASK_ID='create_table' AIRFLOW_CTX_EXECUTION_DATE='2024-01-02T00:00:00+00:00' AIRFLOW_CTX_TRY_NUMBER='1' AIRFLOW_CTX_DAG_RUN_ID='scheduled__2024-01-02T00:00:00+00:00'
[2024-01-03T15:14:10.176+0000] {python.py:194} INFO - Done. Returned value was: {'status': 'success', 'message': 'Table booking_record created successfully'}
[2024-01-03T15:14:10.252+0000] {taskinstance.py:1400} INFO - Marking task as SUCCESS. dag_id=booking_ingestion, task_id=create_table, execution_date=20240102T000000, start_date=20240103T151409, end_date=20240103T151410
[2024-01-03T15:14:10.357+0000] {local_task_job_runner.py:228} INFO - Task exited with return code 0
[2024-01-03T15:14:10.392+0000] {taskinstance.py:2784} INFO - 1 downstream tasks scheduled from follow-on schedule check
[2024-01-03T15:16:06.956+0000] {taskinstance.py:1159} INFO - Dependencies all met for dep_context=non-requeueable deps ti=<TaskInstance: booking_ingestion.create_table scheduled__2024-01-02T00:00:00+00:00 [queued]>
[2024-01-03T15:16:06.981+0000] {taskinstance.py:1159} INFO - Dependencies all met for dep_context=requeueable deps ti=<TaskInstance: booking_ingestion.create_table scheduled__2024-01-02T00:00:00+00:00 [queued]>
[2024-01-03T15:16:06.982+0000] {taskinstance.py:1361} INFO - Starting attempt 1 of 6
[2024-01-03T15:16:07.028+0000] {taskinstance.py:1382} INFO - Executing <Task(_PythonDecoratedOperator): create_table> on 2024-01-02 00:00:00+00:00
[2024-01-03T15:16:07.035+0000] {standard_task_runner.py:57} INFO - Started process 247 to run task
[2024-01-03T15:16:07.041+0000] {standard_task_runner.py:84} INFO - Running: ['***', 'tasks', 'run', 'booking_ingestion', 'create_table', 'scheduled__2024-01-02T00:00:00+00:00', '--job-id', '135', '--raw', '--subdir', 'DAGS_FOLDER/dag_with_postgres_operator.py', '--cfg-path', '/tmp/tmpa_sabpsq']
[2024-01-03T15:16:07.045+0000] {standard_task_runner.py:85} INFO - Job 135: Subtask create_table
[2024-01-03T15:16:07.185+0000] {task_command.py:415} INFO - Running <TaskInstance: booking_ingestion.create_table scheduled__2024-01-02T00:00:00+00:00 [running]> on host 1aef81c6d4c5
[2024-01-03T15:16:07.616+0000] {taskinstance.py:1660} INFO - Exporting env vars: AIRFLOW_CTX_DAG_OWNER='***' AIRFLOW_CTX_DAG_ID='booking_ingestion' AIRFLOW_CTX_TASK_ID='create_table' AIRFLOW_CTX_EXECUTION_DATE='2024-01-02T00:00:00+00:00' AIRFLOW_CTX_TRY_NUMBER='1' AIRFLOW_CTX_DAG_RUN_ID='scheduled__2024-01-02T00:00:00+00:00'
[2024-01-03T15:16:07.625+0000] {python.py:194} INFO - Done. Returned value was: {'status': 'success', 'message': 'Table booking_record created successfully'}
[2024-01-03T15:16:07.747+0000] {taskinstance.py:1400} INFO - Marking task as SUCCESS. dag_id=booking_ingestion, task_id=create_table, execution_date=20240102T000000, start_date=20240103T151606, end_date=20240103T151607
[2024-01-03T15:16:07.898+0000] {local_task_job_runner.py:228} INFO - Task exited with return code 0
[2024-01-03T15:16:07.992+0000] {taskinstance.py:2784} INFO - 0 downstream tasks scheduled from follow-on schedule check
[2024-01-03T15:33:59.721+0000] {taskinstance.py:1159} INFO - Dependencies all met for dep_context=non-requeueable deps ti=<TaskInstance: booking_ingestion.create_table scheduled__2024-01-02T00:00:00+00:00 [queued]>
[2024-01-03T15:33:59.785+0000] {taskinstance.py:1159} INFO - Dependencies all met for dep_context=requeueable deps ti=<TaskInstance: booking_ingestion.create_table scheduled__2024-01-02T00:00:00+00:00 [queued]>
[2024-01-03T15:33:59.786+0000] {taskinstance.py:1361} INFO - Starting attempt 1 of 6
[2024-01-03T15:33:59.869+0000] {taskinstance.py:1382} INFO - Executing <Task(_PythonDecoratedOperator): create_table> on 2024-01-02 00:00:00+00:00
[2024-01-03T15:33:59.883+0000] {standard_task_runner.py:57} INFO - Started process 206 to run task
[2024-01-03T15:33:59.891+0000] {standard_task_runner.py:84} INFO - Running: ['***', 'tasks', 'run', 'booking_ingestion', 'create_table', 'scheduled__2024-01-02T00:00:00+00:00', '--job-id', '141', '--raw', '--subdir', 'DAGS_FOLDER/dag_with_postgres_operator.py', '--cfg-path', '/tmp/tmp05wfgkkd']
[2024-01-03T15:33:59.899+0000] {standard_task_runner.py:85} INFO - Job 141: Subtask create_table
[2024-01-03T15:34:00.085+0000] {task_command.py:415} INFO - Running <TaskInstance: booking_ingestion.create_table scheduled__2024-01-02T00:00:00+00:00 [running]> on host 1aef81c6d4c5
[2024-01-03T15:34:00.516+0000] {taskinstance.py:1660} INFO - Exporting env vars: AIRFLOW_CTX_DAG_OWNER='***' AIRFLOW_CTX_DAG_ID='booking_ingestion' AIRFLOW_CTX_TASK_ID='create_table' AIRFLOW_CTX_EXECUTION_DATE='2024-01-02T00:00:00+00:00' AIRFLOW_CTX_TRY_NUMBER='1' AIRFLOW_CTX_DAG_RUN_ID='scheduled__2024-01-02T00:00:00+00:00'
[2024-01-03T15:34:00.745+0000] {python.py:194} INFO - Done. Returned value was: {'status': 'success', 'message': 'Table booking_record created successfully'}
[2024-01-03T15:34:00.849+0000] {taskinstance.py:1400} INFO - Marking task as SUCCESS. dag_id=booking_ingestion, task_id=create_table, execution_date=20240102T000000, start_date=20240103T153359, end_date=20240103T153400
[2024-01-03T15:34:00.919+0000] {local_task_job_runner.py:228} INFO - Task exited with return code 0
[2024-01-03T15:34:01.039+0000] {taskinstance.py:2784} INFO - 0 downstream tasks scheduled from follow-on schedule check
[2024-01-03T17:41:05.696+0000] {logging_mixin.py:151} INFO - Changing /opt/***/logs/dag_id=booking_ingestion/run_id=scheduled__2024-01-02T00:00:00+00:00/task_id=create_table permission to 509
[2024-01-03T17:41:05.922+0000] {logging_mixin.py:151} INFO - Failed to change /opt/***/logs/dag_id=booking_ingestion/run_id=scheduled__2024-01-02T00:00:00+00:00/task_id=create_table permission to 509: [Errno 1] Operation not permitted: '/opt/***/logs/dag_id=booking_ingestion/run_id=scheduled__2024-01-02T00:00:00+00:00/task_id=create_table'
[2024-01-03T17:41:06.434+0000] {logging_mixin.py:151} INFO - Changing /opt/***/logs/dag_id=booking_ingestion/run_id=scheduled__2024-01-02T00:00:00+00:00/task_id=create_table permission to 509
[2024-01-03T17:41:06.435+0000] {logging_mixin.py:151} INFO - Failed to change /opt/***/logs/dag_id=booking_ingestion/run_id=scheduled__2024-01-02T00:00:00+00:00/task_id=create_table permission to 509: [Errno 1] Operation not permitted: '/opt/***/logs/dag_id=booking_ingestion/run_id=scheduled__2024-01-02T00:00:00+00:00/task_id=create_table'
[2024-01-03T17:41:06.483+0000] {taskinstance.py:1159} INFO - Dependencies all met for dep_context=non-requeueable deps ti=<TaskInstance: booking_ingestion.create_table scheduled__2024-01-02T00:00:00+00:00 [queued]>
[2024-01-03T17:41:06.497+0000] {taskinstance.py:1159} INFO - Dependencies all met for dep_context=requeueable deps ti=<TaskInstance: booking_ingestion.create_table scheduled__2024-01-02T00:00:00+00:00 [queued]>
[2024-01-03T17:41:06.497+0000] {taskinstance.py:1361} INFO - Starting attempt 1 of 6
[2024-01-03T17:41:06.791+0000] {taskinstance.py:1382} INFO - Executing <Task(_PythonDecoratedOperator): create_table> on 2024-01-02 00:00:00+00:00
[2024-01-03T17:41:06.800+0000] {standard_task_runner.py:57} INFO - Started process 184 to run task
[2024-01-03T17:41:06.806+0000] {standard_task_runner.py:84} INFO - Running: ['***', 'tasks', 'run', 'booking_ingestion', 'create_table', 'scheduled__2024-01-02T00:00:00+00:00', '--job-id', '6', '--raw', '--subdir', 'DAGS_FOLDER/dag_with_postgres_operator.py', '--cfg-path', '/tmp/tmp7utbd48k']
[2024-01-03T17:41:06.820+0000] {standard_task_runner.py:85} INFO - Job 6: Subtask create_table
[2024-01-03T17:41:07.137+0000] {logging_mixin.py:151} INFO - Changing /opt/***/logs/dag_id=booking_ingestion/run_id=scheduled__2024-01-02T00:00:00+00:00/task_id=create_table permission to 509
[2024-01-03T17:41:07.139+0000] {logging_mixin.py:151} INFO - Failed to change /opt/***/logs/dag_id=booking_ingestion/run_id=scheduled__2024-01-02T00:00:00+00:00/task_id=create_table permission to 509: [Errno 1] Operation not permitted: '/opt/***/logs/dag_id=booking_ingestion/run_id=scheduled__2024-01-02T00:00:00+00:00/task_id=create_table'
[2024-01-03T17:41:07.141+0000] {task_command.py:415} INFO - Running <TaskInstance: booking_ingestion.create_table scheduled__2024-01-02T00:00:00+00:00 [running]> on host 7bf68de21308
[2024-01-03T17:41:08.068+0000] {taskinstance.py:1660} INFO - Exporting env vars: AIRFLOW_CTX_DAG_OWNER='***' AIRFLOW_CTX_DAG_ID='booking_ingestion' AIRFLOW_CTX_TASK_ID='create_table' AIRFLOW_CTX_EXECUTION_DATE='2024-01-02T00:00:00+00:00' AIRFLOW_CTX_TRY_NUMBER='1' AIRFLOW_CTX_DAG_RUN_ID='scheduled__2024-01-02T00:00:00+00:00'
[2024-01-03T17:41:08.080+0000] {base.py:73} INFO - Using connection ID 'postgres_localhost' for task execution.
[2024-01-03T17:41:08.729+0000] {python.py:194} INFO - Done. Returned value was: None
[2024-01-03T17:41:08.744+0000] {taskinstance.py:1400} INFO - Marking task as SUCCESS. dag_id=booking_ingestion, task_id=create_table, execution_date=20240102T000000, start_date=20240103T174106, end_date=20240103T174108
[2024-01-03T17:41:09.252+0000] {local_task_job_runner.py:228} INFO - Task exited with return code 0
[2024-01-03T17:41:09.278+0000] {taskinstance.py:2784} INFO - 1 downstream tasks scheduled from follow-on schedule check
[2024-01-03T17:46:32.027+0000] {logging_mixin.py:151} INFO - Changing /opt/***/logs/dag_id=booking_ingestion/run_id=scheduled__2024-01-02T00:00:00+00:00/task_id=create_table permission to 509
[2024-01-03T17:46:32.028+0000] {logging_mixin.py:151} INFO - Failed to change /opt/***/logs/dag_id=booking_ingestion/run_id=scheduled__2024-01-02T00:00:00+00:00/task_id=create_table permission to 509: [Errno 1] Operation not permitted: '/opt/***/logs/dag_id=booking_ingestion/run_id=scheduled__2024-01-02T00:00:00+00:00/task_id=create_table'
[2024-01-03T17:46:32.104+0000] {logging_mixin.py:151} INFO - Changing /opt/***/logs/dag_id=booking_ingestion/run_id=scheduled__2024-01-02T00:00:00+00:00/task_id=create_table permission to 509
[2024-01-03T17:46:32.105+0000] {logging_mixin.py:151} INFO - Failed to change /opt/***/logs/dag_id=booking_ingestion/run_id=scheduled__2024-01-02T00:00:00+00:00/task_id=create_table permission to 509: [Errno 1] Operation not permitted: '/opt/***/logs/dag_id=booking_ingestion/run_id=scheduled__2024-01-02T00:00:00+00:00/task_id=create_table'
[2024-01-03T17:46:32.189+0000] {taskinstance.py:1159} INFO - Dependencies all met for dep_context=non-requeueable deps ti=<TaskInstance: booking_ingestion.create_table scheduled__2024-01-02T00:00:00+00:00 [queued]>
[2024-01-03T17:46:32.205+0000] {taskinstance.py:1159} INFO - Dependencies all met for dep_context=requeueable deps ti=<TaskInstance: booking_ingestion.create_table scheduled__2024-01-02T00:00:00+00:00 [queued]>
[2024-01-03T17:46:32.206+0000] {taskinstance.py:1361} INFO - Starting attempt 1 of 6
[2024-01-03T17:46:32.253+0000] {taskinstance.py:1382} INFO - Executing <Task(_PythonDecoratedOperator): create_table> on 2024-01-02 00:00:00+00:00
[2024-01-03T17:46:32.260+0000] {standard_task_runner.py:57} INFO - Started process 338 to run task
[2024-01-03T17:46:32.264+0000] {standard_task_runner.py:84} INFO - Running: ['***', 'tasks', 'run', 'booking_ingestion', 'create_table', 'scheduled__2024-01-02T00:00:00+00:00', '--job-id', '9', '--raw', '--subdir', 'DAGS_FOLDER/dag_with_postgres_operator.py', '--cfg-path', '/tmp/tmp2fpi2tmi']
[2024-01-03T17:46:32.267+0000] {standard_task_runner.py:85} INFO - Job 9: Subtask create_table
[2024-01-03T17:46:32.360+0000] {logging_mixin.py:151} INFO - Changing /opt/***/logs/dag_id=booking_ingestion/run_id=scheduled__2024-01-02T00:00:00+00:00/task_id=create_table permission to 509
[2024-01-03T17:46:32.361+0000] {logging_mixin.py:151} INFO - Failed to change /opt/***/logs/dag_id=booking_ingestion/run_id=scheduled__2024-01-02T00:00:00+00:00/task_id=create_table permission to 509: [Errno 1] Operation not permitted: '/opt/***/logs/dag_id=booking_ingestion/run_id=scheduled__2024-01-02T00:00:00+00:00/task_id=create_table'
[2024-01-03T17:46:32.364+0000] {task_command.py:415} INFO - Running <TaskInstance: booking_ingestion.create_table scheduled__2024-01-02T00:00:00+00:00 [running]> on host 7bf68de21308
[2024-01-03T17:46:32.799+0000] {taskinstance.py:1660} INFO - Exporting env vars: AIRFLOW_CTX_DAG_OWNER='***' AIRFLOW_CTX_DAG_ID='booking_ingestion' AIRFLOW_CTX_TASK_ID='create_table' AIRFLOW_CTX_EXECUTION_DATE='2024-01-02T00:00:00+00:00' AIRFLOW_CTX_TRY_NUMBER='1' AIRFLOW_CTX_DAG_RUN_ID='scheduled__2024-01-02T00:00:00+00:00'
[2024-01-03T17:46:32.822+0000] {base.py:73} INFO - Using connection ID 'postgres_localhost' for task execution.
[2024-01-03T17:46:32.844+0000] {python.py:194} INFO - Done. Returned value was: None
[2024-01-03T17:46:32.875+0000] {taskinstance.py:1400} INFO - Marking task as SUCCESS. dag_id=booking_ingestion, task_id=create_table, execution_date=20240102T000000, start_date=20240103T174632, end_date=20240103T174632
[2024-01-03T17:46:33.039+0000] {local_task_job_runner.py:228} INFO - Task exited with return code 0
[2024-01-03T17:46:33.068+0000] {taskinstance.py:2784} INFO - 0 downstream tasks scheduled from follow-on schedule check
[2024-01-03T18:13:56.436+0000] {logging_mixin.py:151} INFO - Changing /opt/***/logs/dag_id=booking_ingestion/run_id=scheduled__2024-01-02T00:00:00+00:00/task_id=create_table permission to 509
[2024-01-03T18:13:56.453+0000] {logging_mixin.py:151} INFO - Failed to change /opt/***/logs/dag_id=booking_ingestion/run_id=scheduled__2024-01-02T00:00:00+00:00/task_id=create_table permission to 509: [Errno 1] Operation not permitted: '/opt/***/logs/dag_id=booking_ingestion/run_id=scheduled__2024-01-02T00:00:00+00:00/task_id=create_table'
[2024-01-03T18:13:56.582+0000] {logging_mixin.py:151} INFO - Changing /opt/***/logs/dag_id=booking_ingestion/run_id=scheduled__2024-01-02T00:00:00+00:00/task_id=create_table permission to 509
[2024-01-03T18:13:56.583+0000] {logging_mixin.py:151} INFO - Failed to change /opt/***/logs/dag_id=booking_ingestion/run_id=scheduled__2024-01-02T00:00:00+00:00/task_id=create_table permission to 509: [Errno 1] Operation not permitted: '/opt/***/logs/dag_id=booking_ingestion/run_id=scheduled__2024-01-02T00:00:00+00:00/task_id=create_table'
[2024-01-03T18:13:56.715+0000] {taskinstance.py:1159} INFO - Dependencies all met for dep_context=non-requeueable deps ti=<TaskInstance: booking_ingestion.create_table scheduled__2024-01-02T00:00:00+00:00 [queued]>
[2024-01-03T18:13:56.739+0000] {taskinstance.py:1159} INFO - Dependencies all met for dep_context=requeueable deps ti=<TaskInstance: booking_ingestion.create_table scheduled__2024-01-02T00:00:00+00:00 [queued]>
[2024-01-03T18:13:56.741+0000] {taskinstance.py:1361} INFO - Starting attempt 1 of 6
[2024-01-03T18:13:56.787+0000] {taskinstance.py:1382} INFO - Executing <Task(_PythonDecoratedOperator): create_table> on 2024-01-02 00:00:00+00:00
[2024-01-03T18:13:56.827+0000] {standard_task_runner.py:57} INFO - Started process 1012 to run task
[2024-01-03T18:13:56.830+0000] {standard_task_runner.py:84} INFO - Running: ['***', 'tasks', 'run', 'booking_ingestion', 'create_table', 'scheduled__2024-01-02T00:00:00+00:00', '--job-id', '12', '--raw', '--subdir', 'DAGS_FOLDER/dag_with_postgres_operator.py', '--cfg-path', '/tmp/tmppmlvt00m']
[2024-01-03T18:13:56.833+0000] {standard_task_runner.py:85} INFO - Job 12: Subtask create_table
[2024-01-03T18:13:56.946+0000] {logging_mixin.py:151} INFO - Changing /opt/***/logs/dag_id=booking_ingestion/run_id=scheduled__2024-01-02T00:00:00+00:00/task_id=create_table permission to 509
[2024-01-03T18:13:56.947+0000] {logging_mixin.py:151} INFO - Failed to change /opt/***/logs/dag_id=booking_ingestion/run_id=scheduled__2024-01-02T00:00:00+00:00/task_id=create_table permission to 509: [Errno 1] Operation not permitted: '/opt/***/logs/dag_id=booking_ingestion/run_id=scheduled__2024-01-02T00:00:00+00:00/task_id=create_table'
[2024-01-03T18:13:56.951+0000] {task_command.py:415} INFO - Running <TaskInstance: booking_ingestion.create_table scheduled__2024-01-02T00:00:00+00:00 [running]> on host 7bf68de21308
[2024-01-03T18:14:07.841+0000] {taskinstance.py:1660} INFO - Exporting env vars: AIRFLOW_CTX_DAG_OWNER='***' AIRFLOW_CTX_DAG_ID='booking_ingestion' AIRFLOW_CTX_TASK_ID='create_table' AIRFLOW_CTX_EXECUTION_DATE='2024-01-02T00:00:00+00:00' AIRFLOW_CTX_TRY_NUMBER='1' AIRFLOW_CTX_DAG_RUN_ID='scheduled__2024-01-02T00:00:00+00:00'
[2024-01-03T18:14:07.862+0000] {base.py:73} INFO - Using connection ID 'postgres_localhost' for task execution.
[2024-01-03T18:14:08.535+0000] {python.py:194} INFO - Done. Returned value was: None
[2024-01-03T18:14:08.554+0000] {taskinstance.py:1400} INFO - Marking task as SUCCESS. dag_id=booking_ingestion, task_id=create_table, execution_date=20240102T000000, start_date=20240103T181356, end_date=20240103T181408
[2024-01-03T18:14:08.699+0000] {local_task_job_runner.py:228} INFO - Task exited with return code 0
[2024-01-03T18:14:08.747+0000] {taskinstance.py:2784} INFO - 1 downstream tasks scheduled from follow-on schedule check
[2024-01-03T19:49:12.500+0000] {logging_mixin.py:151} INFO - Changing /opt/***/logs/dag_id=booking_ingestion/run_id=scheduled__2024-01-02T00:00:00+00:00/task_id=create_table permission to 509
[2024-01-03T19:49:12.532+0000] {logging_mixin.py:151} INFO - Failed to change /opt/***/logs/dag_id=booking_ingestion/run_id=scheduled__2024-01-02T00:00:00+00:00/task_id=create_table permission to 509: [Errno 1] Operation not permitted: '/opt/***/logs/dag_id=booking_ingestion/run_id=scheduled__2024-01-02T00:00:00+00:00/task_id=create_table'
[2024-01-03T19:49:12.616+0000] {logging_mixin.py:151} INFO - Changing /opt/***/logs/dag_id=booking_ingestion/run_id=scheduled__2024-01-02T00:00:00+00:00/task_id=create_table permission to 509
[2024-01-03T19:49:12.618+0000] {logging_mixin.py:151} INFO - Failed to change /opt/***/logs/dag_id=booking_ingestion/run_id=scheduled__2024-01-02T00:00:00+00:00/task_id=create_table permission to 509: [Errno 1] Operation not permitted: '/opt/***/logs/dag_id=booking_ingestion/run_id=scheduled__2024-01-02T00:00:00+00:00/task_id=create_table'
[2024-01-03T19:49:12.671+0000] {taskinstance.py:1159} INFO - Dependencies all met for dep_context=non-requeueable deps ti=<TaskInstance: booking_ingestion.create_table scheduled__2024-01-02T00:00:00+00:00 [queued]>
[2024-01-03T19:49:12.683+0000] {taskinstance.py:1159} INFO - Dependencies all met for dep_context=requeueable deps ti=<TaskInstance: booking_ingestion.create_table scheduled__2024-01-02T00:00:00+00:00 [queued]>
[2024-01-03T19:49:12.684+0000] {taskinstance.py:1361} INFO - Starting attempt 1 of 6
[2024-01-03T19:49:12.730+0000] {taskinstance.py:1382} INFO - Executing <Task(_PythonDecoratedOperator): create_table> on 2024-01-02 00:00:00+00:00
[2024-01-03T19:49:12.737+0000] {standard_task_runner.py:57} INFO - Started process 3429 to run task
[2024-01-03T19:49:12.742+0000] {standard_task_runner.py:84} INFO - Running: ['***', 'tasks', 'run', 'booking_ingestion', 'create_table', 'scheduled__2024-01-02T00:00:00+00:00', '--job-id', '20', '--raw', '--subdir', 'DAGS_FOLDER/dag_with_postgres_operator.py', '--cfg-path', '/tmp/tmpc0135i04']
[2024-01-03T19:49:12.745+0000] {standard_task_runner.py:85} INFO - Job 20: Subtask create_table
[2024-01-03T19:49:12.820+0000] {logging_mixin.py:151} INFO - Changing /opt/***/logs/dag_id=booking_ingestion/run_id=scheduled__2024-01-02T00:00:00+00:00/task_id=create_table permission to 509
[2024-01-03T19:49:12.821+0000] {logging_mixin.py:151} INFO - Failed to change /opt/***/logs/dag_id=booking_ingestion/run_id=scheduled__2024-01-02T00:00:00+00:00/task_id=create_table permission to 509: [Errno 1] Operation not permitted: '/opt/***/logs/dag_id=booking_ingestion/run_id=scheduled__2024-01-02T00:00:00+00:00/task_id=create_table'
[2024-01-03T19:49:12.823+0000] {task_command.py:415} INFO - Running <TaskInstance: booking_ingestion.create_table scheduled__2024-01-02T00:00:00+00:00 [running]> on host 7bf68de21308
[2024-01-03T19:49:13.211+0000] {taskinstance.py:1660} INFO - Exporting env vars: AIRFLOW_CTX_DAG_OWNER='***' AIRFLOW_CTX_DAG_ID='booking_ingestion' AIRFLOW_CTX_TASK_ID='create_table' AIRFLOW_CTX_EXECUTION_DATE='2024-01-02T00:00:00+00:00' AIRFLOW_CTX_TRY_NUMBER='1' AIRFLOW_CTX_DAG_RUN_ID='scheduled__2024-01-02T00:00:00+00:00'
[2024-01-03T19:49:13.234+0000] {base.py:73} INFO - Using connection ID 'postgres_localhost' for task execution.
[2024-01-03T19:49:15.897+0000] {python.py:194} INFO - Done. Returned value was: None
[2024-01-03T19:49:15.917+0000] {taskinstance.py:1400} INFO - Marking task as SUCCESS. dag_id=booking_ingestion, task_id=create_table, execution_date=20240102T000000, start_date=20240103T194912, end_date=20240103T194915
[2024-01-03T19:49:15.974+0000] {local_task_job_runner.py:228} INFO - Task exited with return code 0
[2024-01-03T19:49:16.059+0000] {taskinstance.py:2784} INFO - 0 downstream tasks scheduled from follow-on schedule check
[2024-01-03T19:53:24.282+0000] {logging_mixin.py:151} INFO - Changing /opt/***/logs/dag_id=booking_ingestion/run_id=scheduled__2024-01-02T00:00:00+00:00/task_id=create_table permission to 509
[2024-01-03T19:53:24.283+0000] {logging_mixin.py:151} INFO - Failed to change /opt/***/logs/dag_id=booking_ingestion/run_id=scheduled__2024-01-02T00:00:00+00:00/task_id=create_table permission to 509: [Errno 1] Operation not permitted: '/opt/***/logs/dag_id=booking_ingestion/run_id=scheduled__2024-01-02T00:00:00+00:00/task_id=create_table'
[2024-01-03T19:53:24.339+0000] {logging_mixin.py:151} INFO - Changing /opt/***/logs/dag_id=booking_ingestion/run_id=scheduled__2024-01-02T00:00:00+00:00/task_id=create_table permission to 509
[2024-01-03T19:53:24.340+0000] {logging_mixin.py:151} INFO - Failed to change /opt/***/logs/dag_id=booking_ingestion/run_id=scheduled__2024-01-02T00:00:00+00:00/task_id=create_table permission to 509: [Errno 1] Operation not permitted: '/opt/***/logs/dag_id=booking_ingestion/run_id=scheduled__2024-01-02T00:00:00+00:00/task_id=create_table'
[2024-01-03T19:53:24.394+0000] {taskinstance.py:1159} INFO - Dependencies all met for dep_context=non-requeueable deps ti=<TaskInstance: booking_ingestion.create_table scheduled__2024-01-02T00:00:00+00:00 [queued]>
[2024-01-03T19:53:24.409+0000] {taskinstance.py:1159} INFO - Dependencies all met for dep_context=requeueable deps ti=<TaskInstance: booking_ingestion.create_table scheduled__2024-01-02T00:00:00+00:00 [queued]>
[2024-01-03T19:53:24.409+0000] {taskinstance.py:1361} INFO - Starting attempt 1 of 6
[2024-01-03T19:53:24.455+0000] {taskinstance.py:1382} INFO - Executing <Task(_PythonDecoratedOperator): create_table> on 2024-01-02 00:00:00+00:00
[2024-01-03T19:53:24.475+0000] {standard_task_runner.py:57} INFO - Started process 3556 to run task
[2024-01-03T19:53:24.479+0000] {standard_task_runner.py:84} INFO - Running: ['***', 'tasks', 'run', 'booking_ingestion', 'create_table', 'scheduled__2024-01-02T00:00:00+00:00', '--job-id', '23', '--raw', '--subdir', 'DAGS_FOLDER/dag_with_postgres_operator.py', '--cfg-path', '/tmp/tmpstrci5lr']
[2024-01-03T19:53:24.483+0000] {standard_task_runner.py:85} INFO - Job 23: Subtask create_table
[2024-01-03T19:53:24.571+0000] {logging_mixin.py:151} INFO - Changing /opt/***/logs/dag_id=booking_ingestion/run_id=scheduled__2024-01-02T00:00:00+00:00/task_id=create_table permission to 509
[2024-01-03T19:53:24.572+0000] {logging_mixin.py:151} INFO - Failed to change /opt/***/logs/dag_id=booking_ingestion/run_id=scheduled__2024-01-02T00:00:00+00:00/task_id=create_table permission to 509: [Errno 1] Operation not permitted: '/opt/***/logs/dag_id=booking_ingestion/run_id=scheduled__2024-01-02T00:00:00+00:00/task_id=create_table'
[2024-01-03T19:53:24.574+0000] {task_command.py:415} INFO - Running <TaskInstance: booking_ingestion.create_table scheduled__2024-01-02T00:00:00+00:00 [running]> on host 7bf68de21308
[2024-01-03T19:53:24.987+0000] {taskinstance.py:1660} INFO - Exporting env vars: AIRFLOW_CTX_DAG_OWNER='***' AIRFLOW_CTX_DAG_ID='booking_ingestion' AIRFLOW_CTX_TASK_ID='create_table' AIRFLOW_CTX_EXECUTION_DATE='2024-01-02T00:00:00+00:00' AIRFLOW_CTX_TRY_NUMBER='1' AIRFLOW_CTX_DAG_RUN_ID='scheduled__2024-01-02T00:00:00+00:00'
[2024-01-03T19:53:25.000+0000] {base.py:73} INFO - Using connection ID 'postgres_localhost' for task execution.
[2024-01-03T19:53:25.022+0000] {python.py:194} INFO - Done. Returned value was: None
[2024-01-03T19:53:25.039+0000] {taskinstance.py:1400} INFO - Marking task as SUCCESS. dag_id=booking_ingestion, task_id=create_table, execution_date=20240102T000000, start_date=20240103T195324, end_date=20240103T195325
[2024-01-03T19:53:25.174+0000] {local_task_job_runner.py:228} INFO - Task exited with return code 0
[2024-01-03T19:53:25.235+0000] {taskinstance.py:2784} INFO - 0 downstream tasks scheduled from follow-on schedule check
[2024-01-03T19:59:38.064+0000] {logging_mixin.py:151} INFO - Changing /opt/***/logs/dag_id=booking_ingestion/run_id=scheduled__2024-01-02T00:00:00+00:00/task_id=create_table permission to 509
[2024-01-03T19:59:38.065+0000] {logging_mixin.py:151} INFO - Failed to change /opt/***/logs/dag_id=booking_ingestion/run_id=scheduled__2024-01-02T00:00:00+00:00/task_id=create_table permission to 509: [Errno 1] Operation not permitted: '/opt/***/logs/dag_id=booking_ingestion/run_id=scheduled__2024-01-02T00:00:00+00:00/task_id=create_table'
[2024-01-03T19:59:38.147+0000] {logging_mixin.py:151} INFO - Changing /opt/***/logs/dag_id=booking_ingestion/run_id=scheduled__2024-01-02T00:00:00+00:00/task_id=create_table permission to 509
[2024-01-03T19:59:38.148+0000] {logging_mixin.py:151} INFO - Failed to change /opt/***/logs/dag_id=booking_ingestion/run_id=scheduled__2024-01-02T00:00:00+00:00/task_id=create_table permission to 509: [Errno 1] Operation not permitted: '/opt/***/logs/dag_id=booking_ingestion/run_id=scheduled__2024-01-02T00:00:00+00:00/task_id=create_table'
[2024-01-03T19:59:38.204+0000] {taskinstance.py:1159} INFO - Dependencies all met for dep_context=non-requeueable deps ti=<TaskInstance: booking_ingestion.create_table scheduled__2024-01-02T00:00:00+00:00 [queued]>
[2024-01-03T19:59:38.219+0000] {taskinstance.py:1159} INFO - Dependencies all met for dep_context=requeueable deps ti=<TaskInstance: booking_ingestion.create_table scheduled__2024-01-02T00:00:00+00:00 [queued]>
[2024-01-03T19:59:38.220+0000] {taskinstance.py:1361} INFO - Starting attempt 1 of 6
[2024-01-03T19:59:38.267+0000] {taskinstance.py:1382} INFO - Executing <Task(_PythonDecoratedOperator): create_table> on 2024-01-02 00:00:00+00:00
[2024-01-03T19:59:38.282+0000] {standard_task_runner.py:57} INFO - Started process 3755 to run task
[2024-01-03T19:59:38.288+0000] {standard_task_runner.py:84} INFO - Running: ['***', 'tasks', 'run', 'booking_ingestion', 'create_table', 'scheduled__2024-01-02T00:00:00+00:00', '--job-id', '27', '--raw', '--subdir', 'DAGS_FOLDER/dag_with_postgres_operator.py', '--cfg-path', '/tmp/tmpnu406k9r']
[2024-01-03T19:59:38.291+0000] {standard_task_runner.py:85} INFO - Job 27: Subtask create_table
[2024-01-03T19:59:38.387+0000] {logging_mixin.py:151} INFO - Changing /opt/***/logs/dag_id=booking_ingestion/run_id=scheduled__2024-01-02T00:00:00+00:00/task_id=create_table permission to 509
[2024-01-03T19:59:38.389+0000] {logging_mixin.py:151} INFO - Failed to change /opt/***/logs/dag_id=booking_ingestion/run_id=scheduled__2024-01-02T00:00:00+00:00/task_id=create_table permission to 509: [Errno 1] Operation not permitted: '/opt/***/logs/dag_id=booking_ingestion/run_id=scheduled__2024-01-02T00:00:00+00:00/task_id=create_table'
[2024-01-03T19:59:38.392+0000] {task_command.py:415} INFO - Running <TaskInstance: booking_ingestion.create_table scheduled__2024-01-02T00:00:00+00:00 [running]> on host 7bf68de21308
[2024-01-03T19:59:38.803+0000] {taskinstance.py:1660} INFO - Exporting env vars: AIRFLOW_CTX_DAG_OWNER='***' AIRFLOW_CTX_DAG_ID='booking_ingestion' AIRFLOW_CTX_TASK_ID='create_table' AIRFLOW_CTX_EXECUTION_DATE='2024-01-02T00:00:00+00:00' AIRFLOW_CTX_TRY_NUMBER='1' AIRFLOW_CTX_DAG_RUN_ID='scheduled__2024-01-02T00:00:00+00:00'
[2024-01-03T19:59:38.824+0000] {base.py:73} INFO - Using connection ID 'postgres_localhost' for task execution.
[2024-01-03T19:59:38.932+0000] {python.py:194} INFO - Done. Returned value was: None
[2024-01-03T19:59:38.948+0000] {taskinstance.py:1400} INFO - Marking task as SUCCESS. dag_id=booking_ingestion, task_id=create_table, execution_date=20240102T000000, start_date=20240103T195938, end_date=20240103T195938
[2024-01-03T19:59:39.022+0000] {local_task_job_runner.py:228} INFO - Task exited with return code 0
[2024-01-03T19:59:39.073+0000] {taskinstance.py:2784} INFO - 1 downstream tasks scheduled from follow-on schedule check
[2024-01-03T20:03:33.430+0000] {logging_mixin.py:151} INFO - Changing /opt/***/logs/dag_id=booking_ingestion/run_id=scheduled__2024-01-02T00:00:00+00:00/task_id=create_table permission to 509
[2024-01-03T20:03:33.431+0000] {logging_mixin.py:151} INFO - Failed to change /opt/***/logs/dag_id=booking_ingestion/run_id=scheduled__2024-01-02T00:00:00+00:00/task_id=create_table permission to 509: [Errno 1] Operation not permitted: '/opt/***/logs/dag_id=booking_ingestion/run_id=scheduled__2024-01-02T00:00:00+00:00/task_id=create_table'
[2024-01-03T20:03:33.534+0000] {logging_mixin.py:151} INFO - Changing /opt/***/logs/dag_id=booking_ingestion/run_id=scheduled__2024-01-02T00:00:00+00:00/task_id=create_table permission to 509
[2024-01-03T20:03:33.535+0000] {logging_mixin.py:151} INFO - Failed to change /opt/***/logs/dag_id=booking_ingestion/run_id=scheduled__2024-01-02T00:00:00+00:00/task_id=create_table permission to 509: [Errno 1] Operation not permitted: '/opt/***/logs/dag_id=booking_ingestion/run_id=scheduled__2024-01-02T00:00:00+00:00/task_id=create_table'
[2024-01-03T20:03:33.590+0000] {taskinstance.py:1159} INFO - Dependencies all met for dep_context=non-requeueable deps ti=<TaskInstance: booking_ingestion.create_table scheduled__2024-01-02T00:00:00+00:00 [queued]>
[2024-01-03T20:03:33.605+0000] {taskinstance.py:1159} INFO - Dependencies all met for dep_context=requeueable deps ti=<TaskInstance: booking_ingestion.create_table scheduled__2024-01-02T00:00:00+00:00 [queued]>
[2024-01-03T20:03:33.606+0000] {taskinstance.py:1361} INFO - Starting attempt 1 of 6
[2024-01-03T20:03:33.647+0000] {taskinstance.py:1382} INFO - Executing <Task(_PythonDecoratedOperator): create_table> on 2024-01-02 00:00:00+00:00
[2024-01-03T20:03:33.654+0000] {standard_task_runner.py:57} INFO - Started process 3881 to run task
[2024-01-03T20:03:33.658+0000] {standard_task_runner.py:84} INFO - Running: ['***', 'tasks', 'run', 'booking_ingestion', 'create_table', 'scheduled__2024-01-02T00:00:00+00:00', '--job-id', '30', '--raw', '--subdir', 'DAGS_FOLDER/dag_with_postgres_operator.py', '--cfg-path', '/tmp/tmpn33d7dat']
[2024-01-03T20:03:33.661+0000] {standard_task_runner.py:85} INFO - Job 30: Subtask create_table
[2024-01-03T20:03:33.750+0000] {logging_mixin.py:151} INFO - Changing /opt/***/logs/dag_id=booking_ingestion/run_id=scheduled__2024-01-02T00:00:00+00:00/task_id=create_table permission to 509
[2024-01-03T20:03:33.751+0000] {logging_mixin.py:151} INFO - Failed to change /opt/***/logs/dag_id=booking_ingestion/run_id=scheduled__2024-01-02T00:00:00+00:00/task_id=create_table permission to 509: [Errno 1] Operation not permitted: '/opt/***/logs/dag_id=booking_ingestion/run_id=scheduled__2024-01-02T00:00:00+00:00/task_id=create_table'
[2024-01-03T20:03:33.753+0000] {task_command.py:415} INFO - Running <TaskInstance: booking_ingestion.create_table scheduled__2024-01-02T00:00:00+00:00 [running]> on host 7bf68de21308
[2024-01-03T20:03:34.146+0000] {taskinstance.py:1660} INFO - Exporting env vars: AIRFLOW_CTX_DAG_OWNER='***' AIRFLOW_CTX_DAG_ID='booking_ingestion' AIRFLOW_CTX_TASK_ID='create_table' AIRFLOW_CTX_EXECUTION_DATE='2024-01-02T00:00:00+00:00' AIRFLOW_CTX_TRY_NUMBER='1' AIRFLOW_CTX_DAG_RUN_ID='scheduled__2024-01-02T00:00:00+00:00'
[2024-01-03T20:03:34.163+0000] {base.py:73} INFO - Using connection ID 'postgres_localhost' for task execution.
[2024-01-03T20:03:34.323+0000] {python.py:194} INFO - Done. Returned value was: None
[2024-01-03T20:03:34.339+0000] {taskinstance.py:1400} INFO - Marking task as SUCCESS. dag_id=booking_ingestion, task_id=create_table, execution_date=20240102T000000, start_date=20240103T200333, end_date=20240103T200334
[2024-01-03T20:03:34.450+0000] {local_task_job_runner.py:228} INFO - Task exited with return code 0
[2024-01-03T20:03:34.484+0000] {taskinstance.py:2784} INFO - 1 downstream tasks scheduled from follow-on schedule check
[2024-01-03T20:05:12.705+0000] {logging_mixin.py:151} INFO - Changing /opt/***/logs/dag_id=booking_ingestion/run_id=scheduled__2024-01-02T00:00:00+00:00/task_id=create_table permission to 509
[2024-01-03T20:05:12.707+0000] {logging_mixin.py:151} INFO - Failed to change /opt/***/logs/dag_id=booking_ingestion/run_id=scheduled__2024-01-02T00:00:00+00:00/task_id=create_table permission to 509: [Errno 1] Operation not permitted: '/opt/***/logs/dag_id=booking_ingestion/run_id=scheduled__2024-01-02T00:00:00+00:00/task_id=create_table'
[2024-01-03T20:05:12.777+0000] {logging_mixin.py:151} INFO - Changing /opt/***/logs/dag_id=booking_ingestion/run_id=scheduled__2024-01-02T00:00:00+00:00/task_id=create_table permission to 509
[2024-01-03T20:05:12.778+0000] {logging_mixin.py:151} INFO - Failed to change /opt/***/logs/dag_id=booking_ingestion/run_id=scheduled__2024-01-02T00:00:00+00:00/task_id=create_table permission to 509: [Errno 1] Operation not permitted: '/opt/***/logs/dag_id=booking_ingestion/run_id=scheduled__2024-01-02T00:00:00+00:00/task_id=create_table'
[2024-01-03T20:05:12.834+0000] {taskinstance.py:1159} INFO - Dependencies all met for dep_context=non-requeueable deps ti=<TaskInstance: booking_ingestion.create_table scheduled__2024-01-02T00:00:00+00:00 [queued]>
[2024-01-03T20:05:12.847+0000] {taskinstance.py:1159} INFO - Dependencies all met for dep_context=requeueable deps ti=<TaskInstance: booking_ingestion.create_table scheduled__2024-01-02T00:00:00+00:00 [queued]>
[2024-01-03T20:05:12.848+0000] {taskinstance.py:1361} INFO - Starting attempt 1 of 6
[2024-01-03T20:05:12.891+0000] {taskinstance.py:1382} INFO - Executing <Task(_PythonDecoratedOperator): create_table> on 2024-01-02 00:00:00+00:00
[2024-01-03T20:05:12.899+0000] {standard_task_runner.py:57} INFO - Started process 3934 to run task
[2024-01-03T20:05:12.905+0000] {standard_task_runner.py:84} INFO - Running: ['***', 'tasks', 'run', 'booking_ingestion', 'create_table', 'scheduled__2024-01-02T00:00:00+00:00', '--job-id', '33', '--raw', '--subdir', 'DAGS_FOLDER/dag_with_postgres_operator.py', '--cfg-path', '/tmp/tmpkrfbg1hv']
[2024-01-03T20:05:12.910+0000] {standard_task_runner.py:85} INFO - Job 33: Subtask create_table
[2024-01-03T20:05:13.013+0000] {logging_mixin.py:151} INFO - Changing /opt/***/logs/dag_id=booking_ingestion/run_id=scheduled__2024-01-02T00:00:00+00:00/task_id=create_table permission to 509
[2024-01-03T20:05:13.014+0000] {logging_mixin.py:151} INFO - Failed to change /opt/***/logs/dag_id=booking_ingestion/run_id=scheduled__2024-01-02T00:00:00+00:00/task_id=create_table permission to 509: [Errno 1] Operation not permitted: '/opt/***/logs/dag_id=booking_ingestion/run_id=scheduled__2024-01-02T00:00:00+00:00/task_id=create_table'
[2024-01-03T20:05:13.017+0000] {task_command.py:415} INFO - Running <TaskInstance: booking_ingestion.create_table scheduled__2024-01-02T00:00:00+00:00 [running]> on host 7bf68de21308
[2024-01-03T20:05:13.446+0000] {taskinstance.py:1660} INFO - Exporting env vars: AIRFLOW_CTX_DAG_OWNER='***' AIRFLOW_CTX_DAG_ID='booking_ingestion' AIRFLOW_CTX_TASK_ID='create_table' AIRFLOW_CTX_EXECUTION_DATE='2024-01-02T00:00:00+00:00' AIRFLOW_CTX_TRY_NUMBER='1' AIRFLOW_CTX_DAG_RUN_ID='scheduled__2024-01-02T00:00:00+00:00'
[2024-01-03T20:05:13.457+0000] {base.py:73} INFO - Using connection ID 'postgres_localhost' for task execution.
[2024-01-03T20:05:13.500+0000] {python.py:194} INFO - Done. Returned value was: None
[2024-01-03T20:05:13.517+0000] {taskinstance.py:1400} INFO - Marking task as SUCCESS. dag_id=booking_ingestion, task_id=create_table, execution_date=20240102T000000, start_date=20240103T200512, end_date=20240103T200513
[2024-01-03T20:05:13.560+0000] {local_task_job_runner.py:228} INFO - Task exited with return code 0
[2024-01-03T20:05:13.595+0000] {taskinstance.py:2784} INFO - 1 downstream tasks scheduled from follow-on schedule check
[2024-01-03T20:11:10.270+0000] {logging_mixin.py:151} INFO - Changing /opt/***/logs/dag_id=booking_ingestion/run_id=scheduled__2024-01-02T00:00:00+00:00/task_id=create_table permission to 509
[2024-01-03T20:11:10.271+0000] {logging_mixin.py:151} INFO - Failed to change /opt/***/logs/dag_id=booking_ingestion/run_id=scheduled__2024-01-02T00:00:00+00:00/task_id=create_table permission to 509: [Errno 1] Operation not permitted: '/opt/***/logs/dag_id=booking_ingestion/run_id=scheduled__2024-01-02T00:00:00+00:00/task_id=create_table'
[2024-01-03T20:11:10.342+0000] {logging_mixin.py:151} INFO - Changing /opt/***/logs/dag_id=booking_ingestion/run_id=scheduled__2024-01-02T00:00:00+00:00/task_id=create_table permission to 509
[2024-01-03T20:11:10.343+0000] {logging_mixin.py:151} INFO - Failed to change /opt/***/logs/dag_id=booking_ingestion/run_id=scheduled__2024-01-02T00:00:00+00:00/task_id=create_table permission to 509: [Errno 1] Operation not permitted: '/opt/***/logs/dag_id=booking_ingestion/run_id=scheduled__2024-01-02T00:00:00+00:00/task_id=create_table'
[2024-01-03T20:11:10.393+0000] {taskinstance.py:1159} INFO - Dependencies all met for dep_context=non-requeueable deps ti=<TaskInstance: booking_ingestion.create_table scheduled__2024-01-02T00:00:00+00:00 [queued]>
[2024-01-03T20:11:10.405+0000] {taskinstance.py:1159} INFO - Dependencies all met for dep_context=requeueable deps ti=<TaskInstance: booking_ingestion.create_table scheduled__2024-01-02T00:00:00+00:00 [queued]>
[2024-01-03T20:11:10.406+0000] {taskinstance.py:1361} INFO - Starting attempt 1 of 6
[2024-01-03T20:11:10.439+0000] {taskinstance.py:1382} INFO - Executing <Task(_PythonDecoratedOperator): create_table> on 2024-01-02 00:00:00+00:00
[2024-01-03T20:11:10.446+0000] {standard_task_runner.py:57} INFO - Started process 4105 to run task
[2024-01-03T20:11:10.450+0000] {standard_task_runner.py:84} INFO - Running: ['***', 'tasks', 'run', 'booking_ingestion', 'create_table', 'scheduled__2024-01-02T00:00:00+00:00', '--job-id', '37', '--raw', '--subdir', 'DAGS_FOLDER/dag_with_postgres_operator.py', '--cfg-path', '/tmp/tmpfhnwnied']
[2024-01-03T20:11:10.453+0000] {standard_task_runner.py:85} INFO - Job 37: Subtask create_table
[2024-01-03T20:11:10.558+0000] {logging_mixin.py:151} INFO - Changing /opt/***/logs/dag_id=booking_ingestion/run_id=scheduled__2024-01-02T00:00:00+00:00/task_id=create_table permission to 509
[2024-01-03T20:11:10.559+0000] {logging_mixin.py:151} INFO - Failed to change /opt/***/logs/dag_id=booking_ingestion/run_id=scheduled__2024-01-02T00:00:00+00:00/task_id=create_table permission to 509: [Errno 1] Operation not permitted: '/opt/***/logs/dag_id=booking_ingestion/run_id=scheduled__2024-01-02T00:00:00+00:00/task_id=create_table'
[2024-01-03T20:11:10.562+0000] {task_command.py:415} INFO - Running <TaskInstance: booking_ingestion.create_table scheduled__2024-01-02T00:00:00+00:00 [running]> on host 7bf68de21308
[2024-01-03T20:11:10.895+0000] {taskinstance.py:1660} INFO - Exporting env vars: AIRFLOW_CTX_DAG_OWNER='***' AIRFLOW_CTX_DAG_ID='booking_ingestion' AIRFLOW_CTX_TASK_ID='create_table' AIRFLOW_CTX_EXECUTION_DATE='2024-01-02T00:00:00+00:00' AIRFLOW_CTX_TRY_NUMBER='1' AIRFLOW_CTX_DAG_RUN_ID='scheduled__2024-01-02T00:00:00+00:00'
[2024-01-03T20:11:10.906+0000] {base.py:73} INFO - Using connection ID 'postgres_localhost' for task execution.
[2024-01-03T20:11:10.953+0000] {python.py:194} INFO - Done. Returned value was: None
[2024-01-03T20:11:10.968+0000] {taskinstance.py:1400} INFO - Marking task as SUCCESS. dag_id=booking_ingestion, task_id=create_table, execution_date=20240102T000000, start_date=20240103T201110, end_date=20240103T201110
[2024-01-03T20:11:11.066+0000] {local_task_job_runner.py:228} INFO - Task exited with return code 0
[2024-01-03T20:11:11.098+0000] {taskinstance.py:2784} INFO - 1 downstream tasks scheduled from follow-on schedule check
[2024-01-03T20:17:23.793+0000] {logging_mixin.py:151} INFO - Changing /opt/***/logs/dag_id=booking_ingestion/run_id=scheduled__2024-01-02T00:00:00+00:00/task_id=create_table permission to 509
[2024-01-03T20:17:23.795+0000] {logging_mixin.py:151} INFO - Failed to change /opt/***/logs/dag_id=booking_ingestion/run_id=scheduled__2024-01-02T00:00:00+00:00/task_id=create_table permission to 509: [Errno 1] Operation not permitted: '/opt/***/logs/dag_id=booking_ingestion/run_id=scheduled__2024-01-02T00:00:00+00:00/task_id=create_table'
[2024-01-03T20:17:23.856+0000] {logging_mixin.py:151} INFO - Changing /opt/***/logs/dag_id=booking_ingestion/run_id=scheduled__2024-01-02T00:00:00+00:00/task_id=create_table permission to 509
[2024-01-03T20:17:23.857+0000] {logging_mixin.py:151} INFO - Failed to change /opt/***/logs/dag_id=booking_ingestion/run_id=scheduled__2024-01-02T00:00:00+00:00/task_id=create_table permission to 509: [Errno 1] Operation not permitted: '/opt/***/logs/dag_id=booking_ingestion/run_id=scheduled__2024-01-02T00:00:00+00:00/task_id=create_table'
[2024-01-03T20:17:23.913+0000] {taskinstance.py:1159} INFO - Dependencies all met for dep_context=non-requeueable deps ti=<TaskInstance: booking_ingestion.create_table scheduled__2024-01-02T00:00:00+00:00 [queued]>
[2024-01-03T20:17:23.927+0000] {taskinstance.py:1159} INFO - Dependencies all met for dep_context=requeueable deps ti=<TaskInstance: booking_ingestion.create_table scheduled__2024-01-02T00:00:00+00:00 [queued]>
[2024-01-03T20:17:23.928+0000] {taskinstance.py:1361} INFO - Starting attempt 1 of 6
[2024-01-03T20:17:23.978+0000] {taskinstance.py:1382} INFO - Executing <Task(_PythonDecoratedOperator): create_table> on 2024-01-02 00:00:00+00:00
[2024-01-03T20:17:23.988+0000] {standard_task_runner.py:57} INFO - Started process 4303 to run task
[2024-01-03T20:17:23.994+0000] {standard_task_runner.py:84} INFO - Running: ['***', 'tasks', 'run', 'booking_ingestion', 'create_table', 'scheduled__2024-01-02T00:00:00+00:00', '--job-id', '41', '--raw', '--subdir', 'DAGS_FOLDER/dag_with_postgres_operator.py', '--cfg-path', '/tmp/tmpqs5fai0y']
[2024-01-03T20:17:23.998+0000] {standard_task_runner.py:85} INFO - Job 41: Subtask create_table
[2024-01-03T20:17:24.103+0000] {logging_mixin.py:151} INFO - Changing /opt/***/logs/dag_id=booking_ingestion/run_id=scheduled__2024-01-02T00:00:00+00:00/task_id=create_table permission to 509
[2024-01-03T20:17:24.104+0000] {logging_mixin.py:151} INFO - Failed to change /opt/***/logs/dag_id=booking_ingestion/run_id=scheduled__2024-01-02T00:00:00+00:00/task_id=create_table permission to 509: [Errno 1] Operation not permitted: '/opt/***/logs/dag_id=booking_ingestion/run_id=scheduled__2024-01-02T00:00:00+00:00/task_id=create_table'
[2024-01-03T20:17:24.106+0000] {task_command.py:415} INFO - Running <TaskInstance: booking_ingestion.create_table scheduled__2024-01-02T00:00:00+00:00 [running]> on host 7bf68de21308
[2024-01-03T20:17:24.456+0000] {taskinstance.py:1660} INFO - Exporting env vars: AIRFLOW_CTX_DAG_OWNER='***' AIRFLOW_CTX_DAG_ID='booking_ingestion' AIRFLOW_CTX_TASK_ID='create_table' AIRFLOW_CTX_EXECUTION_DATE='2024-01-02T00:00:00+00:00' AIRFLOW_CTX_TRY_NUMBER='1' AIRFLOW_CTX_DAG_RUN_ID='scheduled__2024-01-02T00:00:00+00:00'
[2024-01-03T20:17:24.511+0000] {python.py:194} INFO - Done. Returned value was: None
[2024-01-03T20:17:24.526+0000] {taskinstance.py:1400} INFO - Marking task as SUCCESS. dag_id=booking_ingestion, task_id=create_table, execution_date=20240102T000000, start_date=20240103T201723, end_date=20240103T201724
[2024-01-03T20:17:24.609+0000] {local_task_job_runner.py:228} INFO - Task exited with return code 0
[2024-01-03T20:17:24.662+0000] {taskinstance.py:2784} INFO - 1 downstream tasks scheduled from follow-on schedule check
