[2024-01-03T13:46:42.747+0000] {taskinstance.py:1159} INFO - Dependencies all met for dep_context=non-requeueable deps ti=<TaskInstance: booking_ingestion_new.print_success_msg scheduled__2024-01-02T00:00:00+00:00 [queued]>
[2024-01-03T13:46:42.762+0000] {taskinstance.py:1159} INFO - Dependencies all met for dep_context=requeueable deps ti=<TaskInstance: booking_ingestion_new.print_success_msg scheduled__2024-01-02T00:00:00+00:00 [queued]>
[2024-01-03T13:46:42.763+0000] {taskinstance.py:1361} INFO - Starting attempt 1 of 1
[2024-01-03T13:46:42.850+0000] {taskinstance.py:1382} INFO - Executing <Task(_PythonDecoratedOperator): print_success_msg> on 2024-01-02 00:00:00+00:00
[2024-01-03T13:46:42.860+0000] {standard_task_runner.py:57} INFO - Started process 333 to run task
[2024-01-03T13:46:42.867+0000] {standard_task_runner.py:84} INFO - Running: ['***', 'tasks', 'run', 'booking_ingestion_new', 'print_success_msg', 'scheduled__2024-01-02T00:00:00+00:00', '--job-id', '91', '--raw', '--subdir', 'DAGS_FOLDER/dag_with_postgres_operator3.py', '--cfg-path', '/tmp/tmpqlfyxwt7']
[2024-01-03T13:46:42.871+0000] {standard_task_runner.py:85} INFO - Job 91: Subtask print_success_msg
[2024-01-03T13:46:43.110+0000] {task_command.py:415} INFO - Running <TaskInstance: booking_ingestion_new.print_success_msg scheduled__2024-01-02T00:00:00+00:00 [running]> on host 1aef81c6d4c5
[2024-01-03T13:46:43.387+0000] {taskinstance.py:1660} INFO - Exporting env vars: AIRFLOW_CTX_DAG_OWNER='***' AIRFLOW_CTX_DAG_ID='booking_ingestion_new' AIRFLOW_CTX_TASK_ID='print_success_msg' AIRFLOW_CTX_EXECUTION_DATE='2024-01-02T00:00:00+00:00' AIRFLOW_CTX_TRY_NUMBER='1' AIRFLOW_CTX_DAG_RUN_ID='scheduled__2024-01-02T00:00:00+00:00'
[2024-01-03T13:46:43.389+0000] {python.py:194} INFO - Done. Returned value was: Succesfully inserted data to booking_record table
[2024-01-03T13:46:44.532+0000] {taskinstance.py:1400} INFO - Marking task as SUCCESS. dag_id=booking_ingestion_new, task_id=print_success_msg, execution_date=20240102T000000, start_date=20240103T134642, end_date=20240103T134644
[2024-01-03T13:46:45.995+0000] {local_task_job_runner.py:228} INFO - Task exited with return code 0
[2024-01-03T13:46:46.017+0000] {taskinstance.py:2784} INFO - 0 downstream tasks scheduled from follow-on schedule check
[2024-01-03T13:59:04.087+0000] {taskinstance.py:1159} INFO - Dependencies all met for dep_context=non-requeueable deps ti=<TaskInstance: booking_ingestion_new.print_success_msg scheduled__2024-01-02T00:00:00+00:00 [queued]>
[2024-01-03T13:59:04.123+0000] {taskinstance.py:1159} INFO - Dependencies all met for dep_context=requeueable deps ti=<TaskInstance: booking_ingestion_new.print_success_msg scheduled__2024-01-02T00:00:00+00:00 [queued]>
[2024-01-03T13:59:04.124+0000] {taskinstance.py:1361} INFO - Starting attempt 1 of 1
[2024-01-03T13:59:04.187+0000] {taskinstance.py:1382} INFO - Executing <Task(_PythonDecoratedOperator): print_success_msg> on 2024-01-02 00:00:00+00:00
[2024-01-03T13:59:04.194+0000] {standard_task_runner.py:57} INFO - Started process 994 to run task
[2024-01-03T13:59:04.198+0000] {standard_task_runner.py:84} INFO - Running: ['***', 'tasks', 'run', 'booking_ingestion_new', 'print_success_msg', 'scheduled__2024-01-02T00:00:00+00:00', '--job-id', '95', '--raw', '--subdir', 'DAGS_FOLDER/dag_with_postgres_operator3.py', '--cfg-path', '/tmp/tmp225jakej']
[2024-01-03T13:59:04.201+0000] {standard_task_runner.py:85} INFO - Job 95: Subtask print_success_msg
[2024-01-03T13:59:04.284+0000] {task_command.py:415} INFO - Running <TaskInstance: booking_ingestion_new.print_success_msg scheduled__2024-01-02T00:00:00+00:00 [running]> on host 1aef81c6d4c5
[2024-01-03T13:59:04.704+0000] {taskinstance.py:1660} INFO - Exporting env vars: AIRFLOW_CTX_DAG_OWNER='***' AIRFLOW_CTX_DAG_ID='booking_ingestion_new' AIRFLOW_CTX_TASK_ID='print_success_msg' AIRFLOW_CTX_EXECUTION_DATE='2024-01-02T00:00:00+00:00' AIRFLOW_CTX_TRY_NUMBER='1' AIRFLOW_CTX_DAG_RUN_ID='scheduled__2024-01-02T00:00:00+00:00'
[2024-01-03T13:59:04.706+0000] {python.py:194} INFO - Done. Returned value was: Succesfully inserted data to booking_record table
[2024-01-03T13:59:04.769+0000] {taskinstance.py:1400} INFO - Marking task as SUCCESS. dag_id=booking_ingestion_new, task_id=print_success_msg, execution_date=20240102T000000, start_date=20240103T135904, end_date=20240103T135904
[2024-01-03T13:59:04.853+0000] {local_task_job_runner.py:228} INFO - Task exited with return code 0
[2024-01-03T13:59:04.874+0000] {taskinstance.py:2784} INFO - 0 downstream tasks scheduled from follow-on schedule check
