[2024-01-03T13:46:23.278+0000] {taskinstance.py:1159} INFO - Dependencies all met for dep_context=non-requeueable deps ti=<TaskInstance: booking_ingestion_new.transform_data scheduled__2024-01-02T00:00:00+00:00 [queued]>
[2024-01-03T13:46:23.292+0000] {taskinstance.py:1159} INFO - Dependencies all met for dep_context=requeueable deps ti=<TaskInstance: booking_ingestion_new.transform_data scheduled__2024-01-02T00:00:00+00:00 [queued]>
[2024-01-03T13:46:23.293+0000] {taskinstance.py:1361} INFO - Starting attempt 1 of 1
[2024-01-03T13:46:23.339+0000] {taskinstance.py:1382} INFO - Executing <Task(_PythonDecoratedOperator): transform_data> on 2024-01-02 00:00:00+00:00
[2024-01-03T13:46:23.346+0000] {standard_task_runner.py:57} INFO - Started process 298 to run task
[2024-01-03T13:46:23.350+0000] {standard_task_runner.py:84} INFO - Running: ['***', 'tasks', 'run', 'booking_ingestion_new', 'transform_data', 'scheduled__2024-01-02T00:00:00+00:00', '--job-id', '88', '--raw', '--subdir', 'DAGS_FOLDER/dag_with_postgres_operator3.py', '--cfg-path', '/tmp/tmp966gh7ai']
[2024-01-03T13:46:23.354+0000] {standard_task_runner.py:85} INFO - Job 88: Subtask transform_data
[2024-01-03T13:46:23.459+0000] {task_command.py:415} INFO - Running <TaskInstance: booking_ingestion_new.transform_data scheduled__2024-01-02T00:00:00+00:00 [running]> on host 1aef81c6d4c5
[2024-01-03T13:46:23.988+0000] {taskinstance.py:1660} INFO - Exporting env vars: AIRFLOW_CTX_DAG_OWNER='***' AIRFLOW_CTX_DAG_ID='booking_ingestion_new' AIRFLOW_CTX_TASK_ID='transform_data' AIRFLOW_CTX_EXECUTION_DATE='2024-01-02T00:00:00+00:00' AIRFLOW_CTX_TRY_NUMBER='1' AIRFLOW_CTX_DAG_RUN_ID='scheduled__2024-01-02T00:00:00+00:00'
[2024-01-03T13:46:25.634+0000] {logging_mixin.py:151} WARNING - /opt/***/dags/dag_with_postgres_operator3.py:46 UserWarning: The argument 'infer_datetime_format' is deprecated and will be removed in a future version. A strict version of it is now the default, see https://pandas.pydata.org/pdeps/0004-consistent-to-datetime-parsing.html. You can safely remove this argument.
[2024-01-03T13:46:26.358+0000] {python.py:194} INFO - Done. Returned value was: None
[2024-01-03T13:46:26.371+0000] {taskinstance.py:1400} INFO - Marking task as SUCCESS. dag_id=booking_ingestion_new, task_id=transform_data, execution_date=20240102T000000, start_date=20240103T134623, end_date=20240103T134626
[2024-01-03T13:46:26.668+0000] {local_task_job_runner.py:228} INFO - Task exited with return code 0
[2024-01-03T13:46:26.708+0000] {taskinstance.py:2784} INFO - 1 downstream tasks scheduled from follow-on schedule check
[2024-01-03T13:58:53.534+0000] {taskinstance.py:1159} INFO - Dependencies all met for dep_context=non-requeueable deps ti=<TaskInstance: booking_ingestion_new.transform_data scheduled__2024-01-02T00:00:00+00:00 [queued]>
[2024-01-03T13:58:53.564+0000] {taskinstance.py:1159} INFO - Dependencies all met for dep_context=requeueable deps ti=<TaskInstance: booking_ingestion_new.transform_data scheduled__2024-01-02T00:00:00+00:00 [queued]>
[2024-01-03T13:58:53.565+0000] {taskinstance.py:1361} INFO - Starting attempt 1 of 1
[2024-01-03T13:58:53.625+0000] {taskinstance.py:1382} INFO - Executing <Task(_PythonDecoratedOperator): transform_data> on 2024-01-02 00:00:00+00:00
[2024-01-03T13:58:53.632+0000] {standard_task_runner.py:57} INFO - Started process 985 to run task
[2024-01-03T13:58:53.637+0000] {standard_task_runner.py:84} INFO - Running: ['***', 'tasks', 'run', 'booking_ingestion_new', 'transform_data', 'scheduled__2024-01-02T00:00:00+00:00', '--job-id', '92', '--raw', '--subdir', 'DAGS_FOLDER/dag_with_postgres_operator3.py', '--cfg-path', '/tmp/tmphd_zfsdx']
[2024-01-03T13:58:53.640+0000] {standard_task_runner.py:85} INFO - Job 92: Subtask transform_data
[2024-01-03T13:58:53.750+0000] {task_command.py:415} INFO - Running <TaskInstance: booking_ingestion_new.transform_data scheduled__2024-01-02T00:00:00+00:00 [running]> on host 1aef81c6d4c5
[2024-01-03T13:58:54.254+0000] {taskinstance.py:1660} INFO - Exporting env vars: AIRFLOW_CTX_DAG_OWNER='***' AIRFLOW_CTX_DAG_ID='booking_ingestion_new' AIRFLOW_CTX_TASK_ID='transform_data' AIRFLOW_CTX_EXECUTION_DATE='2024-01-02T00:00:00+00:00' AIRFLOW_CTX_TRY_NUMBER='1' AIRFLOW_CTX_DAG_RUN_ID='scheduled__2024-01-02T00:00:00+00:00'
[2024-01-03T13:58:54.292+0000] {logging_mixin.py:151} WARNING - /opt/***/dags/dag_with_postgres_operator3.py:50 UserWarning: The argument 'infer_datetime_format' is deprecated and will be removed in a future version. A strict version of it is now the default, see https://pandas.pydata.org/pdeps/0004-consistent-to-datetime-parsing.html. You can safely remove this argument.
[2024-01-03T13:58:54.311+0000] {python.py:194} INFO - Done. Returned value was: None
[2024-01-03T13:58:54.325+0000] {taskinstance.py:1400} INFO - Marking task as SUCCESS. dag_id=booking_ingestion_new, task_id=transform_data, execution_date=20240102T000000, start_date=20240103T135853, end_date=20240103T135854
[2024-01-03T13:58:54.412+0000] {local_task_job_runner.py:228} INFO - Task exited with return code 0
[2024-01-03T13:58:54.456+0000] {taskinstance.py:2784} INFO - 1 downstream tasks scheduled from follow-on schedule check
